#
# A fatal error has been detected by the Java Runtime Environment:
#
#  EXCEPTION_ACCESS_VIOLATION (0xc0000005) at pc=0x00007ff88db3419e, pid=56036, tid=52564
#
# JRE version: OpenJDK Runtime Environment (23.0.2+7) (build 23.0.2+7-58)
# Java VM: OpenJDK 64-Bit Server VM (23.0.2+7-58, mixed mode, sharing, tiered, compressed oops, compressed class ptrs, g1 gc, windows-amd64)
# Problematic frame:
# V  [jvm.dll+0x44419e]
#
# No core dump will be written. Minidumps are not enabled by default on client versions of Windows
#
# If you would like to submit a bug report, please visit:
#   https://bugreport.java.com/bugreport/crash.jsp
#

---------------  S U M M A R Y ------------

Command Line: -javaagent:C:\Program Files\JetBrains\IntelliJ IDEA 2024.3\lib\idea_rt.jar=57471 -Dfile.encoding=UTF-8 -Dsun.stdout.encoding=UTF-8 -Dsun.stderr.encoding=UTF-8 ch.fhnw.team6.Main

Host: AMD Ryzen 5 5600H with Radeon Graphics         , 12 cores, 15G,  Windows 11 , 64 bit Build 26100 (10.0.26100.3775)
Time: Mon May  5 12:28:09 2025  Windows 11 , 64 bit Build 26100 (10.0.26100.3775) elapsed time: 17.902764 seconds (0d 0h 0m 17s)

---------------  T H R E A D  ---------------

Current thread (0x0000024ae84d0080):  JavaThread "main"             [_thread_in_vm, id=52564, stack(0x000000a8da700000,0x000000a8da800000) (1024K)]

Stack: [0x000000a8da700000,0x000000a8da800000],  sp=0x000000a8da7fce20,  free space=1011k
Native frames: (J=compiled Java code, j=interpreted, Vv=VM code, C=native code)
V  [jvm.dll+0x44419e]  (no source info available)
C  [skija.dll+0xdc10]  (no source info available)
C  [skija.dll+0xc5f4]  (no source info available)
C  0x0000024af813d207  (no source info available)

The last pc belongs to native method entry point (kind = native) (printed below).
Java frames: (J=compiled Java code, j=interpreted, Vv=VM code)
j  io.github.humbleui.skija.Font._nMeasureText(JLjava/lang/String;J)Lio/github/humbleui/types/Rect;+0
j  io.github.humbleui.skija.Font.measureText(Ljava/lang/String;Lio/github/humbleui/skija/Paint;)Lio/github/humbleui/types/Rect;+12
j  ch.fhnw.team6.view.TextPane.draw(Lio/github/humbleui/skija/Canvas;)V+78
j  ch.fhnw.team6.Main.handleFrameEvent(Lio/github/humbleui/jwm/skija/EventFrameSkija;)V+207
j  ch.fhnw.team6.Main.handleEvent(Lio/github/humbleui/jwm/Event;)V+74
j  ch.fhnw.team6.Main$$Lambda+0x0000024a89109738.accept(Ljava/lang/Object;)V+8
j  io.github.humbleui.jwm.Window.accept(Lio/github/humbleui/jwm/Event;)V+86
j  io.github.humbleui.jwm.skija.LayerGLSkija.frame()V+109
j  io.github.humbleui.jwm.Window.accept(Lio/github/humbleui/jwm/Event;)V+69
j  io.github.humbleui.jwm.Window.accept(Ljava/lang/Object;)V+5
v  ~StubRoutines::call_stub 0x0000024af8130fcd
j  io.github.humbleui.jwm.App._nStart(Ljava/lang/Runnable;)V+0
j  io.github.humbleui.jwm.App.start(Ljava/lang/Runnable;)V+17
j  ch.fhnw.team6.Main.start()V+6
j  ch.fhnw.team6.Main.main([Ljava/lang/String;)V+7
v  ~StubRoutines::call_stub 0x0000024af8130fcd

siginfo: EXCEPTION_ACCESS_VIOLATION (0xc0000005), reading address 0x0000000000000000


Registers:
RAX=0x0000000000000000, RBX=0x0000024ae84d0080, RCX=0x0000024ae84d0440, RDX=0x0000000000000000
RSP=0x000000a8da7fce20, RBP=0x000000a8da7fcf98, RSI=0x000000000000a318, RDI=0x0000000000000000
R8 =0x0000024acd1c3160, R9 =0x0000000000000000, R10=0x0000024af813d1d8, R11=0x0000000709dc12b0
R12=0x0000000000000000, R13=0x0000024ac9530c48, R14=0x000000a8da7fcfd8, R15=0x0000024ae84d0080
RIP=0x00007ff88db3419e, EFLAGS=0x0000000000010293


Register to memory mapping:

RAX=0x0 is null
RBX=0x0000024ae84d0080 is a thread
RCX=0x0000024ae84d0440 points into unknown readable memory: 0x00007ff88e2d6e10 | 10 6e 2d 8e f8 7f 00 00
RDX=0x0 is null
RSP=0x000000a8da7fce20 is pointing into the stack for thread: 0x0000024ae84d0080
RBP=0x000000a8da7fcf98 is pointing into the stack for thread: 0x0000024ae84d0080
RSI=0x000000000000a318 is an unknown value
RDI=0x0 is null
R8 =0x0000024acd1c3160 points into unknown readable memory: 0x0000024ad06d7630 | 30 76 6d d0 4a 02 00 00
R9 =0x0 is null
R10=0x0000024af813d1d8 is at code_begin+1016 in an Interpreter codelet
native method entry point (kind = native)  [0x0000024af813cde0, 0x0000024af813d938]  2904 bytes
R11=0x0000000709dc12b0 is an oop: java.lang.Class 
{0x0000000709dc12b0} - klass: 'java/lang/Class'
 - ---- fields (total size 14 words):
 - private volatile transient 'classRedefinedCount' 'I' @12  0 (0x00000000)
 - injected 'klass' 'J' @16  2519150139296 (0x0000024a890c97a0)
 - injected 'array_klass' 'J' @24  0 (0x0000000000000000)
 - injected 'oop_size' 'I' @32  14 (0x0000000e)
 - injected 'static_oop_field_count' 'I' @36  0 (0x00000000)
 - private volatile transient 'cachedConstructor' 'Ljava/lang/reflect/Constructor;' @40  null (0x00000000)
 - private transient 'name' 'Ljava/lang/String;' @44  "io.github.humbleui.skija.Font"{0x0000000709dc1528} (0xe13b82a5)
 - private transient 'module' 'Ljava/lang/Module;' @48  a 'java/lang/Module'{0x0000000709cd5ea8} (0xe139abd5)
 - private final 'classLoader' 'Ljava/lang/ClassLoader;' @52  a 'jdk/internal/loader/ClassLoaders$AppClassLoader'{0x0000000709c65658} (0xe138cacb)
 - private transient 'classData' 'Ljava/lang/Object;' @56  null (0x00000000)
 - private transient 'packageName' 'Ljava/lang/String;' @60  "io.github.humbleui.skija"{0x0000000709cdfae0} (0xe139bf5c)
 - private final 'componentType' 'Ljava/lang/Class;' @64  null (0x00000000)
 - private volatile transient 'reflectionData' 'Ljava/lang/ref/SoftReference;' @68  a 'java/lang/ref/SoftReference'{0x000000071824d458} (0xe3049a8b)
 - private volatile transient 'genericInfo' 'Lsun/reflect/generics/repository/ClassRepository;' @72  null (0x00000000)
 - private volatile transient 'enumConstants' '[Ljava/lang/Object;' @76  null (0x00000000)
 - private volatile transient 'enumConstantDirectory' 'Ljava/util/Map;' @80  null (0x00000000)
 - private volatile transient 'annotationData' 'Ljava/lang/Class$AnnotationData;' @84  null (0x00000000)
 - private volatile transient 'annotationType' 'Lsun/reflect/annotation/AnnotationType;' @88  null (0x00000000)
 - transient 'classValueMap' 'Ljava/lang/ClassValue$ClassValueMap;' @92  null (0x00000000)
 - injected 'protection_domain' 'Ljava/lang/Object;' @96  a 'java/security/ProtectionDomain'{0x0000000709cdfb20} (0xe139bf64)
 - injected 'signers_name' 'Ljava/lang/Object;' @100  null (0x00000000)
 - injected 'source_file' 'Ljava/lang/Object;' @104  null (0x00000000)
 - injected '<init_lock>' 'Ljava/lang/Object;' @108  null (0x00000000)
 - signature: Lio/github/humbleui/skija/Font;
 - ---- static fields (0):
R12=0x0 is null
R13={method} {0x0000024ac9530c50} '_nMeasureText' '(JLjava/lang/String;J)Lio/github/humbleui/types/Rect;' in 'io/github/humbleui/skija/Font'
R14=0x000000a8da7fcfd8 is pointing into the stack for thread: 0x0000024ae84d0080
R15=0x0000024ae84d0080 is a thread

Top of Stack: (sp=0x000000a8da7fce20)
0x000000a8da7fce20:   0000024ac9530c48 0000024ae84d0080
0x000000a8da7fce30:   0000000200000005 0000000000000003
0x000000a8da7fce40:   0000000709db9660 00007ff87b41dc10
0x000000a8da7fce50:   0000024ac9530c48 000000000000a318
0x000000a8da7fce60:   0000000000000000 0000000709db9660
0x000000a8da7fce70:   00007ff88db340f0 0000024ae84d0080
0x000000a8da7fce80:   000000a8da7fcf98 00007ff87b41c5f4
0x000000a8da7fce90:   0000024ae84d0440 0000000000000000
0x000000a8da7fcea0:   0000000000017979 0000024ae84d0080
0x000000a8da7fceb0:   0000024ac9530c48 0000024ae84d0080
0x000000a8da7fcec0:   0000000709db9660 0000024af813d078
0x000000a8da7fced0:   0000024acd106bd0 0000024acd1c3160
0x000000a8da7fcee0:   0000024ae84d0080 00007ff88dac28a1
0x000000a8da7fcef0:   000000000000a318 0000024af813d207
0x000000a8da7fcf00:   0000024ae84d0440 000000a8da7fcfa8
0x000000a8da7fcf10:   0000024acd1c3160 0000000000000000
0x000000a8da7fcf20:   0000024acd106bd0 000000000000a318
0x000000a8da7fcf30:   0000000709db9660 00007ff88dd7d36f
0x000000a8da7fcf40:   3ff0000000000000 0000024af813ce9b
0x000000a8da7fcf50:   fffffffffffffff7 0000024ac9530c48
0x000000a8da7fcf60:   0000000000000008 0000024ac974c330
0x000000a8da7fcf70:   0000000000000000 0000000709dc12b0
0x000000a8da7fcf80:   0000024ac9530c48 0000000000000000
0x000000a8da7fcf90:   000000a8da7fcfb8 000000a8da7fd028
0x000000a8da7fcfa0:   0000024af813889a 0000000709dc12b0
0x000000a8da7fcfb0:   0000024af813a5da 0000024acd106bd0
0x000000a8da7fcfc0:   0000000000000000 0000000000000000
0x000000a8da7fcfd0:   0000024acd1c3160 0000000000000000
0x000000a8da7fcfe0:   fffffffffffffff7 0000024ac952e9ec
0x000000a8da7fcff0:   0000000000000006 0000024ac974c330
0x000000a8da7fd000:   0000000000000000 0000000709dc12b0
0x000000a8da7fd010:   0000024ac952ea28 fffffffffffffff2 

Instructions: (pc=0x00007ff88db3419e)
0x00007ff88db3409e:   8b 4f 08 48 8b 47 18 48 89 41 18 48 8b 4f 08 48
0x00007ff88db340ae:   8b 47 20 48 89 41 20 48 8d 8b a0 03 00 00 e8 8f
0x00007ff88db340be:   16 ed ff 48 8b 6c 24 58 90 c7 83 44 04 00 00 04
0x00007ff88db340ce:   00 00 00 48 8b c6 48 8b 5c 24 50 48 8b 74 24 60
0x00007ff88db340de:   48 83 c4 40 5f c3 cc cc cc cc cc cc cc cc cc cc
0x00007ff88db340ee:   cc cc 48 89 5c 24 08 48 89 74 24 10 57 48 83 ec
0x00007ff88db340fe:   20 8b 81 a8 00 00 00 48 8d 99 40 fc ff ff 05 53
0x00007ff88db3410e:   21 ff ff 48 8b fa 83 f8 01 77 08 48 8b cb e8 5f
0x00007ff88db3411e:   68 fa ff 80 3d 6c 7b 80 00 00 c7 83 44 04 00 00
0x00007ff88db3412e:   06 00 00 00 75 06 e8 a7 c4 28 00 90 48 8b 83 48
0x00007ff88db3413e:   04 00 00 a8 01 74 0d 45 33 c0 b2 01 48 8b cb e8
0x00007ff88db3414e:   6e f1 2f 00 8b 83 40 04 00 00 a8 0c 74 08 48 8b
0x00007ff88db3415e:   cb e8 fc 7e fa ff 48 8b c7 c7 83 44 04 00 00 06
0x00007ff88db3416e:   00 00 00 83 e0 03 48 83 f8 01 75 0f 48 8d 4f ff
0x00007ff88db3417e:   ff 15 1c 02 7a 00 48 8b f8 eb 18 48 83 f8 02 75
0x00007ff88db3418e:   0f 48 8d 4f fe ff 15 87 6e 79 00 48 8b f8 eb 03
0x00007ff88db3419e:   48 8b 3f 48 63 15 30 8b 80 00 48 8b cf ff 15 f7
0x00007ff88db341ae:   24 7a 00 48 8b c8 48 85 c0 75 04 33 f6 eb 29 80
0x00007ff88db341be:   3d 66 1a 7a 00 00 b8 10 00 00 00 ba 0c 00 00 00
0x00007ff88db341ce:   0f 45 c2 8b 0c 08 8b f1 48 63 05 07 8b 80 00 d1
0x00007ff88db341de:   fe 80 3c 38 00 0f 44 f1 48 8b bb 98 01 00 00 48
0x00007ff88db341ee:   8b 47 10 48 83 38 00 74 08 48 8b cf e8 11 f4 f5
0x00007ff88db341fe:   ff 48 8b 57 08 48 8b 4f 10 48 89 4a 10 48 8b 57
0x00007ff88db3420e:   08 48 8b 4f 18 48 89 4a 18 48 8b 4f 20 48 8b 57
0x00007ff88db3421e:   08 48 89 4a 20 48 8d 8b a0 03 00 00 e8 21 15 ed
0x00007ff88db3422e:   ff 90 8b c6 48 8b 74 24 38 c7 83 44 04 00 00 04
0x00007ff88db3423e:   00 00 00 48 8b 5c 24 30 48 83 c4 20 5f c3 cc cc
0x00007ff88db3424e:   cc cc 40 53 56 57 48 83 ec 30 8b 81 a8 00 00 00
0x00007ff88db3425e:   48 8d 99 40 fc ff ff 48 89 6c 24 50 05 53 21 ff
0x00007ff88db3426e:   ff 4c 89 6c 24 60 48 8b fa 4c 89 74 24 28 4d 8b
0x00007ff88db3427e:   f0 83 f8 01 77 08 48 8b cb e8 f4 66 fa ff 80 3d
0x00007ff88db3428e:   01 7a 80 00 00 c7 83 44 04 00 00 06 00 00 00 75 


Stack slot to memory mapping:

stack at sp + 0 slots: {method} {0x0000024ac9530c50} '_nMeasureText' '(JLjava/lang/String;J)Lio/github/humbleui/types/Rect;' in 'io/github/humbleui/skija/Font'
stack at sp + 1 slots: 0x0000024ae84d0080 is a thread
stack at sp + 2 slots: 0x0000000200000005 is an unknown value
stack at sp + 3 slots: 0x0000000000000003 is an unknown value
stack at sp + 4 slots: 0x0000000709db9660 is an oop: jdk.internal.ref.CleanerImpl$PhantomCleanableRef 
{0x0000000709db9660} - klass: 'jdk/internal/ref/CleanerImpl$PhantomCleanableRef'
 - ---- fields (total size 6 words):
 - private 'referent' 'Ljava/lang/Object;' @12  null (0x00000000)
 - volatile 'queue' 'Ljava/lang/ref/ReferenceQueue;' @16  a 'java/lang/ref/ReferenceQueue$Null'{0x0000000709c73ee0} (0xe138e7dc)
 - volatile 'next' 'Ljava/lang/ref/Reference;' @20  null (0x00000000)
 - private transient 'discovered' 'Ljava/lang/ref/Reference;' @24  null (0x00000000)
 - 'prev' 'Ljdk/internal/ref/PhantomCleanable;' @28  a 'jdk/internal/ref/CleanerImpl$CleanerCleanable'{0x0000000709db9690} (0xe13b72d2)
 - 'next' 'Ljdk/internal/ref/PhantomCleanable;' @32  a 'jdk/internal/ref/CleanerImpl$PhantomCleanableRef'{0x000000071824d4e0} (0xe3049a9c)
 - private final 'list' 'Ljdk/internal/ref/PhantomCleanable;' @36  a 'jdk/internal/ref/CleanerImpl$PhantomCleanableRef'{0x0000000709db9660} (0xe13b72cc)
 - private final 'action' 'Ljava/lang/Runnable;' @40  null (0x00000000)
stack at sp + 5 slots: 0x00007ff87b41dc10 skija.dll
stack at sp + 6 slots: {method} {0x0000024ac9530c50} '_nMeasureText' '(JLjava/lang/String;J)Lio/github/humbleui/types/Rect;' in 'io/github/humbleui/skija/Font'
stack at sp + 7 slots: 0x000000000000a318 is an unknown value

Lock stack of current Java thread (top to bottom):

native method entry point (kind = native)  [0x0000024af813cde0, 0x0000024af813d938]  2904 bytes
[MachCode]
  0x0000024af813cde0: 488b 4b08 | 0fb7 492e | 584c 8d74 | ccf8 6800 | 0000 0068 | 0000 0000 | 5055 488b | ec41 5568 
  0x0000024af813ce00: 0000 0000 | 4c8b 6b08 | 4d8d 6d38 | 5348 8b53 | 0848 8b52 | 0848 8b52 | 1848 8b52 | 7048 8b12 
  0x0000024af813ce20: 5248 8b53 | 1048 85d2 | 0f84 0700 | 0000 4881 | c210 0100 | 0052 488b | 5308 488b | 5208 488b 
  0x0000024af813ce40: 5210 5249 | 8bc6 482b | c548 c1e8 | 0350 6800 | 0000 0068 | f7ff ffff | 41c6 8771 | 0400 0001 
  0x0000024af813ce60: 488b 4310 | 4885 c074 | 208b 88cc | 0000 0083 | c102 8988 | cc00 0000 | 2388 e000 | 0000 0f84 
  0x0000024af813ce80: 000a 0000 | e9cf 0000 | 0048 8b43 | 1848 85c0 | 0f85 b000 | 0000 e805 | 0000 00e9 | 9900 0000 
  0x0000024af813cea0: 488b d348 | 8d44 2408 | 4c89 6dc0 | 498b cfc5 | f877 4989 | afb0 0300 | 0049 8987 | a003 0000 
  0x0000024af813cec0: 4883 ec20 | 40f6 c40f | 0f84 1900 | 0000 4883 | ec08 48b8 | 8028 ac8d | f87f 0000 | ffd0 4883 
  0x0000024af813cee0: c408 e90c | 0000 0048 | b880 28ac | 8df8 7f00 | 00ff d048 | 83c4 2049 | c787 a003 | 0000 0000 
  0x0000024af813cf00: 0000 49c7 | 87b0 0300 | 0000 0000 | 0049 c787 | a803 0000 | 0000 0000 | c5f8 7749 | 837f 0800 
  0x0000024af813cf20: 0f84 0500 | 0000 e995 | 3fff ff4c | 8b6d c04c | 8b75 c84e | 8d74 f500 | c348 8b43 | 1848 85c0 
  0x0000024af813cf40: 0f84 1200 | 0000 8b48 | 0883 c102 | 8948 0823 | 481c 0f84 | 2c09 0000 | 493b a7e8 | 0400 000f 
  0x0000024af813cf60: 8748 0000 | 0089 8424 | 00f0 ffff | 8984 2400 | e0ff ff89 | 8424 00d0 | ffff 8984 | 2400 c0ff 
  0x0000024af813cf80: ff89 8424 | 00b0 ffff | 8984 2400 | a0ff ff89 | 8424 0090 | ffff 8984 | 2400 80ff | ff49 3ba7 
  0x0000024af813cfa0: e004 0000 | 7607 4989 | a7e8 0400 | 0041 c687 | 7104 0000 | 0049 ba41 | bd33 8ef8 | 7f00 0041 
  0x0000024af813cfc0: 803a 000f | 843e 0000 | 0048 8b55 | e849 8bcf | 4883 ec20 | 40f6 c40f | 0f84 1900 | 0000 4883 
  0x0000024af813cfe0: ec08 48b8 | f0f0 e38d | f87f 0000 | ffd0 4883 | c408 e90c | 0000 0048 | b8f0 f0e3 | 8df8 7f00 
  0x0000024af813d000: 00ff d048 | 83c4 2048 | 8b5d e84c | 8b5b 0845 | 0fb7 5b2e | 41c1 e303 | 492b e348 | 83ec 2048 
  0x0000024af813d020: 83e4 f04c | 8b5b 604d | 85db 0f85 | ab00 0000 | e805 0000 | 00e9 9900 | 0000 488b | d348 8d44 
  0x0000024af813d040: 2408 4c89 | 6dc0 498b | cfc5 f877 | 4989 afb0 | 0300 0049 | 8987 a003 | 0000 4883 | ec20 40f6 
  0x0000024af813d060: c40f 0f84 | 1900 0000 | 4883 ec08 | 48b8 e04f | ac8d f87f | 0000 ffd0 | 4883 c408 | e90c 0000 
  0x0000024af813d080: 0048 b8e0 | 4fac 8df8 | 7f00 00ff | d048 83c4 | 2049 c787 | a003 0000 | 0000 0000 | 49c7 87b0 
  0x0000024af813d0a0: 0300 0000 | 0000 0049 | c787 a803 | 0000 0000 | 0000 c5f8 | 7749 837f | 0800 0f84 | 0500 0000 
  0x0000024af813d0c0: e9fb 3dff | ff4c 8b6d | c04c 8b75 | c84e 8d74 | f500 c348 | 8b5d e84c | 8b5b 6041 | ffd3 488b 
  0x0000024af813d0e0: 5de8 4889 | 4518 448b | 5b28 41f6 | c308 0f84 | 1b00 0000 | 4c8b 5b08 | 4d8b 5b08 | 4d8b 5b18 
  0x0000024af813d100: 4d8b 5b70 | 4d8b 1b4c | 895d 1048 | 8d55 1048 | 8b43 5849 | ba40 3fe4 | 8df8 7f00 | 0049 3bc2 
  0x0000024af813d120: 0f85 ab00 | 0000 e805 | 0000 00e9 | 9900 0000 | 488b d348 | 8d44 2408 | 4c89 6dc0 | 498b cfc5 
  0x0000024af813d140: f877 4989 | afb0 0300 | 0049 8987 | a003 0000 | 4883 ec20 | 40f6 c40f | 0f84 1900 | 0000 4883 
  0x0000024af813d160: ec08 48b8 | e04f ac8d | f87f 0000 | ffd0 4883 | c408 e90c | 0000 0048 | b8e0 4fac | 8df8 7f00 
  0x0000024af813d180: 00ff d048 | 83c4 2049 | c787 a003 | 0000 0000 | 0000 49c7 | 87b0 0300 | 0000 0000 | 0049 c787 
  0x0000024af813d1a0: a803 0000 | 0000 0000 | c5f8 7749 | 837f 0800 | 0f84 0500 | 0000 e905 | 3dff ff4c | 8b6d c04c 
  0x0000024af813d1c0: 8b75 c84e | 8d74 f500 | c348 8b5d | e848 8b43 | 5849 8d8f | c003 0000 | c5f8 7749 | 89af b003 
  0x0000024af813d1e0: 0000 49ba | d8d1 13f8 | 4a02 0000 | 4d89 97a8 | 0300 0049 | 89a7 a003 | 0000 41c7 | 8744 0400 
  0x0000024af813d200: 0004 0000 | 00ff d0c5 | f877 4883 | ec10 c5fb | 1104 2448 | 83ec 1048 | 8904 2448 | c744 2408 
  0x0000024af813d220: 0000 0000 | 41c7 8744 | 0400 0005 | 0000 00f0 | 8344 24c0 | 0049 3baf | 4804 0000 | 0f87 0e00 
  0x0000024af813d240: 0000 4183 | bf40 0400 | 0000 0f84 | 2000 0000 | 498b cf4c | 8be4 4883 | ec20 4883 | e4f0 48b8 
  0x0000024af813d260: 80ab ad8d | f87f 0000 | ffd0 498b | e44d 33e4 | 41c7 8744 | 0400 0008 | 0000 0049 | c787 a003 
  0x0000024af813d280: 0000 0000 | 0000 49c7 | 87b0 0300 | 0000 0000 | 0049 c787 | a803 0000 | 0000 0000 | c5f8 774d 
  0x0000024af813d2a0: 8b9f 3004 | 0000 41c7 | 8300 0100 | 0000 0000 | 0049 bbda | a513 f84a | 0200 004c | 3b5d 180f 
  0x0000024af813d2c0: 8524 0200 | 0048 8b04 | 2448 83c4 | 1048 85c0 | 0f84 fe01 | 0000 a803 | 0f85 0800 | 0000 488b 
  0x0000024af813d2e0: 00e9 ee01 | 0000 a801 | 0f85 0900 | 0000 488b | 40fe e9dd | 0100 0048 | 8b40 ff41 | 807f 3800 
  0x0000024af813d300: 0f84 ce01 | 0000 4883 | f800 0f84 | c401 0000 | 4d8b 5f28 | 4983 fb00 | 0f84 1400 | 0000 4983 
  0x0000024af813d320: eb08 4d89 | 5f28 4d03 | 5f30 4989 | 03e9 a201 | 0000 4881 | ecd0 0000 | 0048 8904 | 2448 894c 
  0x0000024af813d340: 2408 4889 | 5424 1048 | 8974 2418 | 4889 7c24 | 204c 8944 | 2428 4c89 | 4c24 304c | 8954 2438 
  0x0000024af813d360: 4c89 5c24 | 40c5 fb11 | 4424 50c5 | fb11 4c24 | 58c5 fb11 | 5424 60c5 | fb11 5c24 | 68c5 fb11 
  0x0000024af813d380: 6424 70c5 | fb11 6c24 | 78c5 fb11 | b424 8000 | 0000 c5fb | 11bc 2488 | 0000 00c5 | 7b11 8424 
  0x0000024af813d3a0: 9000 0000 | c57b 118c | 2498 0000 | 00c5 7b11 | 9424 a000 | 0000 c57b | 119c 24a8 | 0000 00c5 
  0x0000024af813d3c0: 7b11 a424 | b000 0000 | c57b 11ac | 24b8 0000 | 00c5 7b11 | b424 c000 | 0000 c57b | 11bc 24c8 
  0x0000024af813d3e0: 0000 0049 | 8bd7 488b | c848 83ec | 2040 f6c4 | 0f0f 8419 | 0000 0048 | 83ec 0848 | b800 09a1 
  0x0000024af813d400: 8df8 7f00 | 00ff d048 | 83c4 08e9 | 0c00 0000 | 48b8 0009 | a18d f87f | 0000 ffd0 | 4883 c420 
  0x0000024af813d420: c57b 10bc | 24c8 0000 | 00c5 7b10 | b424 c000 | 0000 c57b | 10ac 24b8 | 0000 00c5 | 7b10 a424 
  0x0000024af813d440: b000 0000 | c57b 109c | 24a8 0000 | 00c5 7b10 | 9424 a000 | 0000 c57b | 108c 2498 | 0000 00c5 
  0x0000024af813d460: 7b10 8424 | 9000 0000 | c5fb 10bc | 2488 0000 | 00c5 fb10 | b424 8000 | 0000 c5fb | 106c 2478 
  0x0000024af813d480: c5fb 1064 | 2470 c5fb | 105c 2468 | c5fb 1054 | 2460 c5fb | 104c 2458 | c5fb 1044 | 2450 4c8b 
  0x0000024af813d4a0: 5c24 404c | 8b54 2438 | 4c8b 4c24 | 304c 8b44 | 2428 488b | 7c24 2048 | 8b74 2418 | 488b 5424 
  0x0000024af813d4c0: 1048 8b4c | 2408 488b | 0424 4881 | c4d0 0000 | 00c5 f877 | 4889 4510 | 4883 ec10 | 4889 0424 
  0x0000024af813d4e0: 48c7 4424 | 0800 0000 | 0041 83bf | c804 0000 | 020f 85bf | 0000 0048 | 81ec 8000 | 0000 4889 
  0x0000024af813d500: 4424 7848 | 894c 2470 | 4889 5424 | 6848 895c | 2460 4889 | 6c24 5048 | 8974 2448 | 4889 7c24 
  0x0000024af813d520: 404c 8944 | 2438 4c89 | 4c24 304c | 8954 2428 | 4c89 5c24 | 204c 8964 | 2418 4c89 | 6c24 104c 
  0x0000024af813d540: 8974 2408 | 4c89 3c24 | 4c8b e448 | 83ec 2048 | 83e4 f048 | b8a0 25e4 | 8df8 7f00 | 00ff d049 
  0x0000024af813d560: 8be4 4c8b | 3c24 4c8b | 7424 084c | 8b6c 2410 | 4c8b 6424 | 184c 8b5c | 2420 4c8b | 5424 284c 
  0x0000024af813d580: 8b4c 2430 | 4c8b 4424 | 3848 8b7c | 2440 488b | 7424 4848 | 8b6c 2450 | 488b 5c24 | 6048 8b54 
  0x0000024af813d5a0: 2468 488b | 4c24 7048 | 8b44 2478 | 4881 c480 | 0000 004d | 33e4 488b | 5de8 4c8b | 6b08 4d8d 
  0x0000024af813d5c0: 6d38 4983 | 7f08 000f | 84bb 0000 | 00e8 0500 | 0000 e996 | 0000 0048 | 8d44 2408 | 4c89 6dc0 
  0x0000024af813d5e0: 498b cfc5 | f877 4989 | afb0 0300 | 0049 8987 | a003 0000 | 4883 ec20 | 40f6 c40f | 0f84 1900 
  0x0000024af813d600: 0000 4883 | ec08 48b8 | f06d ac8d | f87f 0000 | ffd0 4883 | c408 e90c | 0000 0048 | b8f0 6dac 
  0x0000024af813d620: 8df8 7f00 | 00ff d048 | 83c4 2049 | c787 a003 | 0000 0000 | 0000 49c7 | 87b0 0300 | 0000 0000 
  0x0000024af813d640: 0049 c787 | a803 0000 | 0000 0000 | c5f8 7749 | 837f 0800 | 0f84 0500 | 0000 e961 | 38ff ff4c 
  0x0000024af813d660: 8b6d c04c | 8b75 c84e | 8d74 f500 | c348 b930 | e50b 8ef8 | 7f00 0048 | 83e4 f048 | b850 4dd2 
  0x0000024af813d680: 8df8 7f00 | 00ff d0f4 | 448b 5b28 | 41f6 c320 | 0f84 7901 | 0000 488d | 55a8 4c8b | 5a08 4d85 
  0x0000024af813d6a0: db0f 85bb | 0000 00e8 | 0500 0000 | e996 0000 | 0048 8d44 | 2408 4c89 | 6dc0 498b | cfc5 f877 
  0x0000024af813d6c0: 4989 afb0 | 0300 0049 | 8987 a003 | 0000 4883 | ec20 40f6 | c40f 0f84 | 1900 0000 | 4883 ec08 
  0x0000024af813d6e0: 48b8 206d | ac8d f87f | 0000 ffd0 | 4883 c408 | e90c 0000 | 0048 b820 | 6dac 8df8 | 7f00 00ff 
  0x0000024af813d700: d048 83c4 | 2049 c787 | a003 0000 | 0000 0000 | 49c7 87b0 | 0300 0000 | 0000 0049 | c787 a803 
  0x0000024af813d720: 0000 0000 | 0000 c5f8 | 7749 837f | 0800 0f84 | 0500 0000 | e987 37ff | ff4c 8b6d | c04c 8b75 
  0x0000024af813d740: c84e 8d74 | f500 c348 | b930 e50b | 8ef8 7f00 | 0048 83e4 | f048 b850 | 4dd2 8df8 | 7f00 00ff 
  0x0000024af813d760: d0f4 4c89 | 6dc0 4c8b | 4a08 48c7 | 4208 0000 | 0000 458b | 8718 0600 | 004f 3b4c | 07f8 0f85 
  0x0000024af813d780: 4900 0000 | 4183 af18 | 0600 0008 | 4f3b 4c07 | f00f 842a | 0000 0049 | 8b01 a802 | 0f85 1200 
  0x0000024af813d7a0: 0000 4c8b | c049 83c8 | 01f0 4d0f | b101 0f84 | 0d00 0000 | 4183 8718 | 0600 0008 | e90c 0000 
  0x0000024af813d7c0: 0049 ff8f | 5005 0000 | e93e 0000 | 004c 894a | 0848 8bca | 4883 ec20 | 40f6 c40f | 0f84 1900 
  0x0000024af813d7e0: 0000 4883 | ec08 48b8 | e03f ac8d | f87f 0000 | ffd0 4883 | c408 e90c | 0000 0048 | b8e0 3fac 
  0x0000024af813d800: 8df8 7f00 | 00ff d048 | 83c4 204c | 8b6d c049 | ba41 bd33 | 8ef8 7f00 | 0041 803a | 000f 843e 
  0x0000024af813d820: 0000 0048 | 8b55 e849 | 8bcf 4883 | ec20 40f6 | c40f 0f84 | 1900 0000 | 4883 ec08 | 48b8 f0f0 
  0x0000024af813d840: e38d f87f | 0000 ffd0 | 4883 c408 | e90c 0000 | 0048 b8f0 | f0e3 8df8 | 7f00 00ff | d048 83c4 
  0x0000024af813d860: 2048 8b04 | 2448 83c4 | 10c5 fb10 | 0424 4883 | c410 4c8b | 5d18 41ff | d34c 8b5d | f8c9 5f49 
  0x0000024af813d880: 8be3 ffe7 | ba00 0000 | 00e8 0500 | 0000 e996 | 0000 0048 | 8d44 2408 | 4c89 6dc0 | 498b cfc5 
  0x0000024af813d8a0: f877 4989 | afb0 0300 | 0049 8987 | a003 0000 | 4883 ec20 | 40f6 c40f | 0f84 1900 | 0000 4883 
  0x0000024af813d8c0: ec08 48b8 | 9033 ac8d | f87f 0000 | ffd0 4883 | c408 e90c | 0000 0048 | b890 33ac | 8df8 7f00 
  0x0000024af813d8e0: 00ff d048 | 83c4 2049 | c787 a003 | 0000 0000 | 0000 49c7 | 87b0 0300 | 0000 0000 | 0049 c787 
  0x0000024af813d900: a803 0000 | 0000 0000 | c5f8 7749 | 837f 0800 | 0f84 0500 | 0000 e9a5 | 35ff ff4c | 8b6d c04c 
  0x0000024af813d920: 8b75 c84e | 8d74 f500 | c348 8b5d | e8e9 26f6 | ffff 660f | 1f44 0000 
[/MachCode]

---------------  P R O C E S S  ---------------

Threads class SMR info:
_java_thread_list=0x0000024ad0624560, length=19, elements={
0x0000024ae84d0080, 0x0000024a87cd4310, 0x0000024a87cd5b60, 0x0000024a87cda890,
0x0000024a87cdb770, 0x0000024a87cde2f0, 0x0000024a87cdef50, 0x0000024a87cf1890,
0x0000024a87cf28f0, 0x0000024acd133180, 0x0000024acd316fe0, 0x0000024acd31be90,
0x0000024acd92ffc0, 0x0000024acdb7ec00, 0x0000024acde34d50, 0x0000024acdad7980,
0x0000024ad0280990, 0x0000024acd3f98f0, 0x0000024ad050c0d0
}

Java Threads: ( => current thread )
=>0x0000024ae84d0080 JavaThread "main"                              [_thread_in_vm, id=52564, stack(0x000000a8da700000,0x000000a8da800000) (1024K)]
  0x0000024a87cd4310 JavaThread "Reference Handler"          daemon [_thread_blocked, id=53156, stack(0x000000a8daf00000,0x000000a8db000000) (1024K)]
  0x0000024a87cd5b60 JavaThread "Finalizer"                  daemon [_thread_blocked, id=47416, stack(0x000000a8db000000,0x000000a8db100000) (1024K)]
  0x0000024a87cda890 JavaThread "Signal Dispatcher"          daemon [_thread_blocked, id=40668, stack(0x000000a8db100000,0x000000a8db200000) (1024K)]
  0x0000024a87cdb770 JavaThread "Attach Listener"            daemon [_thread_blocked, id=34776, stack(0x000000a8db200000,0x000000a8db300000) (1024K)]
  0x0000024a87cde2f0 JavaThread "Service Thread"             daemon [_thread_blocked, id=26100, stack(0x000000a8db300000,0x000000a8db400000) (1024K)]
  0x0000024a87cdef50 JavaThread "Monitor Deflation Thread"   daemon [_thread_blocked, id=4068, stack(0x000000a8db400000,0x000000a8db500000) (1024K)]
  0x0000024a87cf1890 JavaThread "C2 CompilerThread0"         daemon [_thread_blocked, id=39424, stack(0x000000a8db500000,0x000000a8db600000) (1024K)]
  0x0000024a87cf28f0 JavaThread "C1 CompilerThread0"         daemon [_thread_blocked, id=5464, stack(0x000000a8db600000,0x000000a8db700000) (1024K)]
  0x0000024acd133180 JavaThread "Common-Cleaner"             daemon [_thread_blocked, id=19896, stack(0x000000a8db700000,0x000000a8db800000) (1024K)]
  0x0000024acd316fe0 JavaThread "Monitor Ctrl-Break"         daemon [_thread_in_native, id=54684, stack(0x000000a8db900000,0x000000a8dba00000) (1024K)]
  0x0000024acd31be90 JavaThread "Notification Thread"        daemon [_thread_blocked, id=25884, stack(0x000000a8dba00000,0x000000a8dbb00000) (1024K)]
  0x0000024acd92ffc0 JavaThread "Cleaner-0"                  daemon [_thread_blocked, id=49908, stack(0x000000a8dbb00000,0x000000a8dbc00000) (1024K)]
  0x0000024acdb7ec00 JavaThread "RMI TCP Accept-0"           daemon [_thread_in_native, id=54488, stack(0x000000a8dbf00000,0x000000a8dc000000) (1024K)]
  0x0000024acde34d50 JavaThread "RMI TCP Connection(1)-10.207.10.163" daemon [_thread_in_native, id=45776, stack(0x000000a8dc000000,0x000000a8dc100000) (1024K)]
  0x0000024acdad7980 JavaThread "RMI Scheduler(0)"           daemon [_thread_blocked, id=49508, stack(0x000000a8dc100000,0x000000a8dc200000) (1024K)]
  0x0000024ad0280990 JavaThread "JMX server connection timeout 28" daemon [_thread_blocked, id=29924, stack(0x000000a8dc200000,0x000000a8dc300000) (1024K)]
  0x0000024acd3f98f0 JavaThread "Cleaner-1"                  daemon [_thread_blocked, id=52832, stack(0x000000a8db800000,0x000000a8db900000) (1024K)]
  0x0000024ad050c0d0 JavaThread "RMI TCP Connection(2)-10.207.10.163" daemon [_thread_in_native, id=54688, stack(0x000000a8dbc00000,0x000000a8dbd00000) (1024K)]
Total: 19

Other Threads:
  0x0000024a87cbbbe0 VMThread "VM Thread"                           [id=44148, stack(0x000000a8dae00000,0x000000a8daf00000) (1024K)]
  0x0000024a87ca6950 WatcherThread "VM Periodic Task Thread"        [id=12416, stack(0x000000a8dad00000,0x000000a8dae00000) (1024K)]
  0x0000024ae85362b0 WorkerThread "GC Thread#0"                     [id=57040, stack(0x000000a8da800000,0x000000a8da900000) (1024K)]
  0x0000024ad05d70f0 WorkerThread "GC Thread#1"                     [id=23136, stack(0x000000a8dc700000,0x000000a8dc800000) (1024K)]
  0x0000024ad05d6990 WorkerThread "GC Thread#2"                     [id=18592, stack(0x000000a8dc800000,0x000000a8dc900000) (1024K)]
  0x0000024ad05d6230 WorkerThread "GC Thread#3"                     [id=52932, stack(0x000000a8dc900000,0x000000a8dca00000) (1024K)]
  0x0000024ad05d65e0 WorkerThread "GC Thread#4"                     [id=30968, stack(0x000000a8dca00000,0x000000a8dcb00000) (1024K)]
  0x0000024ad05d6d40 WorkerThread "GC Thread#5"                     [id=55472, stack(0x000000a8dcb00000,0x000000a8dcc00000) (1024K)]
  0x0000024ad05d74a0 WorkerThread "GC Thread#6"                     [id=42760, stack(0x000000a8dcc00000,0x000000a8dcd00000) (1024K)]
  0x0000024ad05d7850 WorkerThread "GC Thread#7"                     [id=51940, stack(0x000000a8dcd00000,0x000000a8dce00000) (1024K)]
  0x0000024ad05d7c00 WorkerThread "GC Thread#8"                     [id=28552, stack(0x000000a8dce00000,0x000000a8dcf00000) (1024K)]
  0x0000024ad06dafe0 WorkerThread "GC Thread#9"                     [id=52688, stack(0x000000a8dcf00000,0x000000a8dd000000) (1024K)]
  0x0000024ae854b710 ConcurrentGCThread "G1 Main Marker"            [id=57180, stack(0x000000a8da900000,0x000000a8daa00000) (1024K)]
  0x0000024ae854e9e0 WorkerThread "G1 Conc#0"                       [id=46780, stack(0x000000a8daa00000,0x000000a8dab00000) (1024K)]
  0x0000024a87b75210 ConcurrentGCThread "G1 Refine#0"               [id=33280, stack(0x000000a8dab00000,0x000000a8dac00000) (1024K)]
  0x0000024a87b758a0 ConcurrentGCThread "G1 Service"                [id=48188, stack(0x000000a8dac00000,0x000000a8dad00000) (1024K)]
Total: 16

Threads with active compile tasks:
Total: 0

VM state: not at safepoint (normal execution)

VM Mutex/Monitor currently owned by a thread: None

Heap address: 0x0000000709800000, size: 3944 MB, Compressed Oops mode: Zero based, Oop shift amount: 3

CDS archive(s) mapped at: [0x0000024a88000000-0x0000024a88d70000-0x0000024a88d70000), size 14090240, SharedBaseAddress: 0x0000024a88000000, ArchiveRelocationMode: 1.
Compressed class space mapped at: 0x0000024a89000000-0x0000024ac9000000, reserved size: 1073741824
Narrow klass base: 0x0000024a88000000, Narrow klass shift: 0, Narrow klass range: 0x41000000

GC Precious Log:
 CardTable entry size: 512
 Card Set container configuration: InlinePtr #cards 4 size 8 Array Of Cards #cards 16 size 48 Howl #buckets 8 coarsen threshold 3686 Howl Bitmap #cards 512 size 80 coarsen threshold 460 Card regions per heap region 1 cards per card region 4096
 CPUs: 12 total, 12 available
 Memory: 15775M
 Large Page Support: Disabled
 NUMA Support: Disabled
 Compressed Oops: Enabled (Zero based)
 Heap Region Size: 2M
 Heap Min Capacity: 8M
 Heap Initial Capacity: 248M
 Heap Max Capacity: 3944M
 Pre-touch: Disabled
 Parallel Workers: 10
 Concurrent Workers: 3
 Concurrent Refinement Workers: 10
 Periodic GC: Disabled

Heap:
 garbage-first heap   total reserved 4038656K, committed 253952K, used 40941K [0x0000000709800000, 0x0000000800000000)
  region size 2048K, 9 young (18432K), 2 survivors (4096K)
 Metaspace       used 8613K, committed 8832K, reserved 1114112K
  class space    used 992K, committed 1088K, reserved 1048576K

Heap Regions: E=young(eden), S=young(survivor), O=old, HS=humongous(starts), HC=humongous(continues), CS=collection set, F=free, TAMS=top-at-mark-start, PB=parsable bottom
|   0|0x0000000709800000, 0x0000000709a00000, 0x0000000709a00000|100%|HS|  |TAMS 0x0000000709800000| PB 0x0000000709800000| Complete |  0
|   1|0x0000000709a00000, 0x0000000709c00000, 0x0000000709c00000|100%|HC|  |TAMS 0x0000000709a00000| PB 0x0000000709a00000| Complete |  0
|   2|0x0000000709c00000, 0x0000000709e00000, 0x0000000709e00000|100%| O|  |TAMS 0x0000000709c00000| PB 0x0000000709c00000| Untracked |  0
|   3|0x0000000709e00000, 0x000000070a000000, 0x000000070a000000|100%|HS|  |TAMS 0x0000000709e00000| PB 0x0000000709e00000| Complete |  0
|   4|0x000000070a000000, 0x000000070a200000, 0x000000070a200000|100%|HC|  |TAMS 0x000000070a000000| PB 0x000000070a000000| Complete |  0
|   5|0x000000070a200000, 0x000000070a400000, 0x000000070a400000|100%|HS|  |TAMS 0x000000070a200000| PB 0x000000070a200000| Complete |  0
|   6|0x000000070a400000, 0x000000070a600000, 0x000000070a600000|100%|HC|  |TAMS 0x000000070a400000| PB 0x000000070a400000| Complete |  0
|   7|0x000000070a600000, 0x000000070a800000, 0x000000070a800000|100%|HS|  |TAMS 0x000000070a600000| PB 0x000000070a600000| Complete |  0
|   8|0x000000070a800000, 0x000000070aa00000, 0x000000070aa00000|100%|HC|  |TAMS 0x000000070a800000| PB 0x000000070a800000| Complete |  0
|   9|0x000000070aa00000, 0x000000070ac00000, 0x000000070ac00000|100%|HS|  |TAMS 0x000000070aa00000| PB 0x000000070aa00000| Complete |  0
|  10|0x000000070ac00000, 0x000000070ae00000, 0x000000070ae00000|100%|HC|  |TAMS 0x000000070ac00000| PB 0x000000070ac00000| Complete |  0
|  11|0x000000070ae00000, 0x000000070b000000, 0x000000070b000000|100%|HS|  |TAMS 0x000000070ae00000| PB 0x000000070ae00000| Complete |  0
|  12|0x000000070b000000, 0x000000070b200000, 0x000000070b200000|100%|HC|  |TAMS 0x000000070b000000| PB 0x000000070b000000| Complete |  0
|  13|0x000000070b200000, 0x000000070b200000, 0x000000070b400000|  0%| F|  |TAMS 0x000000070b200000| PB 0x000000070b200000| Untracked |  0
|  14|0x000000070b400000, 0x000000070b400000, 0x000000070b600000|  0%| F|  |TAMS 0x000000070b400000| PB 0x000000070b400000| Untracked |  0
|  15|0x000000070b600000, 0x000000070b768aa8, 0x000000070b800000| 70%| O|  |TAMS 0x000000070b600000| PB 0x000000070b600000| Untracked |  0
|  16|0x000000070b800000, 0x000000070b800000, 0x000000070ba00000|  0%| F|  |TAMS 0x000000070b800000| PB 0x000000070b800000| Untracked |  0
|  17|0x000000070ba00000, 0x000000070ba00000, 0x000000070bc00000|  0%| F|  |TAMS 0x000000070ba00000| PB 0x000000070ba00000| Untracked |  0
|  18|0x000000070bc00000, 0x000000070bc00000, 0x000000070be00000|  0%| F|  |TAMS 0x000000070bc00000| PB 0x000000070bc00000| Untracked |  0
|  19|0x000000070be00000, 0x000000070be00000, 0x000000070c000000|  0%| F|  |TAMS 0x000000070be00000| PB 0x000000070be00000| Untracked |  0
|  20|0x000000070c000000, 0x000000070c000000, 0x000000070c200000|  0%| F|  |TAMS 0x000000070c000000| PB 0x000000070c000000| Untracked |  0
|  21|0x000000070c200000, 0x000000070c200000, 0x000000070c400000|  0%| F|  |TAMS 0x000000070c200000| PB 0x000000070c200000| Untracked |  0
|  22|0x000000070c400000, 0x000000070c400000, 0x000000070c600000|  0%| F|  |TAMS 0x000000070c400000| PB 0x000000070c400000| Untracked |  0
|  23|0x000000070c600000, 0x000000070c600000, 0x000000070c800000|  0%| F|  |TAMS 0x000000070c600000| PB 0x000000070c600000| Untracked |  0
|  24|0x000000070c800000, 0x000000070c800000, 0x000000070ca00000|  0%| F|  |TAMS 0x000000070c800000| PB 0x000000070c800000| Untracked |  0
|  25|0x000000070ca00000, 0x000000070ca00000, 0x000000070cc00000|  0%| F|  |TAMS 0x000000070ca00000| PB 0x000000070ca00000| Untracked |  0
|  26|0x000000070cc00000, 0x000000070cc00000, 0x000000070ce00000|  0%| F|  |TAMS 0x000000070cc00000| PB 0x000000070cc00000| Untracked |  0
|  27|0x000000070ce00000, 0x000000070ce00000, 0x000000070d000000|  0%| F|  |TAMS 0x000000070ce00000| PB 0x000000070ce00000| Untracked |  0
|  28|0x000000070d000000, 0x000000070d000000, 0x000000070d200000|  0%| F|  |TAMS 0x000000070d000000| PB 0x000000070d000000| Untracked |  0
|  29|0x000000070d200000, 0x000000070d200000, 0x000000070d400000|  0%| F|  |TAMS 0x000000070d200000| PB 0x000000070d200000| Untracked |  0
|  30|0x000000070d400000, 0x000000070d400000, 0x000000070d600000|  0%| F|  |TAMS 0x000000070d400000| PB 0x000000070d400000| Untracked |  0
|  31|0x000000070d600000, 0x000000070d600000, 0x000000070d800000|  0%| F|  |TAMS 0x000000070d600000| PB 0x000000070d600000| Untracked |  0
|  32|0x000000070d800000, 0x000000070d800000, 0x000000070da00000|  0%| F|  |TAMS 0x000000070d800000| PB 0x000000070d800000| Untracked |  0
|  33|0x000000070da00000, 0x000000070da00000, 0x000000070dc00000|  0%| F|  |TAMS 0x000000070da00000| PB 0x000000070da00000| Untracked |  0
|  34|0x000000070dc00000, 0x000000070dc00000, 0x000000070de00000|  0%| F|  |TAMS 0x000000070dc00000| PB 0x000000070dc00000| Untracked |  0
|  35|0x000000070de00000, 0x000000070de00000, 0x000000070e000000|  0%| F|  |TAMS 0x000000070de00000| PB 0x000000070de00000| Untracked |  0
|  36|0x000000070e000000, 0x000000070e000000, 0x000000070e200000|  0%| F|  |TAMS 0x000000070e000000| PB 0x000000070e000000| Untracked |  0
|  37|0x000000070e200000, 0x000000070e200000, 0x000000070e400000|  0%| F|  |TAMS 0x000000070e200000| PB 0x000000070e200000| Untracked |  0
|  38|0x000000070e400000, 0x000000070e400000, 0x000000070e600000|  0%| F|  |TAMS 0x000000070e400000| PB 0x000000070e400000| Untracked |  0
|  39|0x000000070e600000, 0x000000070e600000, 0x000000070e800000|  0%| F|  |TAMS 0x000000070e600000| PB 0x000000070e600000| Untracked |  0
|  40|0x000000070e800000, 0x000000070e800000, 0x000000070ea00000|  0%| F|  |TAMS 0x000000070e800000| PB 0x000000070e800000| Untracked |  0
|  41|0x000000070ea00000, 0x000000070ea00000, 0x000000070ec00000|  0%| F|  |TAMS 0x000000070ea00000| PB 0x000000070ea00000| Untracked |  0
|  42|0x000000070ec00000, 0x000000070ec00000, 0x000000070ee00000|  0%| F|  |TAMS 0x000000070ec00000| PB 0x000000070ec00000| Untracked |  0
|  43|0x000000070ee00000, 0x000000070ee00000, 0x000000070f000000|  0%| F|  |TAMS 0x000000070ee00000| PB 0x000000070ee00000| Untracked |  0
|  44|0x000000070f000000, 0x000000070f000000, 0x000000070f200000|  0%| F|  |TAMS 0x000000070f000000| PB 0x000000070f000000| Untracked |  0
|  45|0x000000070f200000, 0x000000070f200000, 0x000000070f400000|  0%| F|  |TAMS 0x000000070f200000| PB 0x000000070f200000| Untracked |  0
|  46|0x000000070f400000, 0x000000070f400000, 0x000000070f600000|  0%| F|  |TAMS 0x000000070f400000| PB 0x000000070f400000| Untracked |  0
|  47|0x000000070f600000, 0x000000070f600000, 0x000000070f800000|  0%| F|  |TAMS 0x000000070f600000| PB 0x000000070f600000| Untracked |  0
|  48|0x000000070f800000, 0x000000070f800000, 0x000000070fa00000|  0%| F|  |TAMS 0x000000070f800000| PB 0x000000070f800000| Untracked |  0
|  49|0x000000070fa00000, 0x000000070fa00000, 0x000000070fc00000|  0%| F|  |TAMS 0x000000070fa00000| PB 0x000000070fa00000| Untracked |  0
|  50|0x000000070fc00000, 0x000000070fc00000, 0x000000070fe00000|  0%| F|  |TAMS 0x000000070fc00000| PB 0x000000070fc00000| Untracked |  0
|  51|0x000000070fe00000, 0x000000070fe00000, 0x0000000710000000|  0%| F|  |TAMS 0x000000070fe00000| PB 0x000000070fe00000| Untracked |  0
|  52|0x0000000710000000, 0x0000000710000000, 0x0000000710200000|  0%| F|  |TAMS 0x0000000710000000| PB 0x0000000710000000| Untracked |  0
|  53|0x0000000710200000, 0x0000000710200000, 0x0000000710400000|  0%| F|  |TAMS 0x0000000710200000| PB 0x0000000710200000| Untracked |  0
|  54|0x0000000710400000, 0x0000000710400000, 0x0000000710600000|  0%| F|  |TAMS 0x0000000710400000| PB 0x0000000710400000| Untracked |  0
|  55|0x0000000710600000, 0x0000000710600000, 0x0000000710800000|  0%| F|  |TAMS 0x0000000710600000| PB 0x0000000710600000| Untracked |  0
|  56|0x0000000710800000, 0x0000000710800000, 0x0000000710a00000|  0%| F|  |TAMS 0x0000000710800000| PB 0x0000000710800000| Untracked |  0
|  57|0x0000000710a00000, 0x0000000710a00000, 0x0000000710c00000|  0%| F|  |TAMS 0x0000000710a00000| PB 0x0000000710a00000| Untracked |  0
|  58|0x0000000710c00000, 0x0000000710c00000, 0x0000000710e00000|  0%| F|  |TAMS 0x0000000710c00000| PB 0x0000000710c00000| Untracked |  0
|  59|0x0000000710e00000, 0x0000000710e00000, 0x0000000711000000|  0%| F|  |TAMS 0x0000000710e00000| PB 0x0000000710e00000| Untracked |  0
|  60|0x0000000711000000, 0x0000000711000000, 0x0000000711200000|  0%| F|  |TAMS 0x0000000711000000| PB 0x0000000711000000| Untracked |  0
|  61|0x0000000711200000, 0x0000000711200000, 0x0000000711400000|  0%| F|  |TAMS 0x0000000711200000| PB 0x0000000711200000| Untracked |  0
|  62|0x0000000711400000, 0x0000000711400000, 0x0000000711600000|  0%| F|  |TAMS 0x0000000711400000| PB 0x0000000711400000| Untracked |  0
|  63|0x0000000711600000, 0x0000000711600000, 0x0000000711800000|  0%| F|  |TAMS 0x0000000711600000| PB 0x0000000711600000| Untracked |  0
|  64|0x0000000711800000, 0x0000000711800000, 0x0000000711a00000|  0%| F|  |TAMS 0x0000000711800000| PB 0x0000000711800000| Untracked |  0
|  65|0x0000000711a00000, 0x0000000711a00000, 0x0000000711c00000|  0%| F|  |TAMS 0x0000000711a00000| PB 0x0000000711a00000| Untracked |  0
|  66|0x0000000711c00000, 0x0000000711c00000, 0x0000000711e00000|  0%| F|  |TAMS 0x0000000711c00000| PB 0x0000000711c00000| Untracked |  0
|  67|0x0000000711e00000, 0x0000000711e00000, 0x0000000712000000|  0%| F|  |TAMS 0x0000000711e00000| PB 0x0000000711e00000| Untracked |  0
|  68|0x0000000712000000, 0x0000000712000000, 0x0000000712200000|  0%| F|  |TAMS 0x0000000712000000| PB 0x0000000712000000| Untracked |  0
|  69|0x0000000712200000, 0x0000000712200000, 0x0000000712400000|  0%| F|  |TAMS 0x0000000712200000| PB 0x0000000712200000| Untracked |  0
|  70|0x0000000712400000, 0x0000000712400000, 0x0000000712600000|  0%| F|  |TAMS 0x0000000712400000| PB 0x0000000712400000| Untracked |  0
|  71|0x0000000712600000, 0x0000000712600000, 0x0000000712800000|  0%| F|  |TAMS 0x0000000712600000| PB 0x0000000712600000| Untracked |  0
|  72|0x0000000712800000, 0x0000000712800000, 0x0000000712a00000|  0%| F|  |TAMS 0x0000000712800000| PB 0x0000000712800000| Untracked |  0
|  73|0x0000000712a00000, 0x0000000712a00000, 0x0000000712c00000|  0%| F|  |TAMS 0x0000000712a00000| PB 0x0000000712a00000| Untracked |  0
|  74|0x0000000712c00000, 0x0000000712c00000, 0x0000000712e00000|  0%| F|  |TAMS 0x0000000712c00000| PB 0x0000000712c00000| Untracked |  0
|  75|0x0000000712e00000, 0x0000000712e00000, 0x0000000713000000|  0%| F|  |TAMS 0x0000000712e00000| PB 0x0000000712e00000| Untracked |  0
|  76|0x0000000713000000, 0x0000000713000000, 0x0000000713200000|  0%| F|  |TAMS 0x0000000713000000| PB 0x0000000713000000| Untracked |  0
|  77|0x0000000713200000, 0x0000000713200000, 0x0000000713400000|  0%| F|  |TAMS 0x0000000713200000| PB 0x0000000713200000| Untracked |  0
|  78|0x0000000713400000, 0x0000000713400000, 0x0000000713600000|  0%| F|  |TAMS 0x0000000713400000| PB 0x0000000713400000| Untracked |  0
|  79|0x0000000713600000, 0x0000000713600000, 0x0000000713800000|  0%| F|  |TAMS 0x0000000713600000| PB 0x0000000713600000| Untracked |  0
|  80|0x0000000713800000, 0x0000000713800000, 0x0000000713a00000|  0%| F|  |TAMS 0x0000000713800000| PB 0x0000000713800000| Untracked |  0
|  81|0x0000000713a00000, 0x0000000713a00000, 0x0000000713c00000|  0%| F|  |TAMS 0x0000000713a00000| PB 0x0000000713a00000| Untracked |  0
|  82|0x0000000713c00000, 0x0000000713c00000, 0x0000000713e00000|  0%| F|  |TAMS 0x0000000713c00000| PB 0x0000000713c00000| Untracked |  0
|  83|0x0000000713e00000, 0x0000000713e00000, 0x0000000714000000|  0%| F|  |TAMS 0x0000000713e00000| PB 0x0000000713e00000| Untracked |  0
|  84|0x0000000714000000, 0x0000000714000000, 0x0000000714200000|  0%| F|  |TAMS 0x0000000714000000| PB 0x0000000714000000| Untracked |  0
|  85|0x0000000714200000, 0x0000000714200000, 0x0000000714400000|  0%| F|  |TAMS 0x0000000714200000| PB 0x0000000714200000| Untracked |  0
|  86|0x0000000714400000, 0x0000000714400000, 0x0000000714600000|  0%| F|  |TAMS 0x0000000714400000| PB 0x0000000714400000| Untracked |  0
|  87|0x0000000714600000, 0x0000000714600000, 0x0000000714800000|  0%| F|  |TAMS 0x0000000714600000| PB 0x0000000714600000| Untracked |  0
|  88|0x0000000714800000, 0x0000000714800000, 0x0000000714a00000|  0%| F|  |TAMS 0x0000000714800000| PB 0x0000000714800000| Untracked |  0
|  89|0x0000000714a00000, 0x0000000714a00000, 0x0000000714c00000|  0%| F|  |TAMS 0x0000000714a00000| PB 0x0000000714a00000| Untracked |  0
|  90|0x0000000714c00000, 0x0000000714c00000, 0x0000000714e00000|  0%| F|  |TAMS 0x0000000714c00000| PB 0x0000000714c00000| Untracked |  0
|  91|0x0000000714e00000, 0x0000000714e00000, 0x0000000715000000|  0%| F|  |TAMS 0x0000000714e00000| PB 0x0000000714e00000| Untracked |  0
|  92|0x0000000715000000, 0x0000000715000000, 0x0000000715200000|  0%| F|  |TAMS 0x0000000715000000| PB 0x0000000715000000| Untracked |  0
|  93|0x0000000715200000, 0x0000000715200000, 0x0000000715400000|  0%| F|  |TAMS 0x0000000715200000| PB 0x0000000715200000| Untracked |  0
|  94|0x0000000715400000, 0x0000000715400000, 0x0000000715600000|  0%| F|  |TAMS 0x0000000715400000| PB 0x0000000715400000| Untracked |  0
|  95|0x0000000715600000, 0x0000000715600000, 0x0000000715800000|  0%| F|  |TAMS 0x0000000715600000| PB 0x0000000715600000| Untracked |  0
|  96|0x0000000715800000, 0x0000000715800000, 0x0000000715a00000|  0%| F|  |TAMS 0x0000000715800000| PB 0x0000000715800000| Untracked |  0
|  97|0x0000000715a00000, 0x0000000715a00000, 0x0000000715c00000|  0%| F|  |TAMS 0x0000000715a00000| PB 0x0000000715a00000| Untracked |  0
|  98|0x0000000715c00000, 0x0000000715c00000, 0x0000000715e00000|  0%| F|  |TAMS 0x0000000715c00000| PB 0x0000000715c00000| Untracked |  0
|  99|0x0000000715e00000, 0x0000000715e00000, 0x0000000716000000|  0%| F|  |TAMS 0x0000000715e00000| PB 0x0000000715e00000| Untracked |  0
| 100|0x0000000716000000, 0x0000000716000000, 0x0000000716200000|  0%| F|  |TAMS 0x0000000716000000| PB 0x0000000716000000| Untracked |  0
| 101|0x0000000716200000, 0x0000000716200000, 0x0000000716400000|  0%| F|  |TAMS 0x0000000716200000| PB 0x0000000716200000| Untracked |  0
| 102|0x0000000716400000, 0x0000000716400000, 0x0000000716600000|  0%| F|  |TAMS 0x0000000716400000| PB 0x0000000716400000| Untracked |  0
| 103|0x0000000716600000, 0x0000000716600000, 0x0000000716800000|  0%| F|  |TAMS 0x0000000716600000| PB 0x0000000716600000| Untracked |  0
| 104|0x0000000716800000, 0x0000000716800000, 0x0000000716a00000|  0%| F|  |TAMS 0x0000000716800000| PB 0x0000000716800000| Untracked |  0
| 105|0x0000000716a00000, 0x0000000716a00000, 0x0000000716c00000|  0%| F|  |TAMS 0x0000000716a00000| PB 0x0000000716a00000| Untracked |  0
| 106|0x0000000716c00000, 0x0000000716c00000, 0x0000000716e00000|  0%| F|  |TAMS 0x0000000716c00000| PB 0x0000000716c00000| Untracked |  0
| 107|0x0000000716e00000, 0x0000000716e00000, 0x0000000717000000|  0%| F|  |TAMS 0x0000000716e00000| PB 0x0000000716e00000| Untracked |  0
| 108|0x0000000717000000, 0x0000000717000000, 0x0000000717200000|  0%| F|  |TAMS 0x0000000717000000| PB 0x0000000717000000| Untracked |  0
| 109|0x0000000717200000, 0x0000000717200000, 0x0000000717400000|  0%| F|  |TAMS 0x0000000717200000| PB 0x0000000717200000| Untracked |  0
| 110|0x0000000717400000, 0x0000000717400000, 0x0000000717600000|  0%| F|  |TAMS 0x0000000717400000| PB 0x0000000717400000| Untracked |  0
| 111|0x0000000717600000, 0x0000000717600000, 0x0000000717800000|  0%| F|  |TAMS 0x0000000717600000| PB 0x0000000717600000| Untracked |  0
| 112|0x0000000717800000, 0x0000000717892d38, 0x0000000717a00000| 28%| S|CS|TAMS 0x0000000717800000| PB 0x0000000717800000| Complete |  0
| 113|0x0000000717a00000, 0x0000000717c00000, 0x0000000717c00000|100%| S|CS|TAMS 0x0000000717a00000| PB 0x0000000717a00000| Complete |  0
| 114|0x0000000717c00000, 0x0000000717c00000, 0x0000000717e00000|  0%| F|  |TAMS 0x0000000717c00000| PB 0x0000000717c00000| Untracked |  0
| 115|0x0000000717e00000, 0x0000000717e00000, 0x0000000718000000|  0%| F|  |TAMS 0x0000000717e00000| PB 0x0000000717e00000| Untracked |  0
| 116|0x0000000718000000, 0x0000000718000000, 0x0000000718200000|  0%| F|  |TAMS 0x0000000718000000| PB 0x0000000718000000| Untracked |  0
| 117|0x0000000718200000, 0x0000000718298b60, 0x0000000718400000| 29%| E|  |TAMS 0x0000000718200000| PB 0x0000000718200000| Complete |  0
| 118|0x0000000718400000, 0x0000000718600000, 0x0000000718600000|100%| E|CS|TAMS 0x0000000718400000| PB 0x0000000718400000| Complete |  0
| 119|0x0000000718600000, 0x0000000718800000, 0x0000000718800000|100%| E|CS|TAMS 0x0000000718600000| PB 0x0000000718600000| Complete |  0
| 120|0x0000000718800000, 0x0000000718a00000, 0x0000000718a00000|100%| E|CS|TAMS 0x0000000718800000| PB 0x0000000718800000| Complete |  0
| 121|0x0000000718a00000, 0x0000000718c00000, 0x0000000718c00000|100%| E|  |TAMS 0x0000000718a00000| PB 0x0000000718a00000| Complete |  0
| 122|0x0000000718c00000, 0x0000000718e00000, 0x0000000718e00000|100%| E|CS|TAMS 0x0000000718c00000| PB 0x0000000718c00000| Complete |  0
| 123|0x0000000718e00000, 0x0000000719000000, 0x0000000719000000|100%| E|CS|TAMS 0x0000000718e00000| PB 0x0000000718e00000| Complete |  0

Card table byte_map: [0x0000024a80b00000,0x0000024a812c0000] _byte_map_base: 0x0000024a7d2b4000

Marking Bits: (CMBitMap*) 0x0000024ae85369c0
 Bits: [0x0000024a812c0000, 0x0000024a85060000)

Polling page: 0x0000024ae7bd0000

Metaspace:

Usage:
  Non-class:      7.44 MB used.
      Class:    992.99 KB used.
       Both:      8.41 MB used.

Virtual space:
  Non-class space:       64.00 MB reserved,       7.56 MB ( 12%) committed,  1 nodes.
      Class space:        1.00 GB reserved,       1.06 MB ( <1%) committed,  1 nodes.
             Both:        1.06 GB reserved,       8.62 MB ( <1%) committed. 

Chunk freelists:
   Non-Class:  8.19 MB
       Class:  14.95 MB
        Both:  23.13 MB

MaxMetaspaceSize: unlimited
CompressedClassSpaceSize: 1.00 GB
Initial GC threshold: 21.00 MB
Current GC threshold: 21.00 MB
CDS: on
 - commit_granule_bytes: 65536.
 - commit_granule_words: 8192.
 - virtual_space_node_default_size: 8388608.
 - enlarge_chunks_in_place: 1.
 - use_allocation_guard: 0.


Internal statistics:

num_allocs_failed_limit: 0.
num_arena_births: 248.
num_arena_deaths: 0.
num_vsnodes_births: 2.
num_vsnodes_deaths: 0.
num_space_committed: 138.
num_space_uncommitted: 0.
num_chunks_returned_to_freelist: 0.
num_chunks_taken_from_freelist: 391.
num_chunk_merges: 0.
num_chunk_splits: 230.
num_chunks_enlarged: 131.
num_inconsistent_stats: 0.

CodeHeap 'non-profiled nmethods': size=120064Kb used=469Kb max_used=469Kb free=119595Kb
 bounds [0x0000024af86c0000, 0x0000024af8930000, 0x0000024affc00000]
CodeHeap 'profiled nmethods': size=120000Kb used=1918Kb max_used=1918Kb free=118081Kb
 bounds [0x0000024af0c00000, 0x0000024af0e70000, 0x0000024af8130000]
CodeHeap 'non-nmethods': size=5696Kb used=1515Kb max_used=1527Kb free=4180Kb
 bounds [0x0000024af8130000, 0x0000024af83a0000, 0x0000024af86c0000]
CodeCache: size=245760Kb, used=3902Kb, max_used=3914Kb, free=241856Kb
 total_blobs=2114, nmethods=1507, adapters=513, full_count=0
Compilation: enabled, stopped_count=0, restarted_count=0

Compilation events (20 events):
Event: 17.524 Thread 0x0000024a87cf28f0 1499       3       java.io.ObjectStreamField::isPrimitive (23 bytes)
Event: 17.525 Thread 0x0000024a87cf28f0 nmethod 1499 0x0000024af0dd7808 code [0x0000024af0dd79a0, 0x0000024af0dd8048]
Event: 17.525 Thread 0x0000024a87cf28f0 1498       3       java.lang.StringLatin1::writeDigitPair (21 bytes)
Event: 17.525 Thread 0x0000024a87cf28f0 nmethod 1498 0x0000024af0dd8108 code [0x0000024af0dd8220, 0x0000024af0dd83f0]
Event: 17.856 Thread 0x0000024a87cf28f0 1500       3       java.lang.invoke.MethodHandle::asType (28 bytes)
Event: 17.856 Thread 0x0000024a87cf28f0 nmethod 1500 0x0000024af0dd8408 code [0x0000024af0dd8540, 0x0000024af0dd8780]
Event: 17.856 Thread 0x0000024a87cf28f0 1501   !   3       java.lang.invoke.MethodHandleNatives::linkMethodHandleConstant (50 bytes)
Event: 17.857 Thread 0x0000024a87cf28f0 nmethod 1501 0x0000024af0dd8808 code [0x0000024af0dd8960, 0x0000024af0dd8b68]
Event: 17.857 Thread 0x0000024a87cf28f0 1502       3       java.lang.invoke.MethodHandles$Lookup::linkMethodHandleConstant (227 bytes)
Event: 17.858 Thread 0x0000024a87cf28f0 nmethod 1502 0x0000024af0dd8b88 code [0x0000024af0dd8ee0, 0x0000024af0dda5f0]
Event: 17.859 Thread 0x0000024a87cf28f0 1503       3       jdk.internal.classfile.impl.AbstractPoolEntry::maybeClone (9 bytes)
Event: 17.859 Thread 0x0000024a87cf28f0 nmethod 1503 0x0000024af0dda688 code [0x0000024af0dda7c0, 0x0000024af0ddaa58]
Event: 17.859 Thread 0x0000024a87cf28f0 1504       3       java.nio.HeapByteBuffer::byteOffset (7 bytes)
Event: 17.859 Thread 0x0000024a87cf28f0 nmethod 1504 0x0000024af0ddaa88 code [0x0000024af0ddaba0, 0x0000024af0ddacb0]
Event: 17.859 Thread 0x0000024a87cf28f0 1505       3       jdk.internal.classfile.impl.AbstractPoolEntry$Utf8EntryImpl::writeTo (406 bytes)
Event: 17.863 Thread 0x0000024a87cf28f0 nmethod 1505 0x0000024af0ddad88 code [0x0000024af0ddb1c0, 0x0000024af0ddd550]
Event: 17.864 Thread 0x0000024a87cf28f0 1506       3       jdk.internal.loader.NativeLibraries$NativeLibraryImpl::find (9 bytes)
Event: 17.864 Thread 0x0000024a87cf28f0 nmethod 1506 0x0000024af0ddd688 code [0x0000024af0ddd7a0, 0x0000024af0ddd8e0]
Event: 17.881 Thread 0x0000024a87cf28f0 1507       3       jdk.internal.loader.BuiltinClassLoader::isSealed (71 bytes)
Event: 17.884 Thread 0x0000024a87cf28f0 nmethod 1507 0x0000024af0ddd988 code [0x0000024af0dddd60, 0x0000024af0ddf9e8]

GC Heap History (4 events):
Event: 2.645 GC heap before
{Heap before GC invocations=0 (full 0):
 garbage-first heap   total reserved 4038656K, committed 253952K, used 26624K [0x0000000709800000, 0x0000000800000000)
  region size 2048K, 12 young (24576K), 0 survivors (0K)
 Metaspace       used 8417K, committed 8640K, reserved 1114112K
  class space    used 983K, committed 1088K, reserved 1048576K
}
Event: 2.653 GC heap after
{Heap after GC invocations=1 (full 0):
 garbage-first heap   total reserved 4038656K, committed 253952K, used 4500K [0x0000000709800000, 0x0000000800000000)
  region size 2048K, 2 young (4096K), 2 survivors (4096K)
 Metaspace       used 8417K, committed 8640K, reserved 1114112K
  class space    used 983K, committed 1088K, reserved 1048576K
}
Event: 10.916 GC heap before
{Heap before GC invocations=1 (full 0):
 garbage-first heap   total reserved 4038656K, committed 253952K, used 51604K [0x0000000709800000, 0x0000000800000000)
  region size 2048K, 12 young (24576K), 2 survivors (4096K)
 Metaspace       used 8505K, committed 8832K, reserved 1114112K
  class space    used 986K, committed 1088K, reserved 1048576K
}
Event: 10.921 GC heap after
{Heap after GC invocations=2 (full 0):
 garbage-first heap   total reserved 4038656K, committed 253952K, used 6125K [0x0000000709800000, 0x0000000800000000)
  region size 2048K, 2 young (4096K), 2 survivors (4096K)
 Metaspace       used 8505K, committed 8832K, reserved 1114112K
  class space    used 986K, committed 1088K, reserved 1048576K
}

Dll operation events (13 events):
Event: 0.022 Loaded shared library C:\Users\dbidy\.jdks\openjdk-23.0.2\bin\java.dll
Event: 0.069 Loaded shared library C:\Users\dbidy\.jdks\openjdk-23.0.2\bin\jsvml.dll
Event: 0.162 Loaded shared library C:\Users\dbidy\.jdks\openjdk-23.0.2\bin\zip.dll
Event: 0.167 Loaded shared library C:\Users\dbidy\.jdks\openjdk-23.0.2\bin\instrument.dll
Event: 0.176 Loaded shared library C:\Users\dbidy\.jdks\openjdk-23.0.2\bin\net.dll
Event: 0.182 Loaded shared library C:\Users\dbidy\.jdks\openjdk-23.0.2\bin\nio.dll
Event: 0.190 Loaded shared library C:\Users\dbidy\.jdks\openjdk-23.0.2\bin\zip.dll
Event: 0.237 Loaded shared library C:\Users\dbidy\.jdks\openjdk-23.0.2\bin\extnet.dll
Event: 0.247 Loaded shared library C:\Users\dbidy\.jdks\openjdk-23.0.2\bin\jimage.dll
Event: 0.311 Loaded shared library C:\Users\dbidy\.jdks\openjdk-23.0.2\bin\management.dll
Event: 0.330 Loaded shared library C:\Users\dbidy\.jdks\openjdk-23.0.2\bin\management_ext.dll
Event: 0.465 Loaded shared library C:\Users\dbidy\AppData\Local\Temp\jwm_866211016490100\jwm_x64.dll
Event: 0.582 Loaded shared library C:\Users\dbidy\AppData\Local\Temp\skija_0.116.4_x64\skija.dll

Deoptimization events (20 events):
Event: 1.209 Thread 0x0000024ae84d0080 Uncommon trap: trap_request=0xffffff45 fr.pc=0x0000024af86ff1d4 relative=0x0000000000000054
Event: 1.209 Thread 0x0000024ae84d0080 Uncommon trap: reason=unstable_if action=reinterpret pc=0x0000024af86ff1d4 method=java.lang.CharacterData.of(I)Ljava/lang/CharacterData; @ 4 c2
Event: 1.209 Thread 0x0000024ae84d0080 DEOPT PACKING pc=0x0000024af86ff1d4 sp=0x000000a8da7fe150
Event: 1.209 Thread 0x0000024ae84d0080 DEOPT UNPACKING pc=0x0000024af8184402 sp=0x000000a8da7fe0f0 mode 2
Event: 1.214 Thread 0x0000024ae84d0080 Uncommon trap: trap_request=0xffffff6e fr.pc=0x0000024af870eb20 relative=0x0000000000000400
Event: 1.214 Thread 0x0000024ae84d0080 Uncommon trap: reason=loop_limit_check action=maybe_recompile pc=0x0000024af870eb20 method=java.lang.StringLatin1.indexOf([BI[BII)I @ 37 c2
Event: 1.214 Thread 0x0000024ae84d0080 DEOPT PACKING pc=0x0000024af870eb20 sp=0x000000a8da7fdda0
Event: 1.214 Thread 0x0000024ae84d0080 DEOPT UNPACKING pc=0x0000024af8184402 sp=0x000000a8da7fdd28 mode 2
Event: 2.663 Thread 0x0000024ae84d0080 Uncommon trap: trap_request=0xffffff45 fr.pc=0x0000024af871dae8 relative=0x00000000000000e8
Event: 2.663 Thread 0x0000024ae84d0080 Uncommon trap: reason=unstable_if action=reinterpret pc=0x0000024af871dae8 method=java.lang.ref.SoftReference.get()Ljava/lang/Object; @ 17 c2
Event: 2.663 Thread 0x0000024ae84d0080 DEOPT PACKING pc=0x0000024af871dae8 sp=0x000000a8da7fe5b0
Event: 2.663 Thread 0x0000024ae84d0080 DEOPT UNPACKING pc=0x0000024af8184402 sp=0x000000a8da7fe560 mode 2
Event: 2.710 Thread 0x0000024acde34d50 Uncommon trap: trap_request=0xffffff45 fr.pc=0x0000024af87241c0 relative=0x00000000000000a0
Event: 2.710 Thread 0x0000024acde34d50 Uncommon trap: reason=unstable_if action=reinterpret pc=0x0000024af87241c0 method=java.lang.ref.ReferenceQueue.headIsNull()Z @ 4 c2
Event: 2.710 Thread 0x0000024acde34d50 DEOPT PACKING pc=0x0000024af87241c0 sp=0x000000a8dc0fd4e0
Event: 2.710 Thread 0x0000024acde34d50 DEOPT UNPACKING pc=0x0000024af8184402 sp=0x000000a8dc0fd3a0 mode 2
Event: 2.710 Thread 0x0000024acde34d50 Uncommon trap: trap_request=0xffffff45 fr.pc=0x0000024af87288dc relative=0x000000000000005c
Event: 2.710 Thread 0x0000024acde34d50 Uncommon trap: reason=unstable_if action=reinterpret pc=0x0000024af87288dc method=java.lang.ref.ReferenceQueue.headIsNull()Z @ 4 c2
Event: 2.710 Thread 0x0000024acde34d50 DEOPT PACKING pc=0x0000024af87288dc sp=0x000000a8dc0fd470
Event: 2.710 Thread 0x0000024acde34d50 DEOPT UNPACKING pc=0x0000024af8184402 sp=0x000000a8dc0fd3a0 mode 2

Classes loaded (20 events):
Event: 1.177 Loading class java/lang/invoke/DirectMethodHandle$Special
Event: 1.177 Loading class java/lang/invoke/DirectMethodHandle$Special done
Event: 1.202 Loading class sun/util/resources/LocaleData$CommonResourceBundleProvider
Event: 1.202 Loading class sun/util/resources/LocaleData$LocaleDataResourceBundleProvider
Event: 1.202 Loading class java/util/spi/ResourceBundleProvider
Event: 1.202 Loading class java/util/spi/ResourceBundleProvider done
Event: 1.202 Loading class sun/util/resources/LocaleData$LocaleDataResourceBundleProvider done
Event: 1.202 Loading class sun/util/resources/LocaleData$CommonResourceBundleProvider done
Event: 1.203 Loading class sun/util/resources/Bundles$2
Event: 1.203 Loading class sun/util/resources/Bundles$2 done
Event: 1.204 Loading class java/lang/InstantiationException
Event: 1.204 Loading class java/lang/InstantiationException done
Event: 2.640 Loading class jdk/internal/foreign/MemorySessionImpl
Event: 2.641 Loading class java/lang/foreign/MemorySegment$Scope
Event: 2.641 Loading class java/lang/foreign/MemorySegment$Scope done
Event: 2.641 Loading class jdk/internal/foreign/MemorySessionImpl done
Event: 2.718 Loading class javax/management/openmbean/CompositeDataSupport
Event: 2.719 Loading class javax/management/openmbean/CompositeDataSupport done
Event: 2.719 Loading class javax/management/openmbean/OpenDataException
Event: 2.720 Loading class javax/management/openmbean/OpenDataException done

Classes unloaded (0 events):
No events

Classes redefined (0 events):
No events

Internal exceptions (20 events):
Event: 0.431 Thread 0x0000024a87cdb770 Exception <a 'java/lang/NoSuchMethodError'{0x0000000718929b00}: 'void java.lang.invoke.DirectMethodHandle$Holder.invokeStatic(java.lang.Object, int, java.lang.Object)'> (0x0000000718929b00) 
thrown [s\open\src\hotspot\share\interpreter\linkResolver.cpp, line 796]
Event: 0.459 Thread 0x0000024a87cdb770 Exception <a 'java/lang/NoSuchMethodError'{0x00000007189700e8}: 'int java.lang.invoke.DirectMethodHandle$Holder.invokeSpecial(java.lang.Object, java.lang.Object, java.lang.Object)'> (0x00000007189700e8) 
thrown [s\open\src\hotspot\share\interpreter\linkResolver.cpp, line 796]
Event: 0.504 Thread 0x0000024ae84d0080 Exception <a 'java/lang/NoSuchMethodError'{0x0000000718617008}: 'void java.lang.invoke.DirectMethodHandle$Holder.invokeStatic(java.lang.Object, long, java.lang.Object)'> (0x0000000718617008) 
thrown [s\open\src\hotspot\share\interpreter\linkResolver.cpp, line 796]
Event: 0.505 Thread 0x0000024ae84d0080 Exception <a 'java/lang/NoSuchMethodError'{0x000000071861c258}: 'java.lang.Object java.lang.invoke.DirectMethodHandle$Holder.newInvokeSpecial(java.lang.Object, long)'> (0x000000071861c258) 
thrown [s\open\src\hotspot\share\interpreter\linkResolver.cpp, line 796]
Event: 0.520 Thread 0x0000024a87cdb770 Exception <a 'java/lang/NoSuchMethodError'{0x00000007187c1030}: 'java.lang.Object java.lang.invoke.DirectMethodHandle$Holder.invokeStaticInit(java.lang.Object, java.lang.Object, java.lang.Object)'> (0x00000007187c1030) 
thrown [s\open\src\hotspot\share\interpreter\linkResolver.cpp, line 796]
Event: 0.735 Thread 0x0000024a87cdb770 Exception <a 'java/lang/NoSuchMethodError'{0x0000000718034248}: 'java.lang.Object java.lang.invoke.DirectMethodHandle$Holder.invokeStaticInit(java.lang.Object, int, int, int, int)'> (0x0000000718034248) 
thrown [s\open\src\hotspot\share\interpreter\linkResolver.cpp, line 796]
Event: 0.787 Thread 0x0000024a87cdb770 Exception <a 'java/lang/NoSuchMethodError'{0x00000007180f2e08}: 'java.lang.Object java.lang.invoke.DirectMethodHandle$Holder.invokeStaticInit(java.lang.Object, java.lang.Object, int, int, int, int)'> (0x00000007180f2e08) 
thrown [s\open\src\hotspot\share\interpreter\linkResolver.cpp, line 796]
Event: 0.818 Thread 0x0000024a87cdb770 Exception <a 'java/lang/ClassNotFoundException'{0x0000000718115478}: javax/management/remote/rmi/RMIServerImpl_Skel> (0x0000000718115478) 
thrown [s\open\src\hotspot\share\classfile\systemDictionary.cpp, line 313]
Event: 0.836 Thread 0x0000024a87cdb770 Exception <a 'java/lang/NoSuchMethodError'{0x0000000718130f08}: 'long java.lang.invoke.DirectMethodHandle$Holder.invokeSpecial(java.lang.Object, java.lang.Object)'> (0x0000000718130f08) 
thrown [s\open\src\hotspot\share\interpreter\linkResolver.cpp, line 796]
Event: 0.836 Thread 0x0000024a87cdb770 Exception <a 'java/lang/NoSuchMethodError'{0x00000007181345f8}: 'long java.lang.invoke.Invokers$Holder.invokeExact_MT(java.lang.Object, java.lang.Object)'> (0x00000007181345f8) 
thrown [s\open\src\hotspot\share\interpreter\linkResolver.cpp, line 796]
Event: 0.887 Thread 0x0000024acde34d50 Exception <a 'java/lang/NoSuchMethodError'{0x0000000717e4baf0}: static [B.<clinit>()V> (0x0000000717e4baf0) 
thrown [s\open\src\hotspot\share\prims\jni.cpp, line 1111]
Event: 0.889 Thread 0x0000024acde34d50 Exception <a 'java/lang/NoSuchMethodError'{0x0000000717e4fca0}: 'java.lang.Object java.lang.invoke.DirectMethodHandle$Holder.invokeInterface(java.lang.Object, java.lang.Object, java.lang.Object)'> (0x0000000717e4fca0) 
thrown [s\open\src\hotspot\share\interpreter\linkResolver.cpp, line 796]
Event: 0.903 Thread 0x0000024acde34d50 Exception <a 'java/lang/ClassNotFoundException'{0x0000000717e75420}: javax/management/remote/rmi/RMIConnectionImpl_Skel> (0x0000000717e75420) 
thrown [s\open\src\hotspot\share\classfile\systemDictionary.cpp, line 313]
Event: 0.909 Thread 0x0000024ad0280990 Exception <a 'java/lang/NoSuchMethodError'{0x0000000717f222c8}: 'java.lang.Object java.lang.invoke.Invokers$Holder.linkToTargetMethod(java.lang.Object, long, java.lang.Object)'> (0x0000000717f222c8) 
thrown [s\open\src\hotspot\share\interpreter\linkResolver.cpp, line 796]
Event: 0.917 Thread 0x0000024acde34d50 Exception <a 'java/lang/NoSuchMethodError'{0x0000000717fa3358}: 'int java.lang.invoke.DelegatingMethodHandle$Holder.reinvoke_L(java.lang.Object, java.lang.Object, java.lang.Object, java.lang.Object, java.lang.Object)'> (0x0000000717fa3358) 
thrown [s\open\src\hotspot\share\interpreter\linkResolver.cpp, line 796]
Event: 0.925 Thread 0x0000024acde34d50 Exception <a 'java/lang/NoSuchMethodError'{0x0000000717fbf020}: 'java.lang.Object java.lang.invoke.DirectMethodHandle$Holder.invokeInterface(java.lang.Object, java.lang.Object, java.lang.Object, java.lang.Object, java.lang.Object)'> (0x0000000717fbf020) 
thrown [s\open\src\hotspot\share\interpreter\linkResolver.cpp, line 796]
Event: 0.932 Thread 0x0000024acde34d50 Exception <a 'java/lang/NoSuchMethodError'{0x0000000717fe2458}: 'double java.lang.invoke.DirectMethodHandle$Holder.invokeInterface(java.lang.Object, java.lang.Object)'> (0x0000000717fe2458) 
thrown [s\open\src\hotspot\share\interpreter\linkResolver.cpp, line 796]
Event: 0.933 Thread 0x0000024acde34d50 Exception <a 'java/lang/NoSuchMethodError'{0x0000000717fe9e28}: 'double java.lang.invoke.DelegatingMethodHandle$Holder.reinvoke_L(java.lang.Object, java.lang.Object)'> (0x0000000717fe9e28) 
thrown [s\open\src\hotspot\share\interpreter\linkResolver.cpp, line 796]
Event: 2.716 Thread 0x0000024acde34d50 Exception <a 'java/lang/NoSuchMethodError'{0x0000000718d0e570}: 'long java.lang.invoke.DirectMethodHandle$Holder.invokeVirtual(java.lang.Object, java.lang.Object)'> (0x0000000718d0e570) 
thrown [s\open\src\hotspot\share\interpreter\linkResolver.cpp, line 796]
Event: 2.717 Thread 0x0000024acde34d50 Exception <a 'java/lang/NoSuchMethodError'{0x0000000718d11b68}: 'long java.lang.invoke.DelegatingMethodHandle$Holder.reinvoke_L(java.lang.Object, java.lang.Object)'> (0x0000000718d11b68) 
thrown [s\open\src\hotspot\share\interpreter\linkResolver.cpp, line 796]

VM Operations (20 events):
Event: 0.320 Executing VM operation: HandshakeAllThreads (Deoptimize)
Event: 0.321 Executing VM operation: HandshakeAllThreads (Deoptimize) done
Event: 0.345 Executing VM operation: HandshakeAllThreads (Deoptimize)
Event: 0.345 Executing VM operation: HandshakeAllThreads (Deoptimize) done
Event: 0.397 Executing VM operation: HandshakeAllThreads (Deoptimize)
Event: 0.397 Executing VM operation: HandshakeAllThreads (Deoptimize) done
Event: 0.416 Executing VM operation: HandshakeAllThreads (Deoptimize)
Event: 0.416 Executing VM operation: HandshakeAllThreads (Deoptimize) done
Event: 0.685 Executing VM operation: HandshakeAllThreads (Deoptimize)
Event: 0.685 Executing VM operation: HandshakeAllThreads (Deoptimize) done
Event: 0.816 Executing VM operation: HandshakeAllThreads (Deoptimize)
Event: 0.816 Executing VM operation: HandshakeAllThreads (Deoptimize) done
Event: 0.902 Executing VM operation: HandshakeAllThreads (Deoptimize)
Event: 0.902 Executing VM operation: HandshakeAllThreads (Deoptimize) done
Event: 1.209 Executing VM operation: HandshakeAllThreads (Deoptimize)
Event: 1.210 Executing VM operation: HandshakeAllThreads (Deoptimize) done
Event: 2.645 Executing VM operation: G1CollectForAllocation (G1 Evacuation Pause)
Event: 2.653 Executing VM operation: G1CollectForAllocation (G1 Evacuation Pause) done
Event: 10.916 Executing VM operation: G1CollectForAllocation (G1 Evacuation Pause)
Event: 10.921 Executing VM operation: G1CollectForAllocation (G1 Evacuation Pause) done

Memory protections (0 events):
No events

Nmethod flushes (0 events):
No events

Events (20 events):
Event: 0.065 Thread 0x0000024ae84d0080 Thread added: 0x0000024a87cda890
Event: 0.065 Thread 0x0000024ae84d0080 Thread added: 0x0000024a87cdb770
Event: 0.065 Thread 0x0000024ae84d0080 Thread added: 0x0000024a87cde2f0
Event: 0.066 Thread 0x0000024ae84d0080 Thread added: 0x0000024a87cdef50
Event: 0.066 Thread 0x0000024ae84d0080 Thread added: 0x0000024a87cf1890
Event: 0.066 Thread 0x0000024ae84d0080 Thread added: 0x0000024a87cf28f0
Event: 0.123 Thread 0x0000024ae84d0080 Thread added: 0x0000024acd133180
Event: 0.151 Thread 0x0000024a87cf28f0 Thread added: 0x0000024acd2285f0
Event: 0.220 Thread 0x0000024ae84d0080 Thread added: 0x0000024acd316fe0
Event: 0.220 Thread 0x0000024ae84d0080 Thread added: 0x0000024acd31be90
Event: 0.488 Thread 0x0000024ae84d0080 Thread added: 0x0000024acd92ffc0
Event: 0.605 Thread 0x0000024a87cf28f0 Thread added: 0x0000024acd3d8490
Event: 0.830 Thread 0x0000024a87cdb770 Thread added: 0x0000024acdb7ec00
Event: 0.854 Thread 0x0000024acdb7ec00 Thread added: 0x0000024acde34d50
Event: 0.886 Thread 0x0000024acde34d50 Thread added: 0x0000024acdad7980
Event: 0.899 Thread 0x0000024acde34d50 Thread added: 0x0000024ad0280990
Event: 1.135 Thread 0x0000024acd2285f0 Thread exited: 0x0000024acd2285f0
Event: 1.135 Thread 0x0000024acd3d8490 Thread exited: 0x0000024acd3d8490
Event: 1.159 Thread 0x0000024ae84d0080 Thread added: 0x0000024acd3f98f0
Event: 2.096 Thread 0x0000024acdb7ec00 Thread added: 0x0000024ad050c0d0


Dynamic libraries:
0x00007ff7f1130000 - 0x00007ff7f113e000 	C:\Users\dbidy\.jdks\openjdk-23.0.2\bin\java.exe
0x00007ff978e80000 - 0x00007ff9790e0000 	C:\WINDOWS\SYSTEM32\ntdll.dll
0x00007ff945d80000 - 0x00007ff945d9a000 	C:\Program Files\AVG\Antivirus\aswhook.dll
0x00007ff9776f0000 - 0x00007ff9777b7000 	C:\WINDOWS\System32\KERNEL32.DLL
0x00007ff9765f0000 - 0x00007ff9769ba000 	C:\WINDOWS\System32\KERNELBASE.dll
0x00007ff976260000 - 0x00007ff9763ab000 	C:\WINDOWS\System32\ucrtbase.dll
0x00007ff96d020000 - 0x00007ff96d03b000 	C:\Users\dbidy\.jdks\openjdk-23.0.2\bin\VCRUNTIME140.dll
0x00007ff9693c0000 - 0x00007ff9693d7000 	C:\Users\dbidy\.jdks\openjdk-23.0.2\bin\jli.dll
0x00007ff976ca0000 - 0x00007ff976e6c000 	C:\WINDOWS\System32\USER32.dll
0x00007ff9765c0000 - 0x00007ff9765e7000 	C:\WINDOWS\System32\win32u.dll
0x00007ff957960000 - 0x00007ff957bf7000 	C:\WINDOWS\WinSxS\amd64_microsoft.windows.common-controls_6595b64144ccf1df_6.0.26100.3624_none_3e086962e3345f24\COMCTL32.dll
0x00007ff976e70000 - 0x00007ff976e9a000 	C:\WINDOWS\System32\GDI32.dll
0x00007ff976ea0000 - 0x00007ff976f49000 	C:\WINDOWS\System32\msvcrt.dll
0x00007ff976b40000 - 0x00007ff976c71000 	C:\WINDOWS\System32\gdi32full.dll
0x00007ff976060000 - 0x00007ff976103000 	C:\WINDOWS\System32\msvcp_win.dll
0x00007ff9788c0000 - 0x00007ff9788ef000 	C:\WINDOWS\System32\IMM32.DLL
0x00007ff970280000 - 0x00007ff97028c000 	C:\Users\dbidy\.jdks\openjdk-23.0.2\bin\vcruntime140_1.dll
0x00007ff93f610000 - 0x00007ff93f69e000 	C:\Users\dbidy\.jdks\openjdk-23.0.2\bin\msvcp140.dll
0x00007ff88d6f0000 - 0x00007ff88e440000 	C:\Users\dbidy\.jdks\openjdk-23.0.2\bin\server\jvm.dll
0x00007ff978660000 - 0x00007ff978712000 	C:\WINDOWS\System32\ADVAPI32.dll
0x00007ff978d20000 - 0x00007ff978dc6000 	C:\WINDOWS\System32\sechost.dll
0x00007ff978c00000 - 0x00007ff978d16000 	C:\WINDOWS\System32\RPCRT4.dll
0x00007ff978720000 - 0x00007ff978794000 	C:\WINDOWS\System32\WS2_32.dll
0x00007ff975820000 - 0x00007ff97587e000 	C:\WINDOWS\SYSTEM32\POWRPROF.dll
0x00007ff969ed0000 - 0x00007ff969f06000 	C:\WINDOWS\SYSTEM32\WINMM.dll
0x00007ff96dd30000 - 0x00007ff96dd3b000 	C:\WINDOWS\SYSTEM32\VERSION.dll
0x00007ff975800000 - 0x00007ff975814000 	C:\WINDOWS\SYSTEM32\UMPDC.dll
0x00007ff974e70000 - 0x00007ff974e8a000 	C:\WINDOWS\SYSTEM32\kernel.appcore.dll
0x00007ff965000000 - 0x00007ff96500a000 	C:\Users\dbidy\.jdks\openjdk-23.0.2\bin\jimage.dll
0x00007ff96c440000 - 0x00007ff96c681000 	C:\WINDOWS\SYSTEM32\DBGHELP.DLL
0x00007ff9777c0000 - 0x00007ff977b42000 	C:\WINDOWS\System32\combase.dll
0x00007ff978a20000 - 0x00007ff978af6000 	C:\WINDOWS\System32\OLEAUT32.dll
0x00007ff9646b0000 - 0x00007ff9646e9000 	C:\WINDOWS\SYSTEM32\dbgcore.DLL
0x00007ff9763b0000 - 0x00007ff976449000 	C:\WINDOWS\System32\bcryptPrimitives.dll
0x00007ff964ff0000 - 0x00007ff964fff000 	C:\Users\dbidy\.jdks\openjdk-23.0.2\bin\instrument.dll
0x00007ff964450000 - 0x00007ff96446e000 	C:\Users\dbidy\.jdks\openjdk-23.0.2\bin\java.dll
0x00007ff9784c0000 - 0x00007ff978656000 	C:\WINDOWS\System32\ole32.dll
0x00007ff976fc0000 - 0x00007ff9776e9000 	C:\WINDOWS\System32\SHELL32.dll
0x00007ff976450000 - 0x00007ff9765b8000 	C:\WINDOWS\System32\wintypes.dll
0x00007ff973d20000 - 0x00007ff974572000 	C:\WINDOWS\SYSTEM32\windows.storage.dll
0x00007ff9781f0000 - 0x00007ff9782dd000 	C:\WINDOWS\System32\SHCORE.dll
0x00007ff978dd0000 - 0x00007ff978e34000 	C:\WINDOWS\System32\shlwapi.dll
0x00007ff975f70000 - 0x00007ff975f9f000 	C:\WINDOWS\SYSTEM32\profapi.dll
0x00007ff92abb0000 - 0x00007ff92ac87000 	C:\Users\dbidy\.jdks\openjdk-23.0.2\bin\jsvml.dll
0x00007ff94e000000 - 0x00007ff94e017000 	C:\Users\dbidy\.jdks\openjdk-23.0.2\bin\zip.dll
0x00007ff9643d0000 - 0x00007ff9643e0000 	C:\Users\dbidy\.jdks\openjdk-23.0.2\bin\net.dll
0x00007ff975390000 - 0x00007ff9753fa000 	C:\WINDOWS\system32\mswsock.dll
0x00007ff94e190000 - 0x00007ff94e1a6000 	C:\Users\dbidy\.jdks\openjdk-23.0.2\bin\nio.dll
0x00007ff958470000 - 0x00007ff958479000 	C:\Users\dbidy\.jdks\openjdk-23.0.2\bin\extnet.dll
0x00007ff974990000 - 0x00007ff974ab5000 	C:\WINDOWS\SYSTEM32\DNSAPI.dll
0x00007ff9748f0000 - 0x00007ff974923000 	C:\WINDOWS\SYSTEM32\IPHLPAPI.DLL
0x00007ff9787a0000 - 0x00007ff9787aa000 	C:\WINDOWS\System32\NSI.dll
0x00007ff9705c0000 - 0x00007ff9705cb000 	C:\Windows\System32\rasadhlp.dll
0x00007ff970dc0000 - 0x00007ff970e45000 	C:\WINDOWS\System32\fwpuclnt.dll
0x00007ff952710000 - 0x00007ff95271a000 	C:\Users\dbidy\.jdks\openjdk-23.0.2\bin\management.dll
0x00007ff94e180000 - 0x00007ff94e18b000 	C:\Users\dbidy\.jdks\openjdk-23.0.2\bin\management_ext.dll
0x00007ff976c90000 - 0x00007ff976c98000 	C:\WINDOWS\System32\PSAPI.DLL
0x00007ff91a160000 - 0x00007ff91a1e2000 	C:\Users\dbidy\AppData\Local\Temp\jwm_866211016490100\jwm_x64.dll
0x00007ff94df80000 - 0x00007ff94dfa3000 	C:\WINDOWS\SYSTEM32\d3d12.dll
0x00007ff8dd620000 - 0x00007ff8dd72c000 	C:\WINDOWS\SYSTEM32\OPENGL32.dll
0x00007ff9734c0000 - 0x00007ff9735ee000 	C:\WINDOWS\SYSTEM32\dxgi.dll
0x00007ff94ba40000 - 0x00007ff94ba6d000 	C:\WINDOWS\SYSTEM32\GLU32.dll
0x00007ff973620000 - 0x00007ff973667000 	C:\WINDOWS\SYSTEM32\dxcore.dll
0x00007ff973430000 - 0x00007ff97348e000 	C:\WINDOWS\SYSTEM32\directxdatabasehelper.dll
0x00007ff975c90000 - 0x00007ff975cef000 	C:\WINDOWS\SYSTEM32\cfgmgr32.dll
0x00007ff973250000 - 0x00007ff9732fe000 	C:\WINDOWS\system32\uxtheme.dll
0x00007ff977c00000 - 0x00007ff977d5d000 	C:\WINDOWS\System32\MSCTF.dll
0x00007ff954d90000 - 0x00007ff954ed9000 	C:\WINDOWS\SYSTEM32\textinputframework.dll
0x00007ff96fd60000 - 0x00007ff96fe86000 	C:\WINDOWS\SYSTEM32\CoreMessaging.dll
0x00007ff9689c0000 - 0x00007ff968ca3000 	C:\WINDOWS\SYSTEM32\CoreUIComponents.dll
0x00007ff9756c0000 - 0x00007ff9756cc000 	C:\WINDOWS\SYSTEM32\CRYPTBASE.DLL
0x00007ff87b410000 - 0x00007ff87be1c000 	C:\Users\dbidy\AppData\Local\Temp\skija_0.116.4_x64\skija.dll
0x00007ff96f1d0000 - 0x00007ff96f64f000 	C:\WINDOWS\SYSTEM32\D3DCOMPILER_47.dll
0x00007ff9756a0000 - 0x00007ff9756bc000 	C:\WINDOWS\SYSTEM32\cryptsp.dll
0x00007ff962940000 - 0x00007ff96295a000 	C:\WINDOWS\SYSTEM32\windows.staterepositorycore.dll
0x00007ff874580000 - 0x00007ff876bb8000 	C:\WINDOWS\System32\DriverStore\FileRepository\nvam.inf_amd64_f6465e9eefbbdae5\nvoglv64.dll
0x00007ff977d60000 - 0x00007ff9781e6000 	C:\WINDOWS\System32\SETUPAPI.dll
0x00007ff972750000 - 0x00007ff972766000 	C:\WINDOWS\SYSTEM32\WTSAPI32.dll
0x00007ff9757c0000 - 0x00007ff9757d3000 	C:\WINDOWS\SYSTEM32\msasn1.dll
0x00007ff96dcf0000 - 0x00007ff96dd2b000 	C:\WINDOWS\SYSTEM32\cryptnet.dll
0x00007ff9769c0000 - 0x00007ff976b37000 	C:\WINDOWS\System32\CRYPT32.dll
0x00007ff975760000 - 0x00007ff9757bd000 	C:\WINDOWS\SYSTEM32\wldp.dll
0x00007ff96da00000 - 0x00007ff96db7c000 	C:\WINDOWS\SYSTEM32\drvstore.dll
0x00007ff975d00000 - 0x00007ff975d2d000 	C:\WINDOWS\SYSTEM32\devobj.dll
0x00007ff9761d0000 - 0x00007ff97624f000 	C:\WINDOWS\System32\WINTRUST.dll
0x00007ff974f90000 - 0x00007ff974fc5000 	C:\WINDOWS\SYSTEM32\ntmarta.dll
0x00007ff974dd0000 - 0x00007ff974e0a000 	C:\WINDOWS\system32\rsaenh.dll
0x00007ff975430000 - 0x00007ff97545b000 	C:\WINDOWS\SYSTEM32\USERENV.dll
0x00007ff975f40000 - 0x00007ff975f66000 	C:\WINDOWS\SYSTEM32\bcrypt.dll
0x00007ff950170000 - 0x00007ff950188000 	C:\WINDOWS\system32\napinsp.dll
0x00007ff950190000 - 0x00007ff9501a2000 	C:\WINDOWS\System32\winrnr.dll
0x00007ff9501b0000 - 0x00007ff9501e0000 	C:\WINDOWS\system32\nlansp_c.dll
0x00007ff96dcd0000 - 0x00007ff96dce6000 	C:\WINDOWS\system32\wshbth.dll
0x00007ff977bd0000 - 0x00007ff977bf0000 	C:\WINDOWS\System32\imagehlp.dll
0x00007ff9249d0000 - 0x00007ff9276e0000 	C:\WINDOWS\System32\DriverStore\FileRepository\nvam.inf_amd64_f6465e9eefbbdae5\nvgpucomp64.dll
0x00007ff92bcc0000 - 0x00007ff92bf91000 	C:\WINDOWS\system32\nvspcap64.dll
0x00007ff973670000 - 0x00007ff9736a6000 	C:\WINDOWS\SYSTEM32\dwmapi.dll
0x00007ff9754a0000 - 0x00007ff975507000 	C:\WINDOWS\SYSTEM32\WINSTA.dll
0x00007ff96ef60000 - 0x00007ff96f1c9000 	C:\WINDOWS\SYSTEM32\dwrite.dll

dbghelp: loaded successfully - version: 4.0.5 - missing functions: none
symbol engine: initialized successfully - sym options: 0x614 - pdb path: .;C:\Users\dbidy\.jdks\openjdk-23.0.2\bin;C:\WINDOWS\SYSTEM32;C:\Program Files\AVG\Antivirus;C:\WINDOWS\WinSxS\amd64_microsoft.windows.common-controls_6595b64144ccf1df_6.0.26100.3624_none_3e086962e3345f24;C:\Users\dbidy\.jdks\openjdk-23.0.2\bin\server;C:\Users\dbidy\AppData\Local\Temp\jwm_866211016490100;C:\Users\dbidy\AppData\Local\Temp\skija_0.116.4_x64;C:\WINDOWS\System32\DriverStore\FileRepository\nvam.inf_amd64_f6465e9eefbbdae5

VM Arguments:
jvm_args: -javaagent:C:\Program Files\JetBrains\IntelliJ IDEA 2024.3\lib\idea_rt.jar=57471 -Dfile.encoding=UTF-8 -Dsun.stdout.encoding=UTF-8 -Dsun.stderr.encoding=UTF-8 
java_command: ch.fhnw.team6.Main
java_class_path (initial): C:\school\ip2\wearAware\target\classes;C:\Users\dbidy\.m2\repository\com\google\code\gson\gson\2.10.1\gson-2.10.1.jar;C:\Users\dbidy\.m2\repository\io\github\humbleui\jwm\0.4.18\jwm-0.4.18.jar;C:\Users\dbidy\.m2\repository\io\github\humbleui\types\0.1.1\types-0.1.1.jar;C:\Users\dbidy\.m2\repository\io\github\humbleui\skija-windows-x64\0.116.4\skija-windows-x64-0.116.4.jar;C:\Users\dbidy\.m2\repository\io\github\humbleui\skija-shared\0.116.4\skija-shared-0.116.4.jar;C:\Users\dbidy\.m2\repository\io\github\humbleui\skija-macos-arm64\0.116.4\skija-macos-arm64-0.116.4.jar;C:\Users\dbidy\.m2\repository\io\github\humbleui\skija-macos-x64\0.116.4\skija-macos-x64-0.116.4.jar;C:\Users\dbidy\.m2\repository\io\github\humbleui\skija-linux-x64\0.116.4\skija-linux-x64-0.116.4.jar
Launcher Type: SUN_STANDARD

[Global flags]
     intx CICompilerCount                          = 4                                         {product} {ergonomic}
     uint ConcGCThreads                            = 3                                         {product} {ergonomic}
     uint G1ConcRefinementThreads                  = 10                                        {product} {ergonomic}
   size_t G1HeapRegionSize                         = 2097152                                   {product} {ergonomic}
   size_t InitialHeapSize                          = 260046848                                 {product} {ergonomic}
   size_t MarkStackSize                            = 4194304                                   {product} {ergonomic}
   size_t MarkStackSizeMax                         = 536870912                                 {product} {ergonomic}
   size_t MaxHeapSize                              = 4135583744                                {product} {ergonomic}
   size_t MaxNewSize                               = 2480930816                                {product} {ergonomic}
   size_t MinHeapDeltaBytes                        = 2097152                                   {product} {ergonomic}
   size_t MinHeapSize                              = 8388608                                   {product} {ergonomic}
    uintx NonNMethodCodeHeapSize                   = 5832704                                {pd product} {ergonomic}
    uintx NonProfiledCodeHeapSize                  = 122945536                              {pd product} {ergonomic}
    uintx ProfiledCodeHeapSize                     = 122880000                              {pd product} {ergonomic}
    uintx ReservedCodeCacheSize                    = 251658240                              {pd product} {ergonomic}
     bool SegmentedCodeCache                       = true                                      {product} {ergonomic}
   size_t SoftMaxHeapSize                          = 4135583744                             {manageable} {ergonomic}
     bool UseCompressedOops                        = true                           {product lp64_product} {ergonomic}
     bool UseG1GC                                  = true                                      {product} {ergonomic}
     bool UseLargePagesIndividualAllocation        = false                                  {pd product} {ergonomic}

Logging:
Log output configuration:
 #0: stdout all=warning uptime,level,tags foldmultilines=false
 #1: stderr all=off uptime,level,tags foldmultilines=false

Environment Variables:
PATH=C:\Program Files\Common Files\Oracle\Java\javapath;C:\Program Files (x86)\Common Files\Oracle\Java\javapath;C:\Users\dbidy\AppData\Local\Programs\Python\Python310\Scripts\;C:\Users\dbidy\AppData\Local\Programs\Python\Python310\;C:\Windows\system32;C:\Windows;C:\Windows\System32\Wbem;C:\Windows\System32\WindowsPowerShell\v1.0\;C:\Windows\System32\OpenSSH\;C:\Program Files (x86)\NVIDIA Corporation\PhysX\Common;C:\Program Files\NVIDIA Corporation\NVIDIA NvDLISR;C:\Program Files\nodejs\;C:\ProgramData\chocolatey\bin;C:\msys64\mingw64\bin;C:\WINDOWS\system32;C:\WINDOWS;C:\WINDOWS\System32\Wbem;C:\WINDOWS\System32\WindowsPowerShell\v1.0\;C:\WINDOWS\System32\OpenSSH\;C:\Program Files\Tailscale\;C:\Program Files (x86)\ZeroTier\One\;C:\Program Files\PuTTY\;C:\Program Files\Git\cmd;C:\Program Files\dotnet\;C:\Program Files\apache-maven-3.9.9\bin;C:\Users\dbidy\AppData\Local\Microsoft\WindowsApps;C:\Program Files\JetBrains\PyCharm 2022.1.3\bin;C:\Users\dbidy\AppData\Local\Programs\Microsoft VS Code\bin;C:\Users\dbidy\AppData\Roaming\npm;C:\Program Files\JetBrains\CLion 2022.2.2\bin;C:\Program Files\JetBrains\PyCharm Community Edition 2023.1.1\bin;C:\Program Files\JetBrains\IntelliJ IDEA 2024.3\bin;C:\Users\dbidy\AppData\Local\JetBrains\Toolbox\scripts;C:\Program Files\apache-maven-3.9.9\bin;
USERNAME=dbidy
OS=Windows_NT
PROCESSOR_IDENTIFIER=AMD64 Family 25 Model 80 Stepping 0, AuthenticAMD
TMP=C:\Users\dbidy\AppData\Local\Temp
TEMP=C:\Users\dbidy\AppData\Local\Temp




Periodic native trim disabled

---------------  S Y S T E M  ---------------

OS:
 Windows 11 , 64 bit Build 26100 (10.0.26100.3775)
OS uptime: 10 days 0:36 hours

CPU: total 12 (initial active 12) (12 cores per cpu, 2 threads per core) family 25 model 80 stepping 0 microcode 0xa50000c, cx8, cmov, fxsr, ht, mmx, 3dnowpref, sse, sse2, sse3, ssse3, sse4a, sse4.1, sse4.2, popcnt, lzcnt, tsc, tscinvbit, avx, avx2, aes, erms, clmul, bmi1, bmi2, adx, sha, fma, vzeroupper, clflush, clflushopt, rdtscp, rdpid, fsrm, f16c, pku, cet_ss
Processor Information for processor 0
  Max Mhz: 3301, Current Mhz: 1908, Mhz Limit: 3301
Processor Information for processor 1
  Max Mhz: 3301, Current Mhz: 1805, Mhz Limit: 3301
Processor Information for processor 2
  Max Mhz: 3301, Current Mhz: 1805, Mhz Limit: 3301
Processor Information for processor 3
  Max Mhz: 3301, Current Mhz: 1805, Mhz Limit: 3301
Processor Information for processor 4
  Max Mhz: 3301, Current Mhz: 1805, Mhz Limit: 3301
Processor Information for processor 5
  Max Mhz: 3301, Current Mhz: 1805, Mhz Limit: 3301
Processor Information for processor 6
  Max Mhz: 3301, Current Mhz: 1805, Mhz Limit: 3301
Processor Information for processor 7
  Max Mhz: 3301, Current Mhz: 1805, Mhz Limit: 3301
Processor Information for processor 8
  Max Mhz: 3301, Current Mhz: 1908, Mhz Limit: 3301
Processor Information for processor 9
  Max Mhz: 3301, Current Mhz: 1908, Mhz Limit: 3301
Processor Information for processor 10
  Max Mhz: 3301, Current Mhz: 1908, Mhz Limit: 3301
Processor Information for processor 11
  Max Mhz: 3301, Current Mhz: 1805, Mhz Limit: 3301

Memory: 4k page, system-wide physical 15775M (939M free)
TotalPageFile size 38769M (AvailPageFile size 6211M)
current process WorkingSet (physical memory assigned to process): 410M, peak: 410M
current process commit charge ("private bytes"): 715M, peak: 715M

vm_info: OpenJDK 64-Bit Server VM (23.0.2+7-58) for windows-amd64 JRE (23.0.2+7-58), built on 2024-11-29T09:34:55Z with MS VC++ 17.6 (VS2022)

END.
