#
# A fatal error has been detected by the Java Runtime Environment:
#
#  EXCEPTION_ACCESS_VIOLATION (0xc0000005) at pc=0x00007ff88db3419e, pid=34276, tid=43332
#
# JRE version: OpenJDK Runtime Environment (23.0.2+7) (build 23.0.2+7-58)
# Java VM: OpenJDK 64-Bit Server VM (23.0.2+7-58, mixed mode, sharing, tiered, compressed oops, compressed class ptrs, g1 gc, windows-amd64)
# Problematic frame:
# V  [jvm.dll+0x44419e]
#
# No core dump will be written. Minidumps are not enabled by default on client versions of Windows
#
# If you would like to submit a bug report, please visit:
#   https://bugreport.java.com/bugreport/crash.jsp
#

---------------  S U M M A R Y ------------

Command Line: -javaagent:C:\Program Files\JetBrains\IntelliJ IDEA 2024.3\lib\idea_rt.jar=50890 -Dfile.encoding=UTF-8 -Dsun.stdout.encoding=UTF-8 -Dsun.stderr.encoding=UTF-8 ch.fhnw.team6.Main

Host: AMD Ryzen 5 5600H with Radeon Graphics         , 12 cores, 15G,  Windows 11 , 64 bit Build 26100 (10.0.26100.3775)
Time: Mon May  5 12:26:23 2025  Windows 11 , 64 bit Build 26100 (10.0.26100.3775) elapsed time: 17.605105 seconds (0d 0h 0m 17s)

---------------  T H R E A D  ---------------

Current thread (0x00000120023603f0):  JavaThread "main"             [_thread_in_vm, id=43332, stack(0x0000000d42b00000,0x0000000d42c00000) (1024K)]

Stack: [0x0000000d42b00000,0x0000000d42c00000],  sp=0x0000000d42bfcdb0,  free space=1011k
Native frames: (J=compiled Java code, j=interpreted, Vv=VM code, C=native code)
V  [jvm.dll+0x44419e]  (no source info available)
C  [skija.dll+0xdc10]  (no source info available)
C  [skija.dll+0xc5f4]  (no source info available)
C  0x0000012011fcd207  (no source info available)

The last pc belongs to native method entry point (kind = native) (printed below).
Java frames: (J=compiled Java code, j=interpreted, Vv=VM code)
j  io.github.humbleui.skija.Font._nMeasureText(JLjava/lang/String;J)Lio/github/humbleui/types/Rect;+0
j  io.github.humbleui.skija.Font.measureText(Ljava/lang/String;Lio/github/humbleui/skija/Paint;)Lio/github/humbleui/types/Rect;+12
j  ch.fhnw.team6.view.TextPane.draw(Lio/github/humbleui/skija/Canvas;)V+78
j  ch.fhnw.team6.Main.handleFrameEvent(Lio/github/humbleui/jwm/skija/EventFrameSkija;)V+207
j  ch.fhnw.team6.Main.handleEvent(Lio/github/humbleui/jwm/Event;)V+74
j  ch.fhnw.team6.Main$$Lambda+0x0000012023109b28.accept(Ljava/lang/Object;)V+8
j  io.github.humbleui.jwm.Window.accept(Lio/github/humbleui/jwm/Event;)V+86
j  io.github.humbleui.jwm.skija.LayerGLSkija.frame()V+109
j  io.github.humbleui.jwm.Window.accept(Lio/github/humbleui/jwm/Event;)V+69
j  io.github.humbleui.jwm.Window.accept(Ljava/lang/Object;)V+5
v  ~StubRoutines::call_stub 0x0000012011fc0fcd
j  io.github.humbleui.jwm.App._nStart(Ljava/lang/Runnable;)V+0
j  io.github.humbleui.jwm.App.start(Ljava/lang/Runnable;)V+17
j  ch.fhnw.team6.Main.start()V+6
j  ch.fhnw.team6.Main.main([Ljava/lang/String;)V+7
v  ~StubRoutines::call_stub 0x0000012011fc0fcd

siginfo: EXCEPTION_ACCESS_VIOLATION (0xc0000005), reading address 0x0000000000000000


Registers:
RAX=0x0000000000000000, RBX=0x00000120023603f0, RCX=0x00000120023607b0, RDX=0x0000000000000000
RSP=0x0000000d42bfcdb0, RBP=0x0000000d42bfcf28, RSI=0x000000000000a26e, RDI=0x0000000000000000
R8 =0x0000012069c7c140, R9 =0x0000000000000000, R10=0x0000012011fcd1d8, R11=0x000000070b608508
R12=0x0000000000000000, R13=0x000001206352ea48, R14=0x0000000d42bfcf68, R15=0x00000120023603f0
RIP=0x00007ff88db3419e, EFLAGS=0x0000000000010293


Register to memory mapping:

RAX=0x0 is null
RBX=0x00000120023603f0 is a thread
RCX=0x00000120023607b0 points into unknown readable memory: 0x00007ff88e2d6e10 | 10 6e 2d 8e f8 7f 00 00
RDX=0x0 is null
RSP=0x0000000d42bfcdb0 is pointing into the stack for thread: 0x00000120023603f0
RBP=0x0000000d42bfcf28 is pointing into the stack for thread: 0x00000120023603f0
RSI=0x000000000000a26e is an unknown value
RDI=0x0 is null
R8 =0x0000012069c7c140 points into unknown readable memory: 0x000001206a028150 | 50 81 02 6a 20 01 00 00
R9 =0x0 is null
R10=0x0000012011fcd1d8 is at code_begin+1016 in an Interpreter codelet
native method entry point (kind = native)  [0x0000012011fccde0, 0x0000012011fcd938]  2904 bytes
R11=0x000000070b608508 is an oop: java.lang.Class 
{0x000000070b608508} - klass: 'java/lang/Class'
 - ---- fields (total size 14 words):
 - private volatile transient 'classRedefinedCount' 'I' @12  0 (0x00000000)
 - injected 'klass' 'J' @16  1237538607888 (0x00000120230c9310)
 - injected 'array_klass' 'J' @24  0 (0x0000000000000000)
 - injected 'oop_size' 'I' @32  14 (0x0000000e)
 - injected 'static_oop_field_count' 'I' @36  0 (0x00000000)
 - private volatile transient 'cachedConstructor' 'Ljava/lang/reflect/Constructor;' @40  null (0x00000000)
 - private transient 'name' 'Ljava/lang/String;' @44  "io.github.humbleui.skija.Font"{0x000000070b608648} (0xe16c10c9)
 - private transient 'module' 'Ljava/lang/Module;' @48  a 'java/lang/Module'{0x0000000709d5f348} (0xe13abe69)
 - private final 'classLoader' 'Ljava/lang/ClassLoader;' @52  a 'jdk/internal/loader/ClassLoaders$AppClassLoader'{0x0000000709cdb548} (0xe139b6a9)
 - private transient 'classData' 'Ljava/lang/Object;' @56  null (0x00000000)
 - private transient 'packageName' 'Ljava/lang/String;' @60  "io.github.humbleui.skija"{0x0000000709dcbe70} (0xe13b97ce)
 - private final 'componentType' 'Ljava/lang/Class;' @64  null (0x00000000)
 - private volatile transient 'reflectionData' 'Ljava/lang/ref/SoftReference;' @68  a 'java/lang/ref/SoftReference'{0x00000007185db898} (0xe30bb713)
 - private volatile transient 'genericInfo' 'Lsun/reflect/generics/repository/ClassRepository;' @72  null (0x00000000)
 - private volatile transient 'enumConstants' '[Ljava/lang/Object;' @76  null (0x00000000)
 - private volatile transient 'enumConstantDirectory' 'Ljava/util/Map;' @80  null (0x00000000)
 - private volatile transient 'annotationData' 'Ljava/lang/Class$AnnotationData;' @84  null (0x00000000)
 - private volatile transient 'annotationType' 'Lsun/reflect/annotation/AnnotationType;' @88  null (0x00000000)
 - transient 'classValueMap' 'Ljava/lang/ClassValue$ClassValueMap;' @92  null (0x00000000)
 - injected 'protection_domain' 'Ljava/lang/Object;' @96  a 'java/security/ProtectionDomain'{0x0000000709dcbeb0} (0xe13b97d6)
 - injected 'signers_name' 'Ljava/lang/Object;' @100  null (0x00000000)
 - injected 'source_file' 'Ljava/lang/Object;' @104  null (0x00000000)
 - injected '<init_lock>' 'Ljava/lang/Object;' @108  null (0x00000000)
 - signature: Lio/github/humbleui/skija/Font;
 - ---- static fields (0):
R12=0x0 is null
R13={method} {0x000001206352ea50} '_nMeasureText' '(JLjava/lang/String;J)Lio/github/humbleui/types/Rect;' in 'io/github/humbleui/skija/Font'
R14=0x0000000d42bfcf68 is pointing into the stack for thread: 0x00000120023603f0
R15=0x00000120023603f0 is a thread

Top of Stack: (sp=0x0000000d42bfcdb0)
0x0000000d42bfcdb0:   000001206352ea48 00000120023603f0
0x0000000d42bfcdc0:   0000000200000005 0000000000000003
0x0000000d42bfcdd0:   0000000709da54d8 00007ff87b9cdc10
0x0000000d42bfcde0:   000001206352ea48 000000000000a26e
0x0000000d42bfcdf0:   0000000000000000 0000000709da54d8
0x0000000d42bfce00:   00007ff88db340f0 00000120023603f0
0x0000000d42bfce10:   0000000d42bfcf28 00007ff87b9cc5f4
0x0000000d42bfce20:   00000120023607b0 0000000000000000
0x0000000d42bfce30:   0000000000017979 00000120023603f0
0x0000000d42bfce40:   000001206352ea48 00000120023603f0
0x0000000d42bfce50:   0000000709da54d8 0000012011fcd078
0x0000000d42bfce60:   0000012069ec4570 0000012069c7c140
0x0000000d42bfce70:   00000120023603f0 00007ff88dac28a1
0x0000000d42bfce80:   000000000000a26e 0000012011fcd207
0x0000000d42bfce90:   00000120023607b0 0000000d42bfcf38
0x0000000d42bfcea0:   0000012069c7c140 0000000000000000
0x0000000d42bfceb0:   0000012069ec4570 000000000000a26e
0x0000000d42bfcec0:   0000000709da54d8 00007ff88dd7d36f
0x0000000d42bfced0:   3ff0000000000000 0000012011fcce9b
0x0000000d42bfcee0:   fffffffffffffff7 000001206352ea48
0x0000000d42bfcef0:   0000000000000008 000001206364d118
0x0000000d42bfcf00:   0000000000000000 000000070b608508
0x0000000d42bfcf10:   000001206352ea48 0000000000000000
0x0000000d42bfcf20:   0000000d42bfcf48 0000000d42bfcfb8
0x0000000d42bfcf30:   0000012011fc889a 000000070b608508
0x0000000d42bfcf40:   0000012011fca5da 0000012069ec4570
0x0000000d42bfcf50:   0000000000000000 0000000000000000
0x0000000d42bfcf60:   0000012069c7c140 0000000000000000
0x0000000d42bfcf70:   fffffffffffffff7 000001206352c804
0x0000000d42bfcf80:   0000000000000006 000001206364d118
0x0000000d42bfcf90:   0000000000000000 000000070b608508
0x0000000d42bfcfa0:   000001206352c840 fffffffffffffff2 

Instructions: (pc=0x00007ff88db3419e)
0x00007ff88db3409e:   8b 4f 08 48 8b 47 18 48 89 41 18 48 8b 4f 08 48
0x00007ff88db340ae:   8b 47 20 48 89 41 20 48 8d 8b a0 03 00 00 e8 8f
0x00007ff88db340be:   16 ed ff 48 8b 6c 24 58 90 c7 83 44 04 00 00 04
0x00007ff88db340ce:   00 00 00 48 8b c6 48 8b 5c 24 50 48 8b 74 24 60
0x00007ff88db340de:   48 83 c4 40 5f c3 cc cc cc cc cc cc cc cc cc cc
0x00007ff88db340ee:   cc cc 48 89 5c 24 08 48 89 74 24 10 57 48 83 ec
0x00007ff88db340fe:   20 8b 81 a8 00 00 00 48 8d 99 40 fc ff ff 05 53
0x00007ff88db3410e:   21 ff ff 48 8b fa 83 f8 01 77 08 48 8b cb e8 5f
0x00007ff88db3411e:   68 fa ff 80 3d 6c 7b 80 00 00 c7 83 44 04 00 00
0x00007ff88db3412e:   06 00 00 00 75 06 e8 a7 c4 28 00 90 48 8b 83 48
0x00007ff88db3413e:   04 00 00 a8 01 74 0d 45 33 c0 b2 01 48 8b cb e8
0x00007ff88db3414e:   6e f1 2f 00 8b 83 40 04 00 00 a8 0c 74 08 48 8b
0x00007ff88db3415e:   cb e8 fc 7e fa ff 48 8b c7 c7 83 44 04 00 00 06
0x00007ff88db3416e:   00 00 00 83 e0 03 48 83 f8 01 75 0f 48 8d 4f ff
0x00007ff88db3417e:   ff 15 1c 02 7a 00 48 8b f8 eb 18 48 83 f8 02 75
0x00007ff88db3418e:   0f 48 8d 4f fe ff 15 87 6e 79 00 48 8b f8 eb 03
0x00007ff88db3419e:   48 8b 3f 48 63 15 30 8b 80 00 48 8b cf ff 15 f7
0x00007ff88db341ae:   24 7a 00 48 8b c8 48 85 c0 75 04 33 f6 eb 29 80
0x00007ff88db341be:   3d 66 1a 7a 00 00 b8 10 00 00 00 ba 0c 00 00 00
0x00007ff88db341ce:   0f 45 c2 8b 0c 08 8b f1 48 63 05 07 8b 80 00 d1
0x00007ff88db341de:   fe 80 3c 38 00 0f 44 f1 48 8b bb 98 01 00 00 48
0x00007ff88db341ee:   8b 47 10 48 83 38 00 74 08 48 8b cf e8 11 f4 f5
0x00007ff88db341fe:   ff 48 8b 57 08 48 8b 4f 10 48 89 4a 10 48 8b 57
0x00007ff88db3420e:   08 48 8b 4f 18 48 89 4a 18 48 8b 4f 20 48 8b 57
0x00007ff88db3421e:   08 48 89 4a 20 48 8d 8b a0 03 00 00 e8 21 15 ed
0x00007ff88db3422e:   ff 90 8b c6 48 8b 74 24 38 c7 83 44 04 00 00 04
0x00007ff88db3423e:   00 00 00 48 8b 5c 24 30 48 83 c4 20 5f c3 cc cc
0x00007ff88db3424e:   cc cc 40 53 56 57 48 83 ec 30 8b 81 a8 00 00 00
0x00007ff88db3425e:   48 8d 99 40 fc ff ff 48 89 6c 24 50 05 53 21 ff
0x00007ff88db3426e:   ff 4c 89 6c 24 60 48 8b fa 4c 89 74 24 28 4d 8b
0x00007ff88db3427e:   f0 83 f8 01 77 08 48 8b cb e8 f4 66 fa ff 80 3d
0x00007ff88db3428e:   01 7a 80 00 00 c7 83 44 04 00 00 06 00 00 00 75 


Stack slot to memory mapping:

stack at sp + 0 slots: {method} {0x000001206352ea50} '_nMeasureText' '(JLjava/lang/String;J)Lio/github/humbleui/types/Rect;' in 'io/github/humbleui/skija/Font'
stack at sp + 1 slots: 0x00000120023603f0 is a thread
stack at sp + 2 slots: 0x0000000200000005 is an unknown value
stack at sp + 3 slots: 0x0000000000000003 is an unknown value
stack at sp + 4 slots: 0x0000000709da54d8 is an oop: jdk.internal.ref.CleanerImpl$PhantomCleanableRef 
{0x0000000709da54d8} - klass: 'jdk/internal/ref/CleanerImpl$PhantomCleanableRef'
 - ---- fields (total size 6 words):
 - private 'referent' 'Ljava/lang/Object;' @12  null (0x00000000)
 - volatile 'queue' 'Ljava/lang/ref/ReferenceQueue;' @16  a 'java/lang/ref/ReferenceQueue$Null'{0x0000000709cdbac0} (0xe139b758)
 - volatile 'next' 'Ljava/lang/ref/Reference;' @20  null (0x00000000)
 - private transient 'discovered' 'Ljava/lang/ref/Reference;' @24  null (0x00000000)
 - 'prev' 'Ljdk/internal/ref/PhantomCleanable;' @28  a 'jdk/internal/ref/CleanerImpl$CleanerCleanable'{0x0000000709da5508} (0xe13b4aa1)
 - 'next' 'Ljdk/internal/ref/PhantomCleanable;' @32  a 'jdk/internal/ref/CleanerImpl$PhantomCleanableRef'{0x00000007185db920} (0xe30bb724)
 - private final 'list' 'Ljdk/internal/ref/PhantomCleanable;' @36  a 'jdk/internal/ref/CleanerImpl$PhantomCleanableRef'{0x0000000709da54d8} (0xe13b4a9b)
 - private final 'action' 'Ljava/lang/Runnable;' @40  null (0x00000000)
stack at sp + 5 slots: 0x00007ff87b9cdc10 skija.dll
stack at sp + 6 slots: {method} {0x000001206352ea50} '_nMeasureText' '(JLjava/lang/String;J)Lio/github/humbleui/types/Rect;' in 'io/github/humbleui/skija/Font'
stack at sp + 7 slots: 0x000000000000a26e is an unknown value

Lock stack of current Java thread (top to bottom):

native method entry point (kind = native)  [0x0000012011fccde0, 0x0000012011fcd938]  2904 bytes
[MachCode]
  0x0000012011fccde0: 488b 4b08 | 0fb7 492e | 584c 8d74 | ccf8 6800 | 0000 0068 | 0000 0000 | 5055 488b | ec41 5568 
  0x0000012011fcce00: 0000 0000 | 4c8b 6b08 | 4d8d 6d38 | 5348 8b53 | 0848 8b52 | 0848 8b52 | 1848 8b52 | 7048 8b12 
  0x0000012011fcce20: 5248 8b53 | 1048 85d2 | 0f84 0700 | 0000 4881 | c210 0100 | 0052 488b | 5308 488b | 5208 488b 
  0x0000012011fcce40: 5210 5249 | 8bc6 482b | c548 c1e8 | 0350 6800 | 0000 0068 | f7ff ffff | 41c6 8771 | 0400 0001 
  0x0000012011fcce60: 488b 4310 | 4885 c074 | 208b 88cc | 0000 0083 | c102 8988 | cc00 0000 | 2388 e000 | 0000 0f84 
  0x0000012011fcce80: 000a 0000 | e9cf 0000 | 0048 8b43 | 1848 85c0 | 0f85 b000 | 0000 e805 | 0000 00e9 | 9900 0000 
  0x0000012011fccea0: 488b d348 | 8d44 2408 | 4c89 6dc0 | 498b cfc5 | f877 4989 | afb0 0300 | 0049 8987 | a003 0000 
  0x0000012011fccec0: 4883 ec20 | 40f6 c40f | 0f84 1900 | 0000 4883 | ec08 48b8 | 8028 ac8d | f87f 0000 | ffd0 4883 
  0x0000012011fccee0: c408 e90c | 0000 0048 | b880 28ac | 8df8 7f00 | 00ff d048 | 83c4 2049 | c787 a003 | 0000 0000 
  0x0000012011fccf00: 0000 49c7 | 87b0 0300 | 0000 0000 | 0049 c787 | a803 0000 | 0000 0000 | c5f8 7749 | 837f 0800 
  0x0000012011fccf20: 0f84 0500 | 0000 e995 | 3fff ff4c | 8b6d c04c | 8b75 c84e | 8d74 f500 | c348 8b43 | 1848 85c0 
  0x0000012011fccf40: 0f84 1200 | 0000 8b48 | 0883 c102 | 8948 0823 | 481c 0f84 | 2c09 0000 | 493b a7e8 | 0400 000f 
  0x0000012011fccf60: 8748 0000 | 0089 8424 | 00f0 ffff | 8984 2400 | e0ff ff89 | 8424 00d0 | ffff 8984 | 2400 c0ff 
  0x0000012011fccf80: ff89 8424 | 00b0 ffff | 8984 2400 | a0ff ff89 | 8424 0090 | ffff 8984 | 2400 80ff | ff49 3ba7 
  0x0000012011fccfa0: e004 0000 | 7607 4989 | a7e8 0400 | 0041 c687 | 7104 0000 | 0049 ba41 | bd33 8ef8 | 7f00 0041 
  0x0000012011fccfc0: 803a 000f | 843e 0000 | 0048 8b55 | e849 8bcf | 4883 ec20 | 40f6 c40f | 0f84 1900 | 0000 4883 
  0x0000012011fccfe0: ec08 48b8 | f0f0 e38d | f87f 0000 | ffd0 4883 | c408 e90c | 0000 0048 | b8f0 f0e3 | 8df8 7f00 
  0x0000012011fcd000: 00ff d048 | 83c4 2048 | 8b5d e84c | 8b5b 0845 | 0fb7 5b2e | 41c1 e303 | 492b e348 | 83ec 2048 
  0x0000012011fcd020: 83e4 f04c | 8b5b 604d | 85db 0f85 | ab00 0000 | e805 0000 | 00e9 9900 | 0000 488b | d348 8d44 
  0x0000012011fcd040: 2408 4c89 | 6dc0 498b | cfc5 f877 | 4989 afb0 | 0300 0049 | 8987 a003 | 0000 4883 | ec20 40f6 
  0x0000012011fcd060: c40f 0f84 | 1900 0000 | 4883 ec08 | 48b8 e04f | ac8d f87f | 0000 ffd0 | 4883 c408 | e90c 0000 
  0x0000012011fcd080: 0048 b8e0 | 4fac 8df8 | 7f00 00ff | d048 83c4 | 2049 c787 | a003 0000 | 0000 0000 | 49c7 87b0 
  0x0000012011fcd0a0: 0300 0000 | 0000 0049 | c787 a803 | 0000 0000 | 0000 c5f8 | 7749 837f | 0800 0f84 | 0500 0000 
  0x0000012011fcd0c0: e9fb 3dff | ff4c 8b6d | c04c 8b75 | c84e 8d74 | f500 c348 | 8b5d e84c | 8b5b 6041 | ffd3 488b 
  0x0000012011fcd0e0: 5de8 4889 | 4518 448b | 5b28 41f6 | c308 0f84 | 1b00 0000 | 4c8b 5b08 | 4d8b 5b08 | 4d8b 5b18 
  0x0000012011fcd100: 4d8b 5b70 | 4d8b 1b4c | 895d 1048 | 8d55 1048 | 8b43 5849 | ba40 3fe4 | 8df8 7f00 | 0049 3bc2 
  0x0000012011fcd120: 0f85 ab00 | 0000 e805 | 0000 00e9 | 9900 0000 | 488b d348 | 8d44 2408 | 4c89 6dc0 | 498b cfc5 
  0x0000012011fcd140: f877 4989 | afb0 0300 | 0049 8987 | a003 0000 | 4883 ec20 | 40f6 c40f | 0f84 1900 | 0000 4883 
  0x0000012011fcd160: ec08 48b8 | e04f ac8d | f87f 0000 | ffd0 4883 | c408 e90c | 0000 0048 | b8e0 4fac | 8df8 7f00 
  0x0000012011fcd180: 00ff d048 | 83c4 2049 | c787 a003 | 0000 0000 | 0000 49c7 | 87b0 0300 | 0000 0000 | 0049 c787 
  0x0000012011fcd1a0: a803 0000 | 0000 0000 | c5f8 7749 | 837f 0800 | 0f84 0500 | 0000 e905 | 3dff ff4c | 8b6d c04c 
  0x0000012011fcd1c0: 8b75 c84e | 8d74 f500 | c348 8b5d | e848 8b43 | 5849 8d8f | c003 0000 | c5f8 7749 | 89af b003 
  0x0000012011fcd1e0: 0000 49ba | d8d1 fc11 | 2001 0000 | 4d89 97a8 | 0300 0049 | 89a7 a003 | 0000 41c7 | 8744 0400 
  0x0000012011fcd200: 0004 0000 | 00ff d0c5 | f877 4883 | ec10 c5fb | 1104 2448 | 83ec 1048 | 8904 2448 | c744 2408 
  0x0000012011fcd220: 0000 0000 | 41c7 8744 | 0400 0005 | 0000 00f0 | 8344 24c0 | 0049 3baf | 4804 0000 | 0f87 0e00 
  0x0000012011fcd240: 0000 4183 | bf40 0400 | 0000 0f84 | 2000 0000 | 498b cf4c | 8be4 4883 | ec20 4883 | e4f0 48b8 
  0x0000012011fcd260: 80ab ad8d | f87f 0000 | ffd0 498b | e44d 33e4 | 41c7 8744 | 0400 0008 | 0000 0049 | c787 a003 
  0x0000012011fcd280: 0000 0000 | 0000 49c7 | 87b0 0300 | 0000 0000 | 0049 c787 | a803 0000 | 0000 0000 | c5f8 774d 
  0x0000012011fcd2a0: 8b9f 3004 | 0000 41c7 | 8300 0100 | 0000 0000 | 0049 bbda | a5fc 1120 | 0100 004c | 3b5d 180f 
  0x0000012011fcd2c0: 8524 0200 | 0048 8b04 | 2448 83c4 | 1048 85c0 | 0f84 fe01 | 0000 a803 | 0f85 0800 | 0000 488b 
  0x0000012011fcd2e0: 00e9 ee01 | 0000 a801 | 0f85 0900 | 0000 488b | 40fe e9dd | 0100 0048 | 8b40 ff41 | 807f 3800 
  0x0000012011fcd300: 0f84 ce01 | 0000 4883 | f800 0f84 | c401 0000 | 4d8b 5f28 | 4983 fb00 | 0f84 1400 | 0000 4983 
  0x0000012011fcd320: eb08 4d89 | 5f28 4d03 | 5f30 4989 | 03e9 a201 | 0000 4881 | ecd0 0000 | 0048 8904 | 2448 894c 
  0x0000012011fcd340: 2408 4889 | 5424 1048 | 8974 2418 | 4889 7c24 | 204c 8944 | 2428 4c89 | 4c24 304c | 8954 2438 
  0x0000012011fcd360: 4c89 5c24 | 40c5 fb11 | 4424 50c5 | fb11 4c24 | 58c5 fb11 | 5424 60c5 | fb11 5c24 | 68c5 fb11 
  0x0000012011fcd380: 6424 70c5 | fb11 6c24 | 78c5 fb11 | b424 8000 | 0000 c5fb | 11bc 2488 | 0000 00c5 | 7b11 8424 
  0x0000012011fcd3a0: 9000 0000 | c57b 118c | 2498 0000 | 00c5 7b11 | 9424 a000 | 0000 c57b | 119c 24a8 | 0000 00c5 
  0x0000012011fcd3c0: 7b11 a424 | b000 0000 | c57b 11ac | 24b8 0000 | 00c5 7b11 | b424 c000 | 0000 c57b | 11bc 24c8 
  0x0000012011fcd3e0: 0000 0049 | 8bd7 488b | c848 83ec | 2040 f6c4 | 0f0f 8419 | 0000 0048 | 83ec 0848 | b800 09a1 
  0x0000012011fcd400: 8df8 7f00 | 00ff d048 | 83c4 08e9 | 0c00 0000 | 48b8 0009 | a18d f87f | 0000 ffd0 | 4883 c420 
  0x0000012011fcd420: c57b 10bc | 24c8 0000 | 00c5 7b10 | b424 c000 | 0000 c57b | 10ac 24b8 | 0000 00c5 | 7b10 a424 
  0x0000012011fcd440: b000 0000 | c57b 109c | 24a8 0000 | 00c5 7b10 | 9424 a000 | 0000 c57b | 108c 2498 | 0000 00c5 
  0x0000012011fcd460: 7b10 8424 | 9000 0000 | c5fb 10bc | 2488 0000 | 00c5 fb10 | b424 8000 | 0000 c5fb | 106c 2478 
  0x0000012011fcd480: c5fb 1064 | 2470 c5fb | 105c 2468 | c5fb 1054 | 2460 c5fb | 104c 2458 | c5fb 1044 | 2450 4c8b 
  0x0000012011fcd4a0: 5c24 404c | 8b54 2438 | 4c8b 4c24 | 304c 8b44 | 2428 488b | 7c24 2048 | 8b74 2418 | 488b 5424 
  0x0000012011fcd4c0: 1048 8b4c | 2408 488b | 0424 4881 | c4d0 0000 | 00c5 f877 | 4889 4510 | 4883 ec10 | 4889 0424 
  0x0000012011fcd4e0: 48c7 4424 | 0800 0000 | 0041 83bf | c804 0000 | 020f 85bf | 0000 0048 | 81ec 8000 | 0000 4889 
  0x0000012011fcd500: 4424 7848 | 894c 2470 | 4889 5424 | 6848 895c | 2460 4889 | 6c24 5048 | 8974 2448 | 4889 7c24 
  0x0000012011fcd520: 404c 8944 | 2438 4c89 | 4c24 304c | 8954 2428 | 4c89 5c24 | 204c 8964 | 2418 4c89 | 6c24 104c 
  0x0000012011fcd540: 8974 2408 | 4c89 3c24 | 4c8b e448 | 83ec 2048 | 83e4 f048 | b8a0 25e4 | 8df8 7f00 | 00ff d049 
  0x0000012011fcd560: 8be4 4c8b | 3c24 4c8b | 7424 084c | 8b6c 2410 | 4c8b 6424 | 184c 8b5c | 2420 4c8b | 5424 284c 
  0x0000012011fcd580: 8b4c 2430 | 4c8b 4424 | 3848 8b7c | 2440 488b | 7424 4848 | 8b6c 2450 | 488b 5c24 | 6048 8b54 
  0x0000012011fcd5a0: 2468 488b | 4c24 7048 | 8b44 2478 | 4881 c480 | 0000 004d | 33e4 488b | 5de8 4c8b | 6b08 4d8d 
  0x0000012011fcd5c0: 6d38 4983 | 7f08 000f | 84bb 0000 | 00e8 0500 | 0000 e996 | 0000 0048 | 8d44 2408 | 4c89 6dc0 
  0x0000012011fcd5e0: 498b cfc5 | f877 4989 | afb0 0300 | 0049 8987 | a003 0000 | 4883 ec20 | 40f6 c40f | 0f84 1900 
  0x0000012011fcd600: 0000 4883 | ec08 48b8 | f06d ac8d | f87f 0000 | ffd0 4883 | c408 e90c | 0000 0048 | b8f0 6dac 
  0x0000012011fcd620: 8df8 7f00 | 00ff d048 | 83c4 2049 | c787 a003 | 0000 0000 | 0000 49c7 | 87b0 0300 | 0000 0000 
  0x0000012011fcd640: 0049 c787 | a803 0000 | 0000 0000 | c5f8 7749 | 837f 0800 | 0f84 0500 | 0000 e961 | 38ff ff4c 
  0x0000012011fcd660: 8b6d c04c | 8b75 c84e | 8d74 f500 | c348 b930 | e50b 8ef8 | 7f00 0048 | 83e4 f048 | b850 4dd2 
  0x0000012011fcd680: 8df8 7f00 | 00ff d0f4 | 448b 5b28 | 41f6 c320 | 0f84 7901 | 0000 488d | 55a8 4c8b | 5a08 4d85 
  0x0000012011fcd6a0: db0f 85bb | 0000 00e8 | 0500 0000 | e996 0000 | 0048 8d44 | 2408 4c89 | 6dc0 498b | cfc5 f877 
  0x0000012011fcd6c0: 4989 afb0 | 0300 0049 | 8987 a003 | 0000 4883 | ec20 40f6 | c40f 0f84 | 1900 0000 | 4883 ec08 
  0x0000012011fcd6e0: 48b8 206d | ac8d f87f | 0000 ffd0 | 4883 c408 | e90c 0000 | 0048 b820 | 6dac 8df8 | 7f00 00ff 
  0x0000012011fcd700: d048 83c4 | 2049 c787 | a003 0000 | 0000 0000 | 49c7 87b0 | 0300 0000 | 0000 0049 | c787 a803 
  0x0000012011fcd720: 0000 0000 | 0000 c5f8 | 7749 837f | 0800 0f84 | 0500 0000 | e987 37ff | ff4c 8b6d | c04c 8b75 
  0x0000012011fcd740: c84e 8d74 | f500 c348 | b930 e50b | 8ef8 7f00 | 0048 83e4 | f048 b850 | 4dd2 8df8 | 7f00 00ff 
  0x0000012011fcd760: d0f4 4c89 | 6dc0 4c8b | 4a08 48c7 | 4208 0000 | 0000 458b | 8718 0600 | 004f 3b4c | 07f8 0f85 
  0x0000012011fcd780: 4900 0000 | 4183 af18 | 0600 0008 | 4f3b 4c07 | f00f 842a | 0000 0049 | 8b01 a802 | 0f85 1200 
  0x0000012011fcd7a0: 0000 4c8b | c049 83c8 | 01f0 4d0f | b101 0f84 | 0d00 0000 | 4183 8718 | 0600 0008 | e90c 0000 
  0x0000012011fcd7c0: 0049 ff8f | 5005 0000 | e93e 0000 | 004c 894a | 0848 8bca | 4883 ec20 | 40f6 c40f | 0f84 1900 
  0x0000012011fcd7e0: 0000 4883 | ec08 48b8 | e03f ac8d | f87f 0000 | ffd0 4883 | c408 e90c | 0000 0048 | b8e0 3fac 
  0x0000012011fcd800: 8df8 7f00 | 00ff d048 | 83c4 204c | 8b6d c049 | ba41 bd33 | 8ef8 7f00 | 0041 803a | 000f 843e 
  0x0000012011fcd820: 0000 0048 | 8b55 e849 | 8bcf 4883 | ec20 40f6 | c40f 0f84 | 1900 0000 | 4883 ec08 | 48b8 f0f0 
  0x0000012011fcd840: e38d f87f | 0000 ffd0 | 4883 c408 | e90c 0000 | 0048 b8f0 | f0e3 8df8 | 7f00 00ff | d048 83c4 
  0x0000012011fcd860: 2048 8b04 | 2448 83c4 | 10c5 fb10 | 0424 4883 | c410 4c8b | 5d18 41ff | d34c 8b5d | f8c9 5f49 
  0x0000012011fcd880: 8be3 ffe7 | ba00 0000 | 00e8 0500 | 0000 e996 | 0000 0048 | 8d44 2408 | 4c89 6dc0 | 498b cfc5 
  0x0000012011fcd8a0: f877 4989 | afb0 0300 | 0049 8987 | a003 0000 | 4883 ec20 | 40f6 c40f | 0f84 1900 | 0000 4883 
  0x0000012011fcd8c0: ec08 48b8 | 9033 ac8d | f87f 0000 | ffd0 4883 | c408 e90c | 0000 0048 | b890 33ac | 8df8 7f00 
  0x0000012011fcd8e0: 00ff d048 | 83c4 2049 | c787 a003 | 0000 0000 | 0000 49c7 | 87b0 0300 | 0000 0000 | 0049 c787 
  0x0000012011fcd900: a803 0000 | 0000 0000 | c5f8 7749 | 837f 0800 | 0f84 0500 | 0000 e9a5 | 35ff ff4c | 8b6d c04c 
  0x0000012011fcd920: 8b75 c84e | 8d74 f500 | c348 8b5d | e8e9 26f6 | ffff 660f | 1f44 0000 
[/MachCode]

---------------  P R O C E S S  ---------------

Threads class SMR info:
_java_thread_list=0x0000012069ccbef0, length=19, elements={
0x00000120023603f0, 0x00000120212285e0, 0x00000120212291f0, 0x000001202122d410,
0x000001202122e0f0, 0x000001202122eeb0, 0x000001202122fa40, 0x0000012021234290,
0x0000012021235420, 0x00000120211fd8d0, 0x0000012021d7bca0, 0x0000012021d78b80,
0x000001206753b120, 0x0000012067ae3dd0, 0x00000120677f6e70, 0x0000012067aaf0a0,
0x0000012067aae560, 0x0000012067568b40, 0x000001206a02e800
}

Java Threads: ( => current thread )
=>0x00000120023603f0 JavaThread "main"                              [_thread_in_vm, id=43332, stack(0x0000000d42b00000,0x0000000d42c00000) (1024K)]
  0x00000120212285e0 JavaThread "Reference Handler"          daemon [_thread_blocked, id=25788, stack(0x0000000d43300000,0x0000000d43400000) (1024K)]
  0x00000120212291f0 JavaThread "Finalizer"                  daemon [_thread_blocked, id=55156, stack(0x0000000d43400000,0x0000000d43500000) (1024K)]
  0x000001202122d410 JavaThread "Signal Dispatcher"          daemon [_thread_blocked, id=15604, stack(0x0000000d43500000,0x0000000d43600000) (1024K)]
  0x000001202122e0f0 JavaThread "Attach Listener"            daemon [_thread_blocked, id=44660, stack(0x0000000d43600000,0x0000000d43700000) (1024K)]
  0x000001202122eeb0 JavaThread "Service Thread"             daemon [_thread_blocked, id=19276, stack(0x0000000d43700000,0x0000000d43800000) (1024K)]
  0x000001202122fa40 JavaThread "Monitor Deflation Thread"   daemon [_thread_blocked, id=49868, stack(0x0000000d43800000,0x0000000d43900000) (1024K)]
  0x0000012021234290 JavaThread "C2 CompilerThread0"         daemon [_thread_blocked, id=2660, stack(0x0000000d43900000,0x0000000d43a00000) (1024K)]
  0x0000012021235420 JavaThread "C1 CompilerThread0"         daemon [_thread_blocked, id=21096, stack(0x0000000d43a00000,0x0000000d43b00000) (1024K)]
  0x00000120211fd8d0 JavaThread "Common-Cleaner"             daemon [_thread_blocked, id=51580, stack(0x0000000d43b00000,0x0000000d43c00000) (1024K)]
  0x0000012021d7bca0 JavaThread "Monitor Ctrl-Break"         daemon [_thread_in_native, id=38396, stack(0x0000000d43c00000,0x0000000d43d00000) (1024K)]
  0x0000012021d78b80 JavaThread "Notification Thread"        daemon [_thread_blocked, id=24836, stack(0x0000000d43d00000,0x0000000d43e00000) (1024K)]
  0x000001206753b120 JavaThread "Cleaner-0"                  daemon [_thread_blocked, id=16344, stack(0x0000000d43e00000,0x0000000d43f00000) (1024K)]
  0x0000012067ae3dd0 JavaThread "RMI TCP Accept-0"           daemon [_thread_in_native, id=23460, stack(0x0000000d44300000,0x0000000d44400000) (1024K)]
  0x00000120677f6e70 JavaThread "RMI TCP Connection(1)-10.207.10.163" daemon [_thread_in_native, id=23184, stack(0x0000000d44400000,0x0000000d44500000) (1024K)]
  0x0000012067aaf0a0 JavaThread "RMI Scheduler(0)"           daemon [_thread_blocked, id=54772, stack(0x0000000d44600000,0x0000000d44700000) (1024K)]
  0x0000012067aae560 JavaThread "JMX server connection timeout 28" daemon [_thread_blocked, id=21960, stack(0x0000000d44700000,0x0000000d44800000) (1024K)]
  0x0000012067568b40 JavaThread "Cleaner-1"                  daemon [_thread_blocked, id=25292, stack(0x0000000d43f00000,0x0000000d44000000) (1024K)]
  0x000001206a02e800 JavaThread "RMI TCP Connection(2)-10.207.10.163" daemon [_thread_in_native, id=43436, stack(0x0000000d45300000,0x0000000d45400000) (1024K)]
Total: 19

Other Threads:
  0x0000012021210fe0 VMThread "VM Thread"                           [id=6620, stack(0x0000000d43200000,0x0000000d43300000) (1024K)]
  0x00000120211fc660 WatcherThread "VM Periodic Task Thread"        [id=18028, stack(0x0000000d43100000,0x0000000d43200000) (1024K)]
  0x00000120023c6360 WorkerThread "GC Thread#0"                     [id=37880, stack(0x0000000d42c00000,0x0000000d42d00000) (1024K)]
  0x0000012069f1ba10 WorkerThread "GC Thread#1"                     [id=368, stack(0x0000000d44000000,0x0000000d44100000) (1024K)]
  0x0000012069f1bdc0 WorkerThread "GC Thread#2"                     [id=42772, stack(0x0000000d44b00000,0x0000000d44c00000) (1024K)]
  0x0000012069f1ab50 WorkerThread "GC Thread#3"                     [id=5460, stack(0x0000000d44c00000,0x0000000d44d00000) (1024K)]
  0x0000012069f1af00 WorkerThread "GC Thread#4"                     [id=40128, stack(0x0000000d44d00000,0x0000000d44e00000) (1024K)]
  0x0000012069f1c170 WorkerThread "GC Thread#5"                     [id=4772, stack(0x0000000d44e00000,0x0000000d44f00000) (1024K)]
  0x0000012069f1a7a0 WorkerThread "GC Thread#6"                     [id=51416, stack(0x0000000d44f00000,0x0000000d45000000) (1024K)]
  0x000001206a038ec0 WorkerThread "GC Thread#7"                     [id=31620, stack(0x0000000d45000000,0x0000000d45100000) (1024K)]
  0x000001206a039d80 WorkerThread "GC Thread#8"                     [id=52136, stack(0x0000000d45100000,0x0000000d45200000) (1024K)]
  0x000001206a039270 WorkerThread "GC Thread#9"                     [id=45312, stack(0x0000000d45200000,0x0000000d45300000) (1024K)]
  0x00000120023db7c0 ConcurrentGCThread "G1 Main Marker"            [id=57048, stack(0x0000000d42d00000,0x0000000d42e00000) (1024K)]
  0x00000120023dea80 WorkerThread "G1 Conc#0"                       [id=39504, stack(0x0000000d42e00000,0x0000000d42f00000) (1024K)]
  0x00000120210c3090 ConcurrentGCThread "G1 Refine#0"               [id=57284, stack(0x0000000d42f00000,0x0000000d43000000) (1024K)]
  0x00000120210c38c0 ConcurrentGCThread "G1 Service"                [id=14416, stack(0x0000000d43000000,0x0000000d43100000) (1024K)]
Total: 16

Threads with active compile tasks:
Total: 0

VM state: not at safepoint (normal execution)

VM Mutex/Monitor currently owned by a thread: None

Heap address: 0x0000000709800000, size: 3944 MB, Compressed Oops mode: Zero based, Oop shift amount: 3

CDS archive(s) mapped at: [0x0000012022000000-0x0000012022d70000-0x0000012022d70000), size 14090240, SharedBaseAddress: 0x0000012022000000, ArchiveRelocationMode: 1.
Compressed class space mapped at: 0x0000012023000000-0x0000012063000000, reserved size: 1073741824
Narrow klass base: 0x0000012022000000, Narrow klass shift: 0, Narrow klass range: 0x41000000

GC Precious Log:
 CardTable entry size: 512
 Card Set container configuration: InlinePtr #cards 4 size 8 Array Of Cards #cards 16 size 48 Howl #buckets 8 coarsen threshold 3686 Howl Bitmap #cards 512 size 80 coarsen threshold 460 Card regions per heap region 1 cards per card region 4096
 CPUs: 12 total, 12 available
 Memory: 15775M
 Large Page Support: Disabled
 NUMA Support: Disabled
 Compressed Oops: Enabled (Zero based)
 Heap Region Size: 2M
 Heap Min Capacity: 8M
 Heap Initial Capacity: 248M
 Heap Max Capacity: 3944M
 Pre-touch: Disabled
 Parallel Workers: 10
 Concurrent Workers: 3
 Concurrent Refinement Workers: 10
 Periodic GC: Disabled

Heap:
 garbage-first heap   total reserved 4038656K, committed 253952K, used 41370K [0x0000000709800000, 0x0000000800000000)
  region size 2048K, 9 young (18432K), 2 survivors (4096K)
 Metaspace       used 8663K, committed 8896K, reserved 1114112K
  class space    used 998K, committed 1088K, reserved 1048576K

Heap Regions: E=young(eden), S=young(survivor), O=old, HS=humongous(starts), HC=humongous(continues), CS=collection set, F=free, TAMS=top-at-mark-start, PB=parsable bottom
|   0|0x0000000709800000, 0x0000000709a00000, 0x0000000709a00000|100%|HS|  |TAMS 0x0000000709800000| PB 0x0000000709800000| Complete |  0
|   1|0x0000000709a00000, 0x0000000709c00000, 0x0000000709c00000|100%|HC|  |TAMS 0x0000000709a00000| PB 0x0000000709a00000| Complete |  0
|   2|0x0000000709c00000, 0x0000000709e00000, 0x0000000709e00000|100%| O|  |TAMS 0x0000000709c00000| PB 0x0000000709c00000| Untracked |  0
|   3|0x0000000709e00000, 0x000000070a000000, 0x000000070a000000|100%|HS|  |TAMS 0x0000000709e00000| PB 0x0000000709e00000| Complete |  0
|   4|0x000000070a000000, 0x000000070a200000, 0x000000070a200000|100%|HC|  |TAMS 0x000000070a000000| PB 0x000000070a000000| Complete |  0
|   5|0x000000070a200000, 0x000000070a400000, 0x000000070a400000|100%|HS|  |TAMS 0x000000070a200000| PB 0x000000070a200000| Complete |  0
|   6|0x000000070a400000, 0x000000070a600000, 0x000000070a600000|100%|HC|  |TAMS 0x000000070a400000| PB 0x000000070a400000| Complete |  0
|   7|0x000000070a600000, 0x000000070a800000, 0x000000070a800000|100%|HS|  |TAMS 0x000000070a600000| PB 0x000000070a600000| Complete |  0
|   8|0x000000070a800000, 0x000000070aa00000, 0x000000070aa00000|100%|HC|  |TAMS 0x000000070a800000| PB 0x000000070a800000| Complete |  0
|   9|0x000000070aa00000, 0x000000070ac00000, 0x000000070ac00000|100%|HS|  |TAMS 0x000000070aa00000| PB 0x000000070aa00000| Complete |  0
|  10|0x000000070ac00000, 0x000000070ae00000, 0x000000070ae00000|100%|HC|  |TAMS 0x000000070ac00000| PB 0x000000070ac00000| Complete |  0
|  11|0x000000070ae00000, 0x000000070b000000, 0x000000070b000000|100%|HS|  |TAMS 0x000000070ae00000| PB 0x000000070ae00000| Complete |  0
|  12|0x000000070b000000, 0x000000070b200000, 0x000000070b200000|100%|HC|  |TAMS 0x000000070b000000| PB 0x000000070b000000| Complete |  0
|  13|0x000000070b200000, 0x000000070b200000, 0x000000070b400000|  0%| F|  |TAMS 0x000000070b200000| PB 0x000000070b200000| Untracked |  0
|  14|0x000000070b400000, 0x000000070b400000, 0x000000070b600000|  0%| F|  |TAMS 0x000000070b400000| PB 0x000000070b400000| Untracked |  0
|  15|0x000000070b600000, 0x000000070b75bca0, 0x000000070b800000| 67%| O|  |TAMS 0x000000070b600000| PB 0x000000070b600000| Untracked |  0
|  16|0x000000070b800000, 0x000000070b800000, 0x000000070ba00000|  0%| F|  |TAMS 0x000000070b800000| PB 0x000000070b800000| Untracked |  0
|  17|0x000000070ba00000, 0x000000070ba00000, 0x000000070bc00000|  0%| F|  |TAMS 0x000000070ba00000| PB 0x000000070ba00000| Untracked |  0
|  18|0x000000070bc00000, 0x000000070bc00000, 0x000000070be00000|  0%| F|  |TAMS 0x000000070bc00000| PB 0x000000070bc00000| Untracked |  0
|  19|0x000000070be00000, 0x000000070be00000, 0x000000070c000000|  0%| F|  |TAMS 0x000000070be00000| PB 0x000000070be00000| Untracked |  0
|  20|0x000000070c000000, 0x000000070c000000, 0x000000070c200000|  0%| F|  |TAMS 0x000000070c000000| PB 0x000000070c000000| Untracked |  0
|  21|0x000000070c200000, 0x000000070c200000, 0x000000070c400000|  0%| F|  |TAMS 0x000000070c200000| PB 0x000000070c200000| Untracked |  0
|  22|0x000000070c400000, 0x000000070c400000, 0x000000070c600000|  0%| F|  |TAMS 0x000000070c400000| PB 0x000000070c400000| Untracked |  0
|  23|0x000000070c600000, 0x000000070c600000, 0x000000070c800000|  0%| F|  |TAMS 0x000000070c600000| PB 0x000000070c600000| Untracked |  0
|  24|0x000000070c800000, 0x000000070c800000, 0x000000070ca00000|  0%| F|  |TAMS 0x000000070c800000| PB 0x000000070c800000| Untracked |  0
|  25|0x000000070ca00000, 0x000000070ca00000, 0x000000070cc00000|  0%| F|  |TAMS 0x000000070ca00000| PB 0x000000070ca00000| Untracked |  0
|  26|0x000000070cc00000, 0x000000070cc00000, 0x000000070ce00000|  0%| F|  |TAMS 0x000000070cc00000| PB 0x000000070cc00000| Untracked |  0
|  27|0x000000070ce00000, 0x000000070ce00000, 0x000000070d000000|  0%| F|  |TAMS 0x000000070ce00000| PB 0x000000070ce00000| Untracked |  0
|  28|0x000000070d000000, 0x000000070d000000, 0x000000070d200000|  0%| F|  |TAMS 0x000000070d000000| PB 0x000000070d000000| Untracked |  0
|  29|0x000000070d200000, 0x000000070d200000, 0x000000070d400000|  0%| F|  |TAMS 0x000000070d200000| PB 0x000000070d200000| Untracked |  0
|  30|0x000000070d400000, 0x000000070d400000, 0x000000070d600000|  0%| F|  |TAMS 0x000000070d400000| PB 0x000000070d400000| Untracked |  0
|  31|0x000000070d600000, 0x000000070d600000, 0x000000070d800000|  0%| F|  |TAMS 0x000000070d600000| PB 0x000000070d600000| Untracked |  0
|  32|0x000000070d800000, 0x000000070d800000, 0x000000070da00000|  0%| F|  |TAMS 0x000000070d800000| PB 0x000000070d800000| Untracked |  0
|  33|0x000000070da00000, 0x000000070da00000, 0x000000070dc00000|  0%| F|  |TAMS 0x000000070da00000| PB 0x000000070da00000| Untracked |  0
|  34|0x000000070dc00000, 0x000000070dc00000, 0x000000070de00000|  0%| F|  |TAMS 0x000000070dc00000| PB 0x000000070dc00000| Untracked |  0
|  35|0x000000070de00000, 0x000000070de00000, 0x000000070e000000|  0%| F|  |TAMS 0x000000070de00000| PB 0x000000070de00000| Untracked |  0
|  36|0x000000070e000000, 0x000000070e000000, 0x000000070e200000|  0%| F|  |TAMS 0x000000070e000000| PB 0x000000070e000000| Untracked |  0
|  37|0x000000070e200000, 0x000000070e200000, 0x000000070e400000|  0%| F|  |TAMS 0x000000070e200000| PB 0x000000070e200000| Untracked |  0
|  38|0x000000070e400000, 0x000000070e400000, 0x000000070e600000|  0%| F|  |TAMS 0x000000070e400000| PB 0x000000070e400000| Untracked |  0
|  39|0x000000070e600000, 0x000000070e600000, 0x000000070e800000|  0%| F|  |TAMS 0x000000070e600000| PB 0x000000070e600000| Untracked |  0
|  40|0x000000070e800000, 0x000000070e800000, 0x000000070ea00000|  0%| F|  |TAMS 0x000000070e800000| PB 0x000000070e800000| Untracked |  0
|  41|0x000000070ea00000, 0x000000070ea00000, 0x000000070ec00000|  0%| F|  |TAMS 0x000000070ea00000| PB 0x000000070ea00000| Untracked |  0
|  42|0x000000070ec00000, 0x000000070ec00000, 0x000000070ee00000|  0%| F|  |TAMS 0x000000070ec00000| PB 0x000000070ec00000| Untracked |  0
|  43|0x000000070ee00000, 0x000000070ee00000, 0x000000070f000000|  0%| F|  |TAMS 0x000000070ee00000| PB 0x000000070ee00000| Untracked |  0
|  44|0x000000070f000000, 0x000000070f000000, 0x000000070f200000|  0%| F|  |TAMS 0x000000070f000000| PB 0x000000070f000000| Untracked |  0
|  45|0x000000070f200000, 0x000000070f200000, 0x000000070f400000|  0%| F|  |TAMS 0x000000070f200000| PB 0x000000070f200000| Untracked |  0
|  46|0x000000070f400000, 0x000000070f400000, 0x000000070f600000|  0%| F|  |TAMS 0x000000070f400000| PB 0x000000070f400000| Untracked |  0
|  47|0x000000070f600000, 0x000000070f600000, 0x000000070f800000|  0%| F|  |TAMS 0x000000070f600000| PB 0x000000070f600000| Untracked |  0
|  48|0x000000070f800000, 0x000000070f800000, 0x000000070fa00000|  0%| F|  |TAMS 0x000000070f800000| PB 0x000000070f800000| Untracked |  0
|  49|0x000000070fa00000, 0x000000070fa00000, 0x000000070fc00000|  0%| F|  |TAMS 0x000000070fa00000| PB 0x000000070fa00000| Untracked |  0
|  50|0x000000070fc00000, 0x000000070fc00000, 0x000000070fe00000|  0%| F|  |TAMS 0x000000070fc00000| PB 0x000000070fc00000| Untracked |  0
|  51|0x000000070fe00000, 0x000000070fe00000, 0x0000000710000000|  0%| F|  |TAMS 0x000000070fe00000| PB 0x000000070fe00000| Untracked |  0
|  52|0x0000000710000000, 0x0000000710000000, 0x0000000710200000|  0%| F|  |TAMS 0x0000000710000000| PB 0x0000000710000000| Untracked |  0
|  53|0x0000000710200000, 0x0000000710200000, 0x0000000710400000|  0%| F|  |TAMS 0x0000000710200000| PB 0x0000000710200000| Untracked |  0
|  54|0x0000000710400000, 0x0000000710400000, 0x0000000710600000|  0%| F|  |TAMS 0x0000000710400000| PB 0x0000000710400000| Untracked |  0
|  55|0x0000000710600000, 0x0000000710600000, 0x0000000710800000|  0%| F|  |TAMS 0x0000000710600000| PB 0x0000000710600000| Untracked |  0
|  56|0x0000000710800000, 0x0000000710800000, 0x0000000710a00000|  0%| F|  |TAMS 0x0000000710800000| PB 0x0000000710800000| Untracked |  0
|  57|0x0000000710a00000, 0x0000000710a00000, 0x0000000710c00000|  0%| F|  |TAMS 0x0000000710a00000| PB 0x0000000710a00000| Untracked |  0
|  58|0x0000000710c00000, 0x0000000710c00000, 0x0000000710e00000|  0%| F|  |TAMS 0x0000000710c00000| PB 0x0000000710c00000| Untracked |  0
|  59|0x0000000710e00000, 0x0000000710e00000, 0x0000000711000000|  0%| F|  |TAMS 0x0000000710e00000| PB 0x0000000710e00000| Untracked |  0
|  60|0x0000000711000000, 0x0000000711000000, 0x0000000711200000|  0%| F|  |TAMS 0x0000000711000000| PB 0x0000000711000000| Untracked |  0
|  61|0x0000000711200000, 0x0000000711200000, 0x0000000711400000|  0%| F|  |TAMS 0x0000000711200000| PB 0x0000000711200000| Untracked |  0
|  62|0x0000000711400000, 0x0000000711400000, 0x0000000711600000|  0%| F|  |TAMS 0x0000000711400000| PB 0x0000000711400000| Untracked |  0
|  63|0x0000000711600000, 0x0000000711600000, 0x0000000711800000|  0%| F|  |TAMS 0x0000000711600000| PB 0x0000000711600000| Untracked |  0
|  64|0x0000000711800000, 0x0000000711800000, 0x0000000711a00000|  0%| F|  |TAMS 0x0000000711800000| PB 0x0000000711800000| Untracked |  0
|  65|0x0000000711a00000, 0x0000000711a00000, 0x0000000711c00000|  0%| F|  |TAMS 0x0000000711a00000| PB 0x0000000711a00000| Untracked |  0
|  66|0x0000000711c00000, 0x0000000711c00000, 0x0000000711e00000|  0%| F|  |TAMS 0x0000000711c00000| PB 0x0000000711c00000| Untracked |  0
|  67|0x0000000711e00000, 0x0000000711e00000, 0x0000000712000000|  0%| F|  |TAMS 0x0000000711e00000| PB 0x0000000711e00000| Untracked |  0
|  68|0x0000000712000000, 0x0000000712000000, 0x0000000712200000|  0%| F|  |TAMS 0x0000000712000000| PB 0x0000000712000000| Untracked |  0
|  69|0x0000000712200000, 0x0000000712200000, 0x0000000712400000|  0%| F|  |TAMS 0x0000000712200000| PB 0x0000000712200000| Untracked |  0
|  70|0x0000000712400000, 0x0000000712400000, 0x0000000712600000|  0%| F|  |TAMS 0x0000000712400000| PB 0x0000000712400000| Untracked |  0
|  71|0x0000000712600000, 0x0000000712600000, 0x0000000712800000|  0%| F|  |TAMS 0x0000000712600000| PB 0x0000000712600000| Untracked |  0
|  72|0x0000000712800000, 0x0000000712800000, 0x0000000712a00000|  0%| F|  |TAMS 0x0000000712800000| PB 0x0000000712800000| Untracked |  0
|  73|0x0000000712a00000, 0x0000000712a00000, 0x0000000712c00000|  0%| F|  |TAMS 0x0000000712a00000| PB 0x0000000712a00000| Untracked |  0
|  74|0x0000000712c00000, 0x0000000712c00000, 0x0000000712e00000|  0%| F|  |TAMS 0x0000000712c00000| PB 0x0000000712c00000| Untracked |  0
|  75|0x0000000712e00000, 0x0000000712e00000, 0x0000000713000000|  0%| F|  |TAMS 0x0000000712e00000| PB 0x0000000712e00000| Untracked |  0
|  76|0x0000000713000000, 0x0000000713000000, 0x0000000713200000|  0%| F|  |TAMS 0x0000000713000000| PB 0x0000000713000000| Untracked |  0
|  77|0x0000000713200000, 0x0000000713200000, 0x0000000713400000|  0%| F|  |TAMS 0x0000000713200000| PB 0x0000000713200000| Untracked |  0
|  78|0x0000000713400000, 0x0000000713400000, 0x0000000713600000|  0%| F|  |TAMS 0x0000000713400000| PB 0x0000000713400000| Untracked |  0
|  79|0x0000000713600000, 0x0000000713600000, 0x0000000713800000|  0%| F|  |TAMS 0x0000000713600000| PB 0x0000000713600000| Untracked |  0
|  80|0x0000000713800000, 0x0000000713800000, 0x0000000713a00000|  0%| F|  |TAMS 0x0000000713800000| PB 0x0000000713800000| Untracked |  0
|  81|0x0000000713a00000, 0x0000000713a00000, 0x0000000713c00000|  0%| F|  |TAMS 0x0000000713a00000| PB 0x0000000713a00000| Untracked |  0
|  82|0x0000000713c00000, 0x0000000713c00000, 0x0000000713e00000|  0%| F|  |TAMS 0x0000000713c00000| PB 0x0000000713c00000| Untracked |  0
|  83|0x0000000713e00000, 0x0000000713e00000, 0x0000000714000000|  0%| F|  |TAMS 0x0000000713e00000| PB 0x0000000713e00000| Untracked |  0
|  84|0x0000000714000000, 0x0000000714000000, 0x0000000714200000|  0%| F|  |TAMS 0x0000000714000000| PB 0x0000000714000000| Untracked |  0
|  85|0x0000000714200000, 0x0000000714200000, 0x0000000714400000|  0%| F|  |TAMS 0x0000000714200000| PB 0x0000000714200000| Untracked |  0
|  86|0x0000000714400000, 0x0000000714400000, 0x0000000714600000|  0%| F|  |TAMS 0x0000000714400000| PB 0x0000000714400000| Untracked |  0
|  87|0x0000000714600000, 0x0000000714600000, 0x0000000714800000|  0%| F|  |TAMS 0x0000000714600000| PB 0x0000000714600000| Untracked |  0
|  88|0x0000000714800000, 0x0000000714800000, 0x0000000714a00000|  0%| F|  |TAMS 0x0000000714800000| PB 0x0000000714800000| Untracked |  0
|  89|0x0000000714a00000, 0x0000000714a00000, 0x0000000714c00000|  0%| F|  |TAMS 0x0000000714a00000| PB 0x0000000714a00000| Untracked |  0
|  90|0x0000000714c00000, 0x0000000714c00000, 0x0000000714e00000|  0%| F|  |TAMS 0x0000000714c00000| PB 0x0000000714c00000| Untracked |  0
|  91|0x0000000714e00000, 0x0000000714e00000, 0x0000000715000000|  0%| F|  |TAMS 0x0000000714e00000| PB 0x0000000714e00000| Untracked |  0
|  92|0x0000000715000000, 0x0000000715000000, 0x0000000715200000|  0%| F|  |TAMS 0x0000000715000000| PB 0x0000000715000000| Untracked |  0
|  93|0x0000000715200000, 0x0000000715200000, 0x0000000715400000|  0%| F|  |TAMS 0x0000000715200000| PB 0x0000000715200000| Untracked |  0
|  94|0x0000000715400000, 0x0000000715400000, 0x0000000715600000|  0%| F|  |TAMS 0x0000000715400000| PB 0x0000000715400000| Untracked |  0
|  95|0x0000000715600000, 0x0000000715600000, 0x0000000715800000|  0%| F|  |TAMS 0x0000000715600000| PB 0x0000000715600000| Untracked |  0
|  96|0x0000000715800000, 0x0000000715800000, 0x0000000715a00000|  0%| F|  |TAMS 0x0000000715800000| PB 0x0000000715800000| Untracked |  0
|  97|0x0000000715a00000, 0x0000000715a00000, 0x0000000715c00000|  0%| F|  |TAMS 0x0000000715a00000| PB 0x0000000715a00000| Untracked |  0
|  98|0x0000000715c00000, 0x0000000715c00000, 0x0000000715e00000|  0%| F|  |TAMS 0x0000000715c00000| PB 0x0000000715c00000| Untracked |  0
|  99|0x0000000715e00000, 0x0000000715e00000, 0x0000000716000000|  0%| F|  |TAMS 0x0000000715e00000| PB 0x0000000715e00000| Untracked |  0
| 100|0x0000000716000000, 0x0000000716000000, 0x0000000716200000|  0%| F|  |TAMS 0x0000000716000000| PB 0x0000000716000000| Untracked |  0
| 101|0x0000000716200000, 0x0000000716200000, 0x0000000716400000|  0%| F|  |TAMS 0x0000000716200000| PB 0x0000000716200000| Untracked |  0
| 102|0x0000000716400000, 0x0000000716400000, 0x0000000716600000|  0%| F|  |TAMS 0x0000000716400000| PB 0x0000000716400000| Untracked |  0
| 103|0x0000000716600000, 0x0000000716600000, 0x0000000716800000|  0%| F|  |TAMS 0x0000000716600000| PB 0x0000000716600000| Untracked |  0
| 104|0x0000000716800000, 0x0000000716800000, 0x0000000716a00000|  0%| F|  |TAMS 0x0000000716800000| PB 0x0000000716800000| Untracked |  0
| 105|0x0000000716a00000, 0x0000000716a00000, 0x0000000716c00000|  0%| F|  |TAMS 0x0000000716a00000| PB 0x0000000716a00000| Untracked |  0
| 106|0x0000000716c00000, 0x0000000716c00000, 0x0000000716e00000|  0%| F|  |TAMS 0x0000000716c00000| PB 0x0000000716c00000| Untracked |  0
| 107|0x0000000716e00000, 0x0000000716e00000, 0x0000000717000000|  0%| F|  |TAMS 0x0000000716e00000| PB 0x0000000716e00000| Untracked |  0
| 108|0x0000000717000000, 0x0000000717000000, 0x0000000717200000|  0%| F|  |TAMS 0x0000000717000000| PB 0x0000000717000000| Untracked |  0
| 109|0x0000000717200000, 0x0000000717200000, 0x0000000717400000|  0%| F|  |TAMS 0x0000000717200000| PB 0x0000000717200000| Untracked |  0
| 110|0x0000000717400000, 0x0000000717400000, 0x0000000717600000|  0%| F|  |TAMS 0x0000000717400000| PB 0x0000000717400000| Untracked |  0
| 111|0x0000000717600000, 0x0000000717600000, 0x0000000717800000|  0%| F|  |TAMS 0x0000000717600000| PB 0x0000000717600000| Untracked |  0
| 112|0x0000000717800000, 0x000000071790ad60, 0x0000000717a00000| 52%| S|CS|TAMS 0x0000000717800000| PB 0x0000000717800000| Complete |  0
| 113|0x0000000717a00000, 0x0000000717c00000, 0x0000000717c00000|100%| S|CS|TAMS 0x0000000717a00000| PB 0x0000000717a00000| Complete |  0
| 114|0x0000000717c00000, 0x0000000717c00000, 0x0000000717e00000|  0%| F|  |TAMS 0x0000000717c00000| PB 0x0000000717c00000| Untracked |  0
| 115|0x0000000717e00000, 0x0000000717e00000, 0x0000000718000000|  0%| F|  |TAMS 0x0000000717e00000| PB 0x0000000717e00000| Untracked |  0
| 116|0x0000000718000000, 0x0000000718000000, 0x0000000718200000|  0%| F|  |TAMS 0x0000000718000000| PB 0x0000000718000000| Untracked |  0
| 117|0x0000000718200000, 0x00000007182214c8, 0x0000000718400000|  6%| E|  |TAMS 0x0000000718200000| PB 0x0000000718200000| Complete |  0
| 118|0x0000000718400000, 0x0000000718600000, 0x0000000718600000|100%| E|CS|TAMS 0x0000000718400000| PB 0x0000000718400000| Complete |  0
| 119|0x0000000718600000, 0x0000000718800000, 0x0000000718800000|100%| E|  |TAMS 0x0000000718600000| PB 0x0000000718600000| Complete |  0
| 120|0x0000000718800000, 0x0000000718a00000, 0x0000000718a00000|100%| E|CS|TAMS 0x0000000718800000| PB 0x0000000718800000| Complete |  0
| 121|0x0000000718a00000, 0x0000000718c00000, 0x0000000718c00000|100%| E|CS|TAMS 0x0000000718a00000| PB 0x0000000718a00000| Complete |  0
| 122|0x0000000718c00000, 0x0000000718e00000, 0x0000000718e00000|100%| E|CS|TAMS 0x0000000718c00000| PB 0x0000000718c00000| Complete |  0
| 123|0x0000000718e00000, 0x0000000719000000, 0x0000000719000000|100%| E|CS|TAMS 0x0000000718e00000| PB 0x0000000718e00000| Complete |  0

Card table byte_map: [0x000001201a8c0000,0x000001201b080000] _byte_map_base: 0x0000012017074000

Marking Bits: (CMBitMap*) 0x00000120023c6a70
 Bits: [0x000001201b080000, 0x000001201ee20000)

Polling page: 0x0000012000180000

Metaspace:

Usage:
  Non-class:      7.49 MB used.
      Class:    998.20 KB used.
       Both:      8.46 MB used.

Virtual space:
  Non-class space:       64.00 MB reserved,       7.62 MB ( 12%) committed,  1 nodes.
      Class space:        1.00 GB reserved,       1.06 MB ( <1%) committed,  1 nodes.
             Both:        1.06 GB reserved,       8.69 MB ( <1%) committed. 

Chunk freelists:
   Non-Class:  8.19 MB
       Class:  14.95 MB
        Both:  23.13 MB

MaxMetaspaceSize: unlimited
CompressedClassSpaceSize: 1.00 GB
Initial GC threshold: 21.00 MB
Current GC threshold: 21.00 MB
CDS: on
 - commit_granule_bytes: 65536.
 - commit_granule_words: 8192.
 - virtual_space_node_default_size: 8388608.
 - enlarge_chunks_in_place: 1.
 - use_allocation_guard: 0.


Internal statistics:

num_allocs_failed_limit: 0.
num_arena_births: 254.
num_arena_deaths: 0.
num_vsnodes_births: 2.
num_vsnodes_deaths: 0.
num_space_committed: 139.
num_space_uncommitted: 0.
num_chunks_returned_to_freelist: 0.
num_chunks_taken_from_freelist: 395.
num_chunk_merges: 0.
num_chunk_splits: 245.
num_chunks_enlarged: 134.
num_inconsistent_stats: 0.

CodeHeap 'non-profiled nmethods': size=120064Kb used=469Kb max_used=469Kb free=119594Kb
 bounds [0x0000012012550000, 0x00000120127c0000, 0x0000012019a90000]
CodeHeap 'profiled nmethods': size=120000Kb used=1913Kb max_used=1913Kb free=118086Kb
 bounds [0x000001200aa90000, 0x000001200ad00000, 0x0000012011fc0000]
CodeHeap 'non-nmethods': size=5696Kb used=1516Kb max_used=1529Kb free=4179Kb
 bounds [0x0000012011fc0000, 0x0000012012230000, 0x0000012012550000]
CodeCache: size=245760Kb, used=3898Kb, max_used=3911Kb, free=241859Kb
 total_blobs=2155, nmethods=1548, adapters=513, full_count=0
Compilation: enabled, stopped_count=0, restarted_count=0

Compilation events (20 events):
Event: 17.341 Thread 0x0000012021235420 1536       3       jdk.internal.misc.Unsafe::putLongUnaligned (14 bytes)
Event: 17.341 Thread 0x0000012021235420 nmethod 1536 0x000001200ac66d08 code [0x000001200ac66e40, 0x000001200ac67048]
Event: 17.566 Thread 0x0000012021235420 1540   !   3       java.lang.invoke.MethodHandleNatives::linkMethodHandleConstant (50 bytes)
Event: 17.567 Thread 0x0000012021235420 nmethod 1540 0x000001200ac67088 code [0x000001200ac671e0, 0x000001200ac673e8]
Event: 17.567 Thread 0x0000012021235420 1541       3       java.lang.invoke.MethodHandles$Lookup::linkMethodHandleConstant (227 bytes)
Event: 17.568 Thread 0x0000012021234290 1542       4       java.util.ImmutableCollections$ListN::get (7 bytes)
Event: 17.569 Thread 0x0000012021235420 nmethod 1541 0x000001200ac67408 code [0x000001200ac67760, 0x000001200ac68e70]
Event: 17.569 Thread 0x0000012021235420 1543       3       jdk.internal.classfile.impl.AbstractPoolEntry::maybeClone (9 bytes)
Event: 17.569 Thread 0x0000012021235420 nmethod 1543 0x000001200ac68f08 code [0x000001200ac69040, 0x000001200ac692d8]
Event: 17.569 Thread 0x0000012021235420 1545       3       jdk.internal.classfile.impl.AbstractPoolEntry$Utf8EntryImpl::writeTo (406 bytes)
Event: 17.569 Thread 0x0000012021234290 nmethod 1542 0x00000120125c5288 code [0x00000120125c5380, 0x00000120125c5448]
Event: 17.572 Thread 0x0000012021235420 nmethod 1545 0x000001200ac69308 code [0x000001200ac69740, 0x000001200ac6bad0]
Event: 17.572 Thread 0x0000012021235420 1544       3       java.nio.HeapByteBuffer::byteOffset (7 bytes)
Event: 17.572 Thread 0x0000012021235420 nmethod 1544 0x000001200ac6bc08 code [0x000001200ac6bd20, 0x000001200ac6be30]
Event: 17.572 Thread 0x0000012021235420 1546       3       java.lang.invoke.MethodHandle::asType (28 bytes)
Event: 17.573 Thread 0x0000012021235420 nmethod 1546 0x000001200ac6bf08 code [0x000001200ac6c040, 0x000001200ac6c280]
Event: 17.573 Thread 0x0000012021235420 1547       3       jdk.internal.loader.NativeLibraries$NativeLibraryImpl::find (9 bytes)
Event: 17.573 Thread 0x0000012021235420 nmethod 1547 0x000001200ac6c308 code [0x000001200ac6c420, 0x000001200ac6c560]
Event: 17.580 Thread 0x0000012021235420 1548       3       jdk.internal.loader.BuiltinClassLoader::isSealed (71 bytes)
Event: 17.584 Thread 0x0000012021235420 nmethod 1548 0x000001200ac6c608 code [0x000001200ac6c9e0, 0x000001200ac6e638]

GC Heap History (4 events):
Event: 2.385 GC heap before
{Heap before GC invocations=0 (full 0):
 garbage-first heap   total reserved 4038656K, committed 253952K, used 26624K [0x0000000709800000, 0x0000000800000000)
  region size 2048K, 12 young (24576K), 0 survivors (0K)
 Metaspace       used 8454K, committed 8704K, reserved 1114112K
  class space    used 988K, committed 1088K, reserved 1048576K
}
Event: 2.393 GC heap after
{Heap after GC invocations=1 (full 0):
 garbage-first heap   total reserved 4038656K, committed 253952K, used 4972K [0x0000000709800000, 0x0000000800000000)
  region size 2048K, 2 young (4096K), 2 survivors (4096K)
 Metaspace       used 8454K, committed 8704K, reserved 1114112K
  class space    used 988K, committed 1088K, reserved 1048576K
}
Event: 10.661 GC heap before
{Heap before GC invocations=1 (full 0):
 garbage-first heap   total reserved 4038656K, committed 253952K, used 52076K [0x0000000709800000, 0x0000000800000000)
  region size 2048K, 12 young (24576K), 2 survivors (4096K)
 Metaspace       used 8549K, committed 8832K, reserved 1114112K
  class space    used 991K, committed 1088K, reserved 1048576K
}
Event: 10.666 GC heap after
{Heap after GC invocations=2 (full 0):
 garbage-first heap   total reserved 4038656K, committed 253952K, used 6554K [0x0000000709800000, 0x0000000800000000)
  region size 2048K, 2 young (4096K), 2 survivors (4096K)
 Metaspace       used 8549K, committed 8832K, reserved 1114112K
  class space    used 991K, committed 1088K, reserved 1048576K
}

Dll operation events (13 events):
Event: 0.025 Loaded shared library C:\Users\dbidy\.jdks\openjdk-23.0.2\bin\java.dll
Event: 0.073 Loaded shared library C:\Users\dbidy\.jdks\openjdk-23.0.2\bin\jsvml.dll
Event: 0.158 Loaded shared library C:\Users\dbidy\.jdks\openjdk-23.0.2\bin\zip.dll
Event: 0.174 Loaded shared library C:\Users\dbidy\.jdks\openjdk-23.0.2\bin\instrument.dll
Event: 0.184 Loaded shared library C:\Users\dbidy\.jdks\openjdk-23.0.2\bin\net.dll
Event: 0.189 Loaded shared library C:\Users\dbidy\.jdks\openjdk-23.0.2\bin\nio.dll
Event: 0.199 Loaded shared library C:\Users\dbidy\.jdks\openjdk-23.0.2\bin\zip.dll
Event: 0.246 Loaded shared library C:\Users\dbidy\.jdks\openjdk-23.0.2\bin\extnet.dll
Event: 0.265 Loaded shared library C:\Users\dbidy\.jdks\openjdk-23.0.2\bin\jimage.dll
Event: 0.320 Loaded shared library C:\Users\dbidy\.jdks\openjdk-23.0.2\bin\management.dll
Event: 0.339 Loaded shared library C:\Users\dbidy\.jdks\openjdk-23.0.2\bin\management_ext.dll
Event: 0.466 Loaded shared library C:\Users\dbidy\AppData\Local\Temp\jwm_866105742533000\jwm_x64.dll
Event: 0.583 Loaded shared library C:\Users\dbidy\AppData\Local\Temp\skija_0.116.4_x64\skija.dll

Deoptimization events (20 events):
Event: 0.824 Thread 0x000001202122e0f0 DEOPT PACKING pc=0x00000120125718a0 sp=0x0000000d436fe210
Event: 0.824 Thread 0x000001202122e0f0 DEOPT UNPACKING pc=0x0000012012014402 sp=0x0000000d436fe190 mode 2
Event: 1.097 Thread 0x00000120023603f0 DEOPT PACKING pc=0x000001200aad5f0d sp=0x0000000d42bfd5f0
Event: 1.097 Thread 0x00000120023603f0 DEOPT UNPACKING pc=0x0000012012014b22 sp=0x0000000d42bfca40 mode 0
Event: 1.147 Thread 0x00000120023603f0 Uncommon trap: trap_request=0xffffff45 fr.pc=0x000001201258edd4 relative=0x0000000000000054
Event: 1.147 Thread 0x00000120023603f0 Uncommon trap: reason=unstable_if action=reinterpret pc=0x000001201258edd4 method=java.lang.CharacterData.of(I)Ljava/lang/CharacterData; @ 4 c2
Event: 1.147 Thread 0x00000120023603f0 DEOPT PACKING pc=0x000001201258edd4 sp=0x0000000d42bfe0e0
Event: 1.147 Thread 0x00000120023603f0 DEOPT UNPACKING pc=0x0000012012014402 sp=0x0000000d42bfe080 mode 2
Event: 1.151 Thread 0x00000120023603f0 Uncommon trap: trap_request=0xffffff6e fr.pc=0x00000120125bb520 relative=0x0000000000000400
Event: 1.151 Thread 0x00000120023603f0 Uncommon trap: reason=loop_limit_check action=maybe_recompile pc=0x00000120125bb520 method=java.lang.StringLatin1.indexOf([BI[BII)I @ 37 c2
Event: 1.151 Thread 0x00000120023603f0 DEOPT PACKING pc=0x00000120125bb520 sp=0x0000000d42bfe000
Event: 1.151 Thread 0x00000120023603f0 DEOPT UNPACKING pc=0x0000012012014402 sp=0x0000000d42bfdf60 mode 2
Event: 2.398 Thread 0x00000120023603f0 Uncommon trap: trap_request=0xffffff45 fr.pc=0x00000120125ad2e8 relative=0x00000000000000e8
Event: 2.398 Thread 0x00000120023603f0 Uncommon trap: reason=unstable_if action=reinterpret pc=0x00000120125ad2e8 method=java.lang.ref.SoftReference.get()Ljava/lang/Object; @ 17 c2
Event: 2.398 Thread 0x00000120023603f0 DEOPT PACKING pc=0x00000120125ad2e8 sp=0x0000000d42bfe540
Event: 2.398 Thread 0x00000120023603f0 DEOPT UNPACKING pc=0x0000012012014402 sp=0x0000000d42bfe4f0 mode 2
Event: 2.592 Thread 0x00000120677f6e70 Uncommon trap: trap_request=0xffffff45 fr.pc=0x00000120125b535c relative=0x000000000000005c
Event: 2.592 Thread 0x00000120677f6e70 Uncommon trap: reason=unstable_if action=reinterpret pc=0x00000120125b535c method=java.lang.ref.ReferenceQueue.headIsNull()Z @ 4 c2
Event: 2.592 Thread 0x00000120677f6e70 DEOPT PACKING pc=0x00000120125b535c sp=0x0000000d444fd480
Event: 2.592 Thread 0x00000120677f6e70 DEOPT UNPACKING pc=0x0000012012014402 sp=0x0000000d444fd3a8 mode 2

Classes loaded (20 events):
Event: 1.113 Loading class java/lang/invoke/DirectMethodHandle$Special
Event: 1.113 Loading class java/lang/invoke/DirectMethodHandle$Special done
Event: 1.140 Loading class sun/util/resources/LocaleData$CommonResourceBundleProvider
Event: 1.141 Loading class sun/util/resources/LocaleData$LocaleDataResourceBundleProvider
Event: 1.141 Loading class java/util/spi/ResourceBundleProvider
Event: 1.141 Loading class java/util/spi/ResourceBundleProvider done
Event: 1.141 Loading class sun/util/resources/LocaleData$LocaleDataResourceBundleProvider done
Event: 1.141 Loading class sun/util/resources/LocaleData$CommonResourceBundleProvider done
Event: 1.141 Loading class sun/util/resources/Bundles$2
Event: 1.142 Loading class sun/util/resources/Bundles$2 done
Event: 1.142 Loading class java/lang/InstantiationException
Event: 1.142 Loading class java/lang/InstantiationException done
Event: 1.150 Loading class jdk/internal/foreign/MemorySessionImpl
Event: 1.150 Loading class java/lang/foreign/MemorySegment$Scope
Event: 1.151 Loading class java/lang/foreign/MemorySegment$Scope done
Event: 1.151 Loading class jdk/internal/foreign/MemorySessionImpl done
Event: 2.598 Loading class javax/management/openmbean/CompositeDataSupport
Event: 2.598 Loading class javax/management/openmbean/CompositeDataSupport done
Event: 2.607 Loading class javax/management/openmbean/OpenDataException
Event: 2.607 Loading class javax/management/openmbean/OpenDataException done

Classes unloaded (0 events):
No events

Classes redefined (0 events):
No events

Internal exceptions (20 events):
Event: 0.436 Thread 0x000001202122e0f0 Exception <a 'java/lang/NoSuchMethodError'{0x000000071892a638}: 'void java.lang.invoke.DirectMethodHandle$Holder.invokeStatic(java.lang.Object, int, java.lang.Object)'> (0x000000071892a638) 
thrown [s\open\src\hotspot\share\interpreter\linkResolver.cpp, line 796]
Event: 0.464 Thread 0x000001202122e0f0 Exception <a 'java/lang/NoSuchMethodError'{0x0000000718970e68}: 'int java.lang.invoke.DirectMethodHandle$Holder.invokeSpecial(java.lang.Object, java.lang.Object, java.lang.Object)'> (0x0000000718970e68) 
thrown [s\open\src\hotspot\share\interpreter\linkResolver.cpp, line 796]
Event: 0.509 Thread 0x00000120023603f0 Exception <a 'java/lang/NoSuchMethodError'{0x000000071860d2a0}: 'void java.lang.invoke.DirectMethodHandle$Holder.invokeStatic(java.lang.Object, long, java.lang.Object)'> (0x000000071860d2a0) 
thrown [s\open\src\hotspot\share\interpreter\linkResolver.cpp, line 796]
Event: 0.510 Thread 0x00000120023603f0 Exception <a 'java/lang/NoSuchMethodError'{0x00000007186124f0}: 'java.lang.Object java.lang.invoke.DirectMethodHandle$Holder.newInvokeSpecial(java.lang.Object, long)'> (0x00000007186124f0) 
thrown [s\open\src\hotspot\share\interpreter\linkResolver.cpp, line 796]
Event: 0.527 Thread 0x000001202122e0f0 Exception <a 'java/lang/NoSuchMethodError'{0x00000007187c2ec0}: 'java.lang.Object java.lang.invoke.DirectMethodHandle$Holder.invokeStaticInit(java.lang.Object, java.lang.Object, java.lang.Object)'> (0x00000007187c2ec0) 
thrown [s\open\src\hotspot\share\interpreter\linkResolver.cpp, line 796]
Event: 0.736 Thread 0x000001202122e0f0 Exception <a 'java/lang/NoSuchMethodError'{0x000000071809d728}: 'java.lang.Object java.lang.invoke.DirectMethodHandle$Holder.invokeStaticInit(java.lang.Object, int, int, int, int)'> (0x000000071809d728) 
thrown [s\open\src\hotspot\share\interpreter\linkResolver.cpp, line 796]
Event: 0.792 Thread 0x000001202122e0f0 Exception <a 'java/lang/NoSuchMethodError'{0x000000071815b4e8}: 'java.lang.Object java.lang.invoke.DirectMethodHandle$Holder.invokeStaticInit(java.lang.Object, java.lang.Object, int, int, int, int)'> (0x000000071815b4e8) 
thrown [s\open\src\hotspot\share\interpreter\linkResolver.cpp, line 796]
Event: 0.817 Thread 0x000001202122e0f0 Exception <a 'java/lang/ClassNotFoundException'{0x000000071817d3d0}: javax/management/remote/rmi/RMIServerImpl_Skel> (0x000000071817d3d0) 
thrown [s\open\src\hotspot\share\classfile\systemDictionary.cpp, line 313]
Event: 0.832 Thread 0x000001202122e0f0 Exception <a 'java/lang/NoSuchMethodError'{0x0000000718198e68}: 'long java.lang.invoke.DirectMethodHandle$Holder.invokeSpecial(java.lang.Object, java.lang.Object)'> (0x0000000718198e68) 
thrown [s\open\src\hotspot\share\interpreter\linkResolver.cpp, line 796]
Event: 0.833 Thread 0x000001202122e0f0 Exception <a 'java/lang/NoSuchMethodError'{0x000000071819c558}: 'long java.lang.invoke.Invokers$Holder.invokeExact_MT(java.lang.Object, java.lang.Object)'> (0x000000071819c558) 
thrown [s\open\src\hotspot\share\interpreter\linkResolver.cpp, line 796]
Event: 0.888 Thread 0x00000120677f6e70 Exception <a 'java/lang/NoSuchMethodError'{0x0000000717e5ff88}: static [B.<clinit>()V> (0x0000000717e5ff88) 
thrown [s\open\src\hotspot\share\prims\jni.cpp, line 1111]
Event: 0.890 Thread 0x00000120677f6e70 Exception <a 'java/lang/NoSuchMethodError'{0x0000000717e64138}: 'java.lang.Object java.lang.invoke.DirectMethodHandle$Holder.invokeInterface(java.lang.Object, java.lang.Object, java.lang.Object)'> (0x0000000717e64138) 
thrown [s\open\src\hotspot\share\interpreter\linkResolver.cpp, line 796]
Event: 0.904 Thread 0x00000120677f6e70 Exception <a 'java/lang/ClassNotFoundException'{0x0000000717f048e0}: javax/management/remote/rmi/RMIConnectionImpl_Skel> (0x0000000717f048e0) 
thrown [s\open\src\hotspot\share\classfile\systemDictionary.cpp, line 313]
Event: 0.907 Thread 0x0000012067aae560 Exception <a 'java/lang/NoSuchMethodError'{0x0000000717f9d3f8}: 'java.lang.Object java.lang.invoke.Invokers$Holder.linkToTargetMethod(java.lang.Object, long, java.lang.Object)'> (0x0000000717f9d3f8) 
thrown [s\open\src\hotspot\share\interpreter\linkResolver.cpp, line 796]
Event: 0.921 Thread 0x00000120677f6e70 Exception <a 'java/lang/NoSuchMethodError'{0x0000000717f46190}: 'int java.lang.invoke.DelegatingMethodHandle$Holder.reinvoke_L(java.lang.Object, java.lang.Object, java.lang.Object, java.lang.Object, java.lang.Object)'> (0x0000000717f46190) 
thrown [s\open\src\hotspot\share\interpreter\linkResolver.cpp, line 796]
Event: 0.928 Thread 0x00000120677f6e70 Exception <a 'java/lang/NoSuchMethodError'{0x0000000717f61e18}: 'java.lang.Object java.lang.invoke.DirectMethodHandle$Holder.invokeInterface(java.lang.Object, java.lang.Object, java.lang.Object, java.lang.Object, java.lang.Object)'> (0x0000000717f61e18) 
thrown [s\open\src\hotspot\share\interpreter\linkResolver.cpp, line 796]
Event: 0.936 Thread 0x00000120677f6e70 Exception <a 'java/lang/NoSuchMethodError'{0x0000000717c00568}: 'double java.lang.invoke.DirectMethodHandle$Holder.invokeInterface(java.lang.Object, java.lang.Object)'> (0x0000000717c00568) 
thrown [s\open\src\hotspot\share\interpreter\linkResolver.cpp, line 796]
Event: 0.937 Thread 0x00000120677f6e70 Exception <a 'java/lang/NoSuchMethodError'{0x0000000717c07f38}: 'double java.lang.invoke.DelegatingMethodHandle$Holder.reinvoke_L(java.lang.Object, java.lang.Object)'> (0x0000000717c07f38) 
thrown [s\open\src\hotspot\share\interpreter\linkResolver.cpp, line 796]
Event: 2.596 Thread 0x00000120677f6e70 Exception <a 'java/lang/NoSuchMethodError'{0x0000000718ccb428}: 'long java.lang.invoke.DirectMethodHandle$Holder.invokeVirtual(java.lang.Object, java.lang.Object)'> (0x0000000718ccb428) 
thrown [s\open\src\hotspot\share\interpreter\linkResolver.cpp, line 796]
Event: 2.597 Thread 0x00000120677f6e70 Exception <a 'java/lang/NoSuchMethodError'{0x0000000718ccea20}: 'long java.lang.invoke.DelegatingMethodHandle$Holder.reinvoke_L(java.lang.Object, java.lang.Object)'> (0x0000000718ccea20) 
thrown [s\open\src\hotspot\share\interpreter\linkResolver.cpp, line 796]

VM Operations (20 events):
Event: 0.279 Executing VM operation: HandshakeAllThreads (Deoptimize)
Event: 0.279 Executing VM operation: HandshakeAllThreads (Deoptimize) done
Event: 0.329 Executing VM operation: HandshakeAllThreads (Deoptimize)
Event: 0.329 Executing VM operation: HandshakeAllThreads (Deoptimize) done
Event: 0.352 Executing VM operation: HandshakeAllThreads (Deoptimize)
Event: 0.352 Executing VM operation: HandshakeAllThreads (Deoptimize) done
Event: 0.391 Executing VM operation: HandshakeAllThreads (Deoptimize)
Event: 0.391 Executing VM operation: HandshakeAllThreads (Deoptimize) done
Event: 0.410 Executing VM operation: HandshakeAllThreads (Deoptimize)
Event: 0.410 Executing VM operation: HandshakeAllThreads (Deoptimize) done
Event: 0.814 Executing VM operation: HandshakeAllThreads (Deoptimize)
Event: 0.815 Executing VM operation: HandshakeAllThreads (Deoptimize) done
Event: 0.903 Executing VM operation: HandshakeAllThreads (Deoptimize)
Event: 0.903 Executing VM operation: HandshakeAllThreads (Deoptimize) done
Event: 1.147 Executing VM operation: HandshakeAllThreads (Deoptimize)
Event: 1.147 Executing VM operation: HandshakeAllThreads (Deoptimize) done
Event: 2.385 Executing VM operation: G1CollectForAllocation (G1 Evacuation Pause)
Event: 2.393 Executing VM operation: G1CollectForAllocation (G1 Evacuation Pause) done
Event: 10.661 Executing VM operation: G1CollectForAllocation (G1 Evacuation Pause)
Event: 10.666 Executing VM operation: G1CollectForAllocation (G1 Evacuation Pause) done

Memory protections (0 events):
No events

Nmethod flushes (0 events):
No events

Events (20 events):
Event: 0.069 Thread 0x00000120023603f0 Thread added: 0x000001202122d410
Event: 0.069 Thread 0x00000120023603f0 Thread added: 0x000001202122e0f0
Event: 0.069 Thread 0x00000120023603f0 Thread added: 0x000001202122eeb0
Event: 0.070 Thread 0x00000120023603f0 Thread added: 0x000001202122fa40
Event: 0.070 Thread 0x00000120023603f0 Thread added: 0x0000012021234290
Event: 0.070 Thread 0x00000120023603f0 Thread added: 0x0000012021235420
Event: 0.122 Thread 0x00000120023603f0 Thread added: 0x00000120211fd8d0
Event: 0.229 Thread 0x00000120023603f0 Thread added: 0x0000012021d7bca0
Event: 0.229 Thread 0x00000120023603f0 Thread added: 0x0000012021d78b80
Event: 0.491 Thread 0x00000120023603f0 Thread added: 0x000001206753b120
Event: 0.517 Thread 0x0000012021235420 Thread added: 0x0000012067568b40
Event: 0.624 Thread 0x0000012067568b40 Thread added: 0x00000120676f7320
Event: 0.828 Thread 0x000001202122e0f0 Thread added: 0x0000012067ae3dd0
Event: 0.856 Thread 0x0000012067ae3dd0 Thread added: 0x00000120677f6e70
Event: 0.887 Thread 0x00000120677f6e70 Thread added: 0x0000012067aaf0a0
Event: 0.901 Thread 0x00000120677f6e70 Thread added: 0x0000012067aae560
Event: 1.069 Thread 0x0000012067568b40 Thread exited: 0x0000012067568b40
Event: 1.069 Thread 0x00000120676f7320 Thread exited: 0x00000120676f7320
Event: 1.098 Thread 0x00000120023603f0 Thread added: 0x0000012067568b40
Event: 2.619 Thread 0x0000012067ae3dd0 Thread added: 0x000001206a02e800


Dynamic libraries:
0x00007ff7f1130000 - 0x00007ff7f113e000 	C:\Users\dbidy\.jdks\openjdk-23.0.2\bin\java.exe
0x00007ff978e80000 - 0x00007ff9790e0000 	C:\WINDOWS\SYSTEM32\ntdll.dll
0x00007ff945d80000 - 0x00007ff945d9a000 	C:\Program Files\AVG\Antivirus\aswhook.dll
0x00007ff9776f0000 - 0x00007ff9777b7000 	C:\WINDOWS\System32\KERNEL32.DLL
0x00007ff9765f0000 - 0x00007ff9769ba000 	C:\WINDOWS\System32\KERNELBASE.dll
0x00007ff976260000 - 0x00007ff9763ab000 	C:\WINDOWS\System32\ucrtbase.dll
0x00007ff96d020000 - 0x00007ff96d03b000 	C:\Users\dbidy\.jdks\openjdk-23.0.2\bin\VCRUNTIME140.dll
0x00007ff9693c0000 - 0x00007ff9693d7000 	C:\Users\dbidy\.jdks\openjdk-23.0.2\bin\jli.dll
0x00007ff976ca0000 - 0x00007ff976e6c000 	C:\WINDOWS\System32\USER32.dll
0x00007ff9765c0000 - 0x00007ff9765e7000 	C:\WINDOWS\System32\win32u.dll
0x00007ff957960000 - 0x00007ff957bf7000 	C:\WINDOWS\WinSxS\amd64_microsoft.windows.common-controls_6595b64144ccf1df_6.0.26100.3624_none_3e086962e3345f24\COMCTL32.dll
0x00007ff976e70000 - 0x00007ff976e9a000 	C:\WINDOWS\System32\GDI32.dll
0x00007ff976ea0000 - 0x00007ff976f49000 	C:\WINDOWS\System32\msvcrt.dll
0x00007ff976b40000 - 0x00007ff976c71000 	C:\WINDOWS\System32\gdi32full.dll
0x00007ff976060000 - 0x00007ff976103000 	C:\WINDOWS\System32\msvcp_win.dll
0x00007ff9788c0000 - 0x00007ff9788ef000 	C:\WINDOWS\System32\IMM32.DLL
0x00007ff970280000 - 0x00007ff97028c000 	C:\Users\dbidy\.jdks\openjdk-23.0.2\bin\vcruntime140_1.dll
0x00007ff93f610000 - 0x00007ff93f69e000 	C:\Users\dbidy\.jdks\openjdk-23.0.2\bin\msvcp140.dll
0x00007ff88d6f0000 - 0x00007ff88e440000 	C:\Users\dbidy\.jdks\openjdk-23.0.2\bin\server\jvm.dll
0x00007ff978660000 - 0x00007ff978712000 	C:\WINDOWS\System32\ADVAPI32.dll
0x00007ff978d20000 - 0x00007ff978dc6000 	C:\WINDOWS\System32\sechost.dll
0x00007ff978c00000 - 0x00007ff978d16000 	C:\WINDOWS\System32\RPCRT4.dll
0x00007ff978720000 - 0x00007ff978794000 	C:\WINDOWS\System32\WS2_32.dll
0x00007ff975820000 - 0x00007ff97587e000 	C:\WINDOWS\SYSTEM32\POWRPROF.dll
0x00007ff969ed0000 - 0x00007ff969f06000 	C:\WINDOWS\SYSTEM32\WINMM.dll
0x00007ff96dd30000 - 0x00007ff96dd3b000 	C:\WINDOWS\SYSTEM32\VERSION.dll
0x00007ff975800000 - 0x00007ff975814000 	C:\WINDOWS\SYSTEM32\UMPDC.dll
0x00007ff974e70000 - 0x00007ff974e8a000 	C:\WINDOWS\SYSTEM32\kernel.appcore.dll
0x00007ff965000000 - 0x00007ff96500a000 	C:\Users\dbidy\.jdks\openjdk-23.0.2\bin\jimage.dll
0x00007ff96c440000 - 0x00007ff96c681000 	C:\WINDOWS\SYSTEM32\DBGHELP.DLL
0x00007ff9777c0000 - 0x00007ff977b42000 	C:\WINDOWS\System32\combase.dll
0x00007ff978a20000 - 0x00007ff978af6000 	C:\WINDOWS\System32\OLEAUT32.dll
0x00007ff9646b0000 - 0x00007ff9646e9000 	C:\WINDOWS\SYSTEM32\dbgcore.DLL
0x00007ff9763b0000 - 0x00007ff976449000 	C:\WINDOWS\System32\bcryptPrimitives.dll
0x00007ff964ff0000 - 0x00007ff964fff000 	C:\Users\dbidy\.jdks\openjdk-23.0.2\bin\instrument.dll
0x00007ff964450000 - 0x00007ff96446e000 	C:\Users\dbidy\.jdks\openjdk-23.0.2\bin\java.dll
0x00007ff9784c0000 - 0x00007ff978656000 	C:\WINDOWS\System32\ole32.dll
0x00007ff976fc0000 - 0x00007ff9776e9000 	C:\WINDOWS\System32\SHELL32.dll
0x00007ff976450000 - 0x00007ff9765b8000 	C:\WINDOWS\System32\wintypes.dll
0x00007ff973d20000 - 0x00007ff974572000 	C:\WINDOWS\SYSTEM32\windows.storage.dll
0x00007ff9781f0000 - 0x00007ff9782dd000 	C:\WINDOWS\System32\SHCORE.dll
0x00007ff978dd0000 - 0x00007ff978e34000 	C:\WINDOWS\System32\shlwapi.dll
0x00007ff975f70000 - 0x00007ff975f9f000 	C:\WINDOWS\SYSTEM32\profapi.dll
0x00007ff92abb0000 - 0x00007ff92ac87000 	C:\Users\dbidy\.jdks\openjdk-23.0.2\bin\jsvml.dll
0x00007ff94e000000 - 0x00007ff94e017000 	C:\Users\dbidy\.jdks\openjdk-23.0.2\bin\zip.dll
0x00007ff9643d0000 - 0x00007ff9643e0000 	C:\Users\dbidy\.jdks\openjdk-23.0.2\bin\net.dll
0x00007ff975390000 - 0x00007ff9753fa000 	C:\WINDOWS\system32\mswsock.dll
0x00007ff94e190000 - 0x00007ff94e1a6000 	C:\Users\dbidy\.jdks\openjdk-23.0.2\bin\nio.dll
0x00007ff958470000 - 0x00007ff958479000 	C:\Users\dbidy\.jdks\openjdk-23.0.2\bin\extnet.dll
0x00007ff974990000 - 0x00007ff974ab5000 	C:\WINDOWS\SYSTEM32\DNSAPI.dll
0x00007ff9748f0000 - 0x00007ff974923000 	C:\WINDOWS\SYSTEM32\IPHLPAPI.DLL
0x00007ff9787a0000 - 0x00007ff9787aa000 	C:\WINDOWS\System32\NSI.dll
0x00007ff9705c0000 - 0x00007ff9705cb000 	C:\Windows\System32\rasadhlp.dll
0x00007ff970dc0000 - 0x00007ff970e45000 	C:\WINDOWS\System32\fwpuclnt.dll
0x00007ff952710000 - 0x00007ff95271a000 	C:\Users\dbidy\.jdks\openjdk-23.0.2\bin\management.dll
0x00007ff94e180000 - 0x00007ff94e18b000 	C:\Users\dbidy\.jdks\openjdk-23.0.2\bin\management_ext.dll
0x00007ff976c90000 - 0x00007ff976c98000 	C:\WINDOWS\System32\PSAPI.DLL
0x00007ff91a160000 - 0x00007ff91a1e2000 	C:\Users\dbidy\AppData\Local\Temp\jwm_866105742533000\jwm_x64.dll
0x00007ff8dd620000 - 0x00007ff8dd72c000 	C:\WINDOWS\SYSTEM32\OPENGL32.dll
0x00007ff9734c0000 - 0x00007ff9735ee000 	C:\WINDOWS\SYSTEM32\dxgi.dll
0x00007ff94df80000 - 0x00007ff94dfa3000 	C:\WINDOWS\SYSTEM32\d3d12.dll
0x00007ff94ba40000 - 0x00007ff94ba6d000 	C:\WINDOWS\SYSTEM32\GLU32.dll
0x00007ff973620000 - 0x00007ff973667000 	C:\WINDOWS\SYSTEM32\dxcore.dll
0x00007ff973430000 - 0x00007ff97348e000 	C:\WINDOWS\SYSTEM32\directxdatabasehelper.dll
0x00007ff975c90000 - 0x00007ff975cef000 	C:\WINDOWS\SYSTEM32\cfgmgr32.dll
0x00007ff973250000 - 0x00007ff9732fe000 	C:\WINDOWS\system32\uxtheme.dll
0x00007ff977c00000 - 0x00007ff977d5d000 	C:\WINDOWS\System32\MSCTF.dll
0x00007ff954d90000 - 0x00007ff954ed9000 	C:\WINDOWS\SYSTEM32\textinputframework.dll
0x00007ff96fd60000 - 0x00007ff96fe86000 	C:\WINDOWS\SYSTEM32\CoreMessaging.dll
0x00007ff9689c0000 - 0x00007ff968ca3000 	C:\WINDOWS\SYSTEM32\CoreUIComponents.dll
0x00007ff9756c0000 - 0x00007ff9756cc000 	C:\WINDOWS\SYSTEM32\CRYPTBASE.DLL
0x00007ff87b9c0000 - 0x00007ff87c3cc000 	C:\Users\dbidy\AppData\Local\Temp\skija_0.116.4_x64\skija.dll
0x00007ff96f1d0000 - 0x00007ff96f64f000 	C:\WINDOWS\SYSTEM32\D3DCOMPILER_47.dll
0x00007ff9756a0000 - 0x00007ff9756bc000 	C:\WINDOWS\SYSTEM32\cryptsp.dll
0x00007ff962940000 - 0x00007ff96295a000 	C:\WINDOWS\SYSTEM32\windows.staterepositorycore.dll
0x00007ff874580000 - 0x00007ff876bb8000 	C:\WINDOWS\System32\DriverStore\FileRepository\nvam.inf_amd64_f6465e9eefbbdae5\nvoglv64.dll
0x00007ff977d60000 - 0x00007ff9781e6000 	C:\WINDOWS\System32\SETUPAPI.dll
0x00007ff972750000 - 0x00007ff972766000 	C:\WINDOWS\SYSTEM32\WTSAPI32.dll
0x00007ff9757c0000 - 0x00007ff9757d3000 	C:\WINDOWS\SYSTEM32\msasn1.dll
0x00007ff96dcf0000 - 0x00007ff96dd2b000 	C:\WINDOWS\SYSTEM32\cryptnet.dll
0x00007ff9769c0000 - 0x00007ff976b37000 	C:\WINDOWS\System32\CRYPT32.dll
0x00007ff975760000 - 0x00007ff9757bd000 	C:\WINDOWS\SYSTEM32\wldp.dll
0x00007ff96da00000 - 0x00007ff96db7c000 	C:\WINDOWS\SYSTEM32\drvstore.dll
0x00007ff975d00000 - 0x00007ff975d2d000 	C:\WINDOWS\SYSTEM32\devobj.dll
0x00007ff9761d0000 - 0x00007ff97624f000 	C:\WINDOWS\System32\WINTRUST.dll
0x00007ff974f90000 - 0x00007ff974fc5000 	C:\WINDOWS\SYSTEM32\ntmarta.dll
0x00007ff974dd0000 - 0x00007ff974e0a000 	C:\WINDOWS\system32\rsaenh.dll
0x00007ff975430000 - 0x00007ff97545b000 	C:\WINDOWS\SYSTEM32\USERENV.dll
0x00007ff975f40000 - 0x00007ff975f66000 	C:\WINDOWS\SYSTEM32\bcrypt.dll
0x00007ff977bd0000 - 0x00007ff977bf0000 	C:\WINDOWS\System32\imagehlp.dll
0x00007ff950170000 - 0x00007ff950188000 	C:\WINDOWS\system32\napinsp.dll
0x00007ff950190000 - 0x00007ff9501a2000 	C:\WINDOWS\System32\winrnr.dll
0x00007ff9501b0000 - 0x00007ff9501e0000 	C:\WINDOWS\system32\nlansp_c.dll
0x00007ff96dcd0000 - 0x00007ff96dce6000 	C:\WINDOWS\system32\wshbth.dll
0x00007ff9249d0000 - 0x00007ff9276e0000 	C:\WINDOWS\System32\DriverStore\FileRepository\nvam.inf_amd64_f6465e9eefbbdae5\nvgpucomp64.dll
0x00007ff92bcc0000 - 0x00007ff92bf91000 	C:\WINDOWS\system32\nvspcap64.dll
0x00007ff973670000 - 0x00007ff9736a6000 	C:\WINDOWS\SYSTEM32\dwmapi.dll
0x00007ff9754a0000 - 0x00007ff975507000 	C:\WINDOWS\SYSTEM32\WINSTA.dll
0x00007ff96ef60000 - 0x00007ff96f1c9000 	C:\WINDOWS\SYSTEM32\dwrite.dll

dbghelp: loaded successfully - version: 4.0.5 - missing functions: none
symbol engine: initialized successfully - sym options: 0x614 - pdb path: .;C:\Users\dbidy\.jdks\openjdk-23.0.2\bin;C:\WINDOWS\SYSTEM32;C:\Program Files\AVG\Antivirus;C:\WINDOWS\WinSxS\amd64_microsoft.windows.common-controls_6595b64144ccf1df_6.0.26100.3624_none_3e086962e3345f24;C:\Users\dbidy\.jdks\openjdk-23.0.2\bin\server;C:\Users\dbidy\AppData\Local\Temp\jwm_866105742533000;C:\Users\dbidy\AppData\Local\Temp\skija_0.116.4_x64;C:\WINDOWS\System32\DriverStore\FileRepository\nvam.inf_amd64_f6465e9eefbbdae5

VM Arguments:
jvm_args: -javaagent:C:\Program Files\JetBrains\IntelliJ IDEA 2024.3\lib\idea_rt.jar=50890 -Dfile.encoding=UTF-8 -Dsun.stdout.encoding=UTF-8 -Dsun.stderr.encoding=UTF-8 
java_command: ch.fhnw.team6.Main
java_class_path (initial): C:\school\ip2\wearAware\target\classes;C:\Users\dbidy\.m2\repository\com\google\code\gson\gson\2.10.1\gson-2.10.1.jar;C:\Users\dbidy\.m2\repository\io\github\humbleui\jwm\0.4.18\jwm-0.4.18.jar;C:\Users\dbidy\.m2\repository\io\github\humbleui\types\0.1.1\types-0.1.1.jar;C:\Users\dbidy\.m2\repository\io\github\humbleui\skija-windows-x64\0.116.4\skija-windows-x64-0.116.4.jar;C:\Users\dbidy\.m2\repository\io\github\humbleui\skija-shared\0.116.4\skija-shared-0.116.4.jar;C:\Users\dbidy\.m2\repository\io\github\humbleui\skija-macos-arm64\0.116.4\skija-macos-arm64-0.116.4.jar;C:\Users\dbidy\.m2\repository\io\github\humbleui\skija-macos-x64\0.116.4\skija-macos-x64-0.116.4.jar;C:\Users\dbidy\.m2\repository\io\github\humbleui\skija-linux-x64\0.116.4\skija-linux-x64-0.116.4.jar
Launcher Type: SUN_STANDARD

[Global flags]
     intx CICompilerCount                          = 4                                         {product} {ergonomic}
     uint ConcGCThreads                            = 3                                         {product} {ergonomic}
     uint G1ConcRefinementThreads                  = 10                                        {product} {ergonomic}
   size_t G1HeapRegionSize                         = 2097152                                   {product} {ergonomic}
   size_t InitialHeapSize                          = 260046848                                 {product} {ergonomic}
   size_t MarkStackSize                            = 4194304                                   {product} {ergonomic}
   size_t MarkStackSizeMax                         = 536870912                                 {product} {ergonomic}
   size_t MaxHeapSize                              = 4135583744                                {product} {ergonomic}
   size_t MaxNewSize                               = 2480930816                                {product} {ergonomic}
   size_t MinHeapDeltaBytes                        = 2097152                                   {product} {ergonomic}
   size_t MinHeapSize                              = 8388608                                   {product} {ergonomic}
    uintx NonNMethodCodeHeapSize                   = 5832704                                {pd product} {ergonomic}
    uintx NonProfiledCodeHeapSize                  = 122945536                              {pd product} {ergonomic}
    uintx ProfiledCodeHeapSize                     = 122880000                              {pd product} {ergonomic}
    uintx ReservedCodeCacheSize                    = 251658240                              {pd product} {ergonomic}
     bool SegmentedCodeCache                       = true                                      {product} {ergonomic}
   size_t SoftMaxHeapSize                          = 4135583744                             {manageable} {ergonomic}
     bool UseCompressedOops                        = true                           {product lp64_product} {ergonomic}
     bool UseG1GC                                  = true                                      {product} {ergonomic}
     bool UseLargePagesIndividualAllocation        = false                                  {pd product} {ergonomic}

Logging:
Log output configuration:
 #0: stdout all=warning uptime,level,tags foldmultilines=false
 #1: stderr all=off uptime,level,tags foldmultilines=false

Environment Variables:
PATH=C:\Program Files\Common Files\Oracle\Java\javapath;C:\Program Files (x86)\Common Files\Oracle\Java\javapath;C:\Users\dbidy\AppData\Local\Programs\Python\Python310\Scripts\;C:\Users\dbidy\AppData\Local\Programs\Python\Python310\;C:\Windows\system32;C:\Windows;C:\Windows\System32\Wbem;C:\Windows\System32\WindowsPowerShell\v1.0\;C:\Windows\System32\OpenSSH\;C:\Program Files (x86)\NVIDIA Corporation\PhysX\Common;C:\Program Files\NVIDIA Corporation\NVIDIA NvDLISR;C:\Program Files\nodejs\;C:\ProgramData\chocolatey\bin;C:\msys64\mingw64\bin;C:\WINDOWS\system32;C:\WINDOWS;C:\WINDOWS\System32\Wbem;C:\WINDOWS\System32\WindowsPowerShell\v1.0\;C:\WINDOWS\System32\OpenSSH\;C:\Program Files\Tailscale\;C:\Program Files (x86)\ZeroTier\One\;C:\Program Files\PuTTY\;C:\Program Files\Git\cmd;C:\Program Files\dotnet\;C:\Program Files\apache-maven-3.9.9\bin;C:\Users\dbidy\AppData\Local\Microsoft\WindowsApps;C:\Program Files\JetBrains\PyCharm 2022.1.3\bin;C:\Users\dbidy\AppData\Local\Programs\Microsoft VS Code\bin;C:\Users\dbidy\AppData\Roaming\npm;C:\Program Files\JetBrains\CLion 2022.2.2\bin;C:\Program Files\JetBrains\PyCharm Community Edition 2023.1.1\bin;C:\Program Files\JetBrains\IntelliJ IDEA 2024.3\bin;C:\Users\dbidy\AppData\Local\JetBrains\Toolbox\scripts;C:\Program Files\apache-maven-3.9.9\bin;
USERNAME=dbidy
OS=Windows_NT
PROCESSOR_IDENTIFIER=AMD64 Family 25 Model 80 Stepping 0, AuthenticAMD
TMP=C:\Users\dbidy\AppData\Local\Temp
TEMP=C:\Users\dbidy\AppData\Local\Temp




Periodic native trim disabled

---------------  S Y S T E M  ---------------

OS:
 Windows 11 , 64 bit Build 26100 (10.0.26100.3775)
OS uptime: 10 days 0:34 hours

CPU: total 12 (initial active 12) (12 cores per cpu, 2 threads per core) family 25 model 80 stepping 0 microcode 0xa50000c, cx8, cmov, fxsr, ht, mmx, 3dnowpref, sse, sse2, sse3, ssse3, sse4a, sse4.1, sse4.2, popcnt, lzcnt, tsc, tscinvbit, avx, avx2, aes, erms, clmul, bmi1, bmi2, adx, sha, fma, vzeroupper, clflush, clflushopt, rdtscp, rdpid, fsrm, f16c, pku, cet_ss
Processor Information for processor 0
  Max Mhz: 3301, Current Mhz: 1908, Mhz Limit: 3301
Processor Information for processor 1
  Max Mhz: 3301, Current Mhz: 1805, Mhz Limit: 3301
Processor Information for processor 2
  Max Mhz: 3301, Current Mhz: 1805, Mhz Limit: 3301
Processor Information for processor 3
  Max Mhz: 3301, Current Mhz: 1805, Mhz Limit: 3301
Processor Information for processor 4
  Max Mhz: 3301, Current Mhz: 1908, Mhz Limit: 3301
Processor Information for processor 5
  Max Mhz: 3301, Current Mhz: 1805, Mhz Limit: 3301
Processor Information for processor 6
  Max Mhz: 3301, Current Mhz: 1805, Mhz Limit: 3301
Processor Information for processor 7
  Max Mhz: 3301, Current Mhz: 1805, Mhz Limit: 3301
Processor Information for processor 8
  Max Mhz: 3301, Current Mhz: 1805, Mhz Limit: 3301
Processor Information for processor 9
  Max Mhz: 3301, Current Mhz: 1805, Mhz Limit: 3301
Processor Information for processor 10
  Max Mhz: 3301, Current Mhz: 1805, Mhz Limit: 3301
Processor Information for processor 11
  Max Mhz: 3301, Current Mhz: 1805, Mhz Limit: 3301

Memory: 4k page, system-wide physical 15775M (632M free)
TotalPageFile size 38769M (AvailPageFile size 6258M)
current process WorkingSet (physical memory assigned to process): 415M, peak: 415M
current process commit charge ("private bytes"): 720M, peak: 720M

vm_info: OpenJDK 64-Bit Server VM (23.0.2+7-58) for windows-amd64 JRE (23.0.2+7-58), built on 2024-11-29T09:34:55Z with MS VC++ 17.6 (VS2022)

END.
