#
# A fatal error has been detected by the Java Runtime Environment:
#
#  EXCEPTION_ACCESS_VIOLATION (0xc0000005) at pc=0x00007ff881a8419e, pid=56420, tid=46016
#
# JRE version: OpenJDK Runtime Environment (23.0.2+7) (build 23.0.2+7-58)
# Java VM: OpenJDK 64-Bit Server VM (23.0.2+7-58, mixed mode, sharing, tiered, compressed oops, compressed class ptrs, g1 gc, windows-amd64)
# Problematic frame:
# V  [jvm.dll+0x44419e]
#
# No core dump will be written. Minidumps are not enabled by default on client versions of Windows
#
# If you would like to submit a bug report, please visit:
#   https://bugreport.java.com/bugreport/crash.jsp
#

---------------  S U M M A R Y ------------

Command Line: -javaagent:C:\Program Files\JetBrains\IntelliJ IDEA 2024.3\lib\idea_rt.jar=52949 -Dfile.encoding=UTF-8 -Dsun.stdout.encoding=UTF-8 -Dsun.stderr.encoding=UTF-8 ch.fhnw.team6.Main

Host: AMD Ryzen 5 5600H with Radeon Graphics         , 12 cores, 15G,  Windows 11 , 64 bit Build 26100 (10.0.26100.3775)
Time: Mon May  5 13:51:33 2025  Windows 11 , 64 bit Build 26100 (10.0.26100.3775) elapsed time: 18.718041 seconds (0d 0h 0m 18s)

---------------  T H R E A D  ---------------

Current thread (0x000001a20e4d5290):  JavaThread "main"             [_thread_in_vm, id=46016, stack(0x00000007c0700000,0x00000007c0800000) (1024K)]

Stack: [0x00000007c0700000,0x00000007c0800000],  sp=0x00000007c07fb1f0,  free space=1004k
Native frames: (J=compiled Java code, j=interpreted, Vv=VM code, C=native code)
V  [jvm.dll+0x44419e]  (no source info available)
C  [skija.dll+0xdc10]  (no source info available)
C  [skija.dll+0xc5f4]  (no source info available)
C  0x000001a21e31d207  (no source info available)

The last pc belongs to native method entry point (kind = native) (printed below).
Java frames: (J=compiled Java code, j=interpreted, Vv=VM code)
j  io.github.humbleui.skija.Font._nMeasureText(JLjava/lang/String;J)Lio/github/humbleui/types/Rect;+0
j  io.github.humbleui.skija.Font.measureText(Ljava/lang/String;Lio/github/humbleui/skija/Paint;)Lio/github/humbleui/types/Rect;+12
j  ch.fhnw.team6.view.TextPane.draw(Lio/github/humbleui/skija/Canvas;)V+78
j  ch.fhnw.team6.Main.handleFrameEvent(Lio/github/humbleui/jwm/skija/EventFrameSkija;)V+207
j  ch.fhnw.team6.Main.handleEvent(Lio/github/humbleui/jwm/Event;)V+74
j  ch.fhnw.team6.Main$$Lambda+0x000001a23010c680.accept(Ljava/lang/Object;)V+8
j  io.github.humbleui.jwm.Window.accept(Lio/github/humbleui/jwm/Event;)V+86
j  io.github.humbleui.jwm.skija.LayerGLSkija.frame()V+109
j  io.github.humbleui.jwm.Window.accept(Lio/github/humbleui/jwm/Event;)V+69
j  io.github.humbleui.jwm.Window.accept(Lio/github/humbleui/jwm/Event;)V+141
j  io.github.humbleui.jwm.Window.accept(Ljava/lang/Object;)V+5
v  ~StubRoutines::call_stub 0x000001a21e310fcd
j  io.github.humbleui.jwm.App._nStart(Ljava/lang/Runnable;)V+0
j  io.github.humbleui.jwm.App.start(Ljava/lang/Runnable;)V+17
j  ch.fhnw.team6.Main.start()V+6
j  ch.fhnw.team6.Main.main([Ljava/lang/String;)V+7
v  ~StubRoutines::call_stub 0x000001a21e310fcd

siginfo: EXCEPTION_ACCESS_VIOLATION (0xc0000005), reading address 0x0000000000000000


Registers:
RAX=0x0000000000000000, RBX=0x000001a20e4d5290, RCX=0x000001a20e4d5650, RDX=0x0000000000000000
RSP=0x00000007c07fb1f0, RBP=0x00000007c07fb368, RSI=0x00000000000093d6, RDI=0x0000000000000000
R8 =0x000001a27444b960, R9 =0x0000000000000000, R10=0x000001a21e31d1d8, R11=0x00000004ddc6f130
R12=0x0000000000000000, R13=0x000001a270523118, R14=0x00000007c07fb3a8, R15=0x000001a20e4d5290
RIP=0x00007ff881a8419e, EFLAGS=0x0000000000010293


Register to memory mapping:

RAX=0x0 is null
RBX=0x000001a20e4d5290 is a thread
RCX=0x000001a20e4d5650 points into unknown readable memory: 0x00007ff882226e10 | 10 6e 22 82 f8 7f 00 00
RDX=0x0 is null
RSP=0x00000007c07fb1f0 is pointing into the stack for thread: 0x000001a20e4d5290
RBP=0x00000007c07fb368 is pointing into the stack for thread: 0x000001a20e4d5290
RSI=0x00000000000093d6 is an unknown value
RDI=0x0 is null
R8 =0x000001a27444b960 points into unknown readable memory: 0x000001a2765340e0 | e0 40 53 76 a2 01 00 00
R9 =0x0 is null
R10=0x000001a21e31d1d8 is at code_begin+1016 in an Interpreter codelet
native method entry point (kind = native)  [0x000001a21e31cde0, 0x000001a21e31d938]  2904 bytes
R11=0x00000004ddc6f130 is an oop: java.lang.Class 
{0x00000004ddc6f130} - klass: 'java/lang/Class'
 - ---- fields (total size 14 words):
 - private volatile transient 'classRedefinedCount' 'I' @12  0 (0x00000000)
 - injected 'klass' 'J' @16  1796102469024 (0x000001a2300cb5a0)
 - injected 'array_klass' 'J' @24  0 (0x0000000000000000)
 - injected 'oop_size' 'I' @32  14 (0x0000000e)
 - injected 'static_oop_field_count' 'I' @36  0 (0x00000000)
 - private volatile transient 'cachedConstructor' 'Ljava/lang/reflect/Constructor;' @40  null (0x00000000)
 - private transient 'name' 'Ljava/lang/String;' @44  "io.github.humbleui.skija.Font"{0x00000004ddc6f1a0} (0x9bb8de34)
 - private transient 'module' 'Ljava/lang/Module;' @48  a 'java/lang/Module'{0x00000004dbf1b828} (0x9b7e3705)
 - private final 'classLoader' 'Ljava/lang/ClassLoader;' @52  a 'jdk/internal/loader/ClassLoaders$AppClassLoader'{0x00000004dbef03a8} (0x9b7de075)
 - private transient 'classData' 'Ljava/lang/Object;' @56  null (0x00000000)
 - private transient 'packageName' 'Ljava/lang/String;' @60  "io.github.humbleui.skija"{0x00000004dbf0dfe0} (0x9b7e1bfc)
 - private final 'componentType' 'Ljava/lang/Class;' @64  null (0x00000000)
 - private volatile transient 'reflectionData' 'Ljava/lang/ref/SoftReference;' @68  a 'java/lang/ref/SoftReference'{0x00000004ea7af3b8} (0x9d4f5e77)
 - private volatile transient 'genericInfo' 'Lsun/reflect/generics/repository/ClassRepository;' @72  null (0x00000000)
 - private volatile transient 'enumConstants' '[Ljava/lang/Object;' @76  null (0x00000000)
 - private volatile transient 'enumConstantDirectory' 'Ljava/util/Map;' @80  null (0x00000000)
 - private volatile transient 'annotationData' 'Ljava/lang/Class$AnnotationData;' @84  null (0x00000000)
 - private volatile transient 'annotationType' 'Lsun/reflect/annotation/AnnotationType;' @88  null (0x00000000)
 - transient 'classValueMap' 'Ljava/lang/ClassValue$ClassValueMap;' @92  null (0x00000000)
 - injected 'protection_domain' 'Ljava/lang/Object;' @96  a 'java/security/ProtectionDomain'{0x00000004dbf79f58} (0x9b7ef3eb)
 - injected 'signers_name' 'Ljava/lang/Object;' @100  null (0x00000000)
 - injected 'source_file' 'Ljava/lang/Object;' @104  null (0x00000000)
 - injected '<init_lock>' 'Ljava/lang/Object;' @108  null (0x00000000)
 - signature: Lio/github/humbleui/skija/Font;
 - ---- static fields (0):
R12=0x0 is null
R13={method} {0x000001a270523120} '_nMeasureText' '(JLjava/lang/String;J)Lio/github/humbleui/types/Rect;' in 'io/github/humbleui/skija/Font'
R14=0x00000007c07fb3a8 is pointing into the stack for thread: 0x000001a20e4d5290
R15=0x000001a20e4d5290 is a thread

Top of Stack: (sp=0x00000007c07fb1f0)
0x00000007c07fb1f0:   000001a270523118 000001a20e4d5290
0x00000007c07fb200:   0000000200000005 00007ff800000003
0x00000007c07fb210:   00000004ddc5e8d8 00007ff87a4edc10
0x00000007c07fb220:   000001a270523118 00000000000093d6
0x00000007c07fb230:   0000000000000000 00000004ddc5e8d8
0x00000007c07fb240:   00007ff881a840f0 000001a20e4d5290
0x00000007c07fb250:   00000007c07fb368 00007ff87a4ec5f4
0x00000007c07fb260:   000001a20e4d5650 0000000000000000
0x00000007c07fb270:   0000000000017979 000001a20e4d5290
0x00000007c07fb280:   000001a270523118 000001a20e4d5290
0x00000007c07fb290:   00000004ddc5e8d8 000001a21e31d078
0x00000007c07fb2a0:   000001a276941c20 000001a27444b960
0x00000007c07fb2b0:   000001a20e4d5290 00007ff881a128a1
0x00000007c07fb2c0:   00000000000093d6 000001a21e31d207
0x00000007c07fb2d0:   000001a20e4d5650 00000007c07fb378
0x00000007c07fb2e0:   000001a27444b960 0000000000000000
0x00000007c07fb2f0:   000001a276941c20 00000000000093d6
0x00000007c07fb300:   00000004ddc5e8d8 00007ff881ccd36f
0x00000007c07fb310:   3ff0000000000000 000001a21e31ce9b
0x00000007c07fb320:   fffffffffffffff7 000001a270523118
0x00000007c07fb330:   0000000000000008 000001a27074bbe8
0x00000007c07fb340:   0000000000000000 00000004ddc6f130
0x00000007c07fb350:   000001a270523118 0000000000000000
0x00000007c07fb360:   00000007c07fb388 00000007c07fb3f8
0x00000007c07fb370:   000001a21e31889a 00000004ddc6f130
0x00000007c07fb380:   000001a21e31a5da 000001a276941c20
0x00000007c07fb390:   0000000000000000 0000000000000000
0x00000007c07fb3a0:   000001a27444b960 0000000000000000
0x00000007c07fb3b0:   fffffffffffffff7 000001a270520ed4
0x00000007c07fb3c0:   0000000000000006 000001a27074bbe8
0x00000007c07fb3d0:   0000000000000000 00000004ddc6f130
0x00000007c07fb3e0:   000001a270520f10 fffffffffffffff2 

Instructions: (pc=0x00007ff881a8419e)
0x00007ff881a8409e:   8b 4f 08 48 8b 47 18 48 89 41 18 48 8b 4f 08 48
0x00007ff881a840ae:   8b 47 20 48 89 41 20 48 8d 8b a0 03 00 00 e8 8f
0x00007ff881a840be:   16 ed ff 48 8b 6c 24 58 90 c7 83 44 04 00 00 04
0x00007ff881a840ce:   00 00 00 48 8b c6 48 8b 5c 24 50 48 8b 74 24 60
0x00007ff881a840de:   48 83 c4 40 5f c3 cc cc cc cc cc cc cc cc cc cc
0x00007ff881a840ee:   cc cc 48 89 5c 24 08 48 89 74 24 10 57 48 83 ec
0x00007ff881a840fe:   20 8b 81 a8 00 00 00 48 8d 99 40 fc ff ff 05 53
0x00007ff881a8410e:   21 ff ff 48 8b fa 83 f8 01 77 08 48 8b cb e8 5f
0x00007ff881a8411e:   68 fa ff 80 3d 6c 7b 80 00 00 c7 83 44 04 00 00
0x00007ff881a8412e:   06 00 00 00 75 06 e8 a7 c4 28 00 90 48 8b 83 48
0x00007ff881a8413e:   04 00 00 a8 01 74 0d 45 33 c0 b2 01 48 8b cb e8
0x00007ff881a8414e:   6e f1 2f 00 8b 83 40 04 00 00 a8 0c 74 08 48 8b
0x00007ff881a8415e:   cb e8 fc 7e fa ff 48 8b c7 c7 83 44 04 00 00 06
0x00007ff881a8416e:   00 00 00 83 e0 03 48 83 f8 01 75 0f 48 8d 4f ff
0x00007ff881a8417e:   ff 15 1c 02 7a 00 48 8b f8 eb 18 48 83 f8 02 75
0x00007ff881a8418e:   0f 48 8d 4f fe ff 15 87 6e 79 00 48 8b f8 eb 03
0x00007ff881a8419e:   48 8b 3f 48 63 15 30 8b 80 00 48 8b cf ff 15 f7
0x00007ff881a841ae:   24 7a 00 48 8b c8 48 85 c0 75 04 33 f6 eb 29 80
0x00007ff881a841be:   3d 66 1a 7a 00 00 b8 10 00 00 00 ba 0c 00 00 00
0x00007ff881a841ce:   0f 45 c2 8b 0c 08 8b f1 48 63 05 07 8b 80 00 d1
0x00007ff881a841de:   fe 80 3c 38 00 0f 44 f1 48 8b bb 98 01 00 00 48
0x00007ff881a841ee:   8b 47 10 48 83 38 00 74 08 48 8b cf e8 11 f4 f5
0x00007ff881a841fe:   ff 48 8b 57 08 48 8b 4f 10 48 89 4a 10 48 8b 57
0x00007ff881a8420e:   08 48 8b 4f 18 48 89 4a 18 48 8b 4f 20 48 8b 57
0x00007ff881a8421e:   08 48 89 4a 20 48 8d 8b a0 03 00 00 e8 21 15 ed
0x00007ff881a8422e:   ff 90 8b c6 48 8b 74 24 38 c7 83 44 04 00 00 04
0x00007ff881a8423e:   00 00 00 48 8b 5c 24 30 48 83 c4 20 5f c3 cc cc
0x00007ff881a8424e:   cc cc 40 53 56 57 48 83 ec 30 8b 81 a8 00 00 00
0x00007ff881a8425e:   48 8d 99 40 fc ff ff 48 89 6c 24 50 05 53 21 ff
0x00007ff881a8426e:   ff 4c 89 6c 24 60 48 8b fa 4c 89 74 24 28 4d 8b
0x00007ff881a8427e:   f0 83 f8 01 77 08 48 8b cb e8 f4 66 fa ff 80 3d
0x00007ff881a8428e:   01 7a 80 00 00 c7 83 44 04 00 00 06 00 00 00 75 


Stack slot to memory mapping:

stack at sp + 0 slots: {method} {0x000001a270523120} '_nMeasureText' '(JLjava/lang/String;J)Lio/github/humbleui/types/Rect;' in 'io/github/humbleui/skija/Font'
stack at sp + 1 slots: 0x000001a20e4d5290 is a thread
stack at sp + 2 slots: 0x0000000200000005 is an unknown value
stack at sp + 3 slots: 0x00007ff800000003 is an unknown value
stack at sp + 4 slots: 0x00000004ddc5e8d8 is an oop: jdk.internal.ref.CleanerImpl$PhantomCleanableRef 
{0x00000004ddc5e8d8} - klass: 'jdk/internal/ref/CleanerImpl$PhantomCleanableRef'
 - ---- fields (total size 6 words):
 - private 'referent' 'Ljava/lang/Object;' @12  null (0x00000000)
 - volatile 'queue' 'Ljava/lang/ref/ReferenceQueue;' @16  a 'java/lang/ref/ReferenceQueue$Null'{0x00000004dbf00148} (0x9b7e0029)
 - volatile 'next' 'Ljava/lang/ref/Reference;' @20  null (0x00000000)
 - private transient 'discovered' 'Ljava/lang/ref/Reference;' @24  null (0x00000000)
 - 'prev' 'Ljdk/internal/ref/PhantomCleanable;' @28  a 'jdk/internal/ref/CleanerImpl$CleanerCleanable'{0x00000004ddc5e908} (0x9bb8bd21)
 - 'next' 'Ljdk/internal/ref/PhantomCleanable;' @32  a 'jdk/internal/ref/CleanerImpl$PhantomCleanableRef'{0x00000004ea7af440} (0x9d4f5e88)
 - private final 'list' 'Ljdk/internal/ref/PhantomCleanable;' @36  a 'jdk/internal/ref/CleanerImpl$PhantomCleanableRef'{0x00000004ddc5e8d8} (0x9bb8bd1b)
 - private final 'action' 'Ljava/lang/Runnable;' @40  null (0x00000000)
stack at sp + 5 slots: 0x00007ff87a4edc10 skija.dll
stack at sp + 6 slots: {method} {0x000001a270523120} '_nMeasureText' '(JLjava/lang/String;J)Lio/github/humbleui/types/Rect;' in 'io/github/humbleui/skija/Font'
stack at sp + 7 slots: 0x00000000000093d6 is an unknown value

Lock stack of current Java thread (top to bottom):

native method entry point (kind = native)  [0x000001a21e31cde0, 0x000001a21e31d938]  2904 bytes
[MachCode]
  0x000001a21e31cde0: 488b 4b08 | 0fb7 492e | 584c 8d74 | ccf8 6800 | 0000 0068 | 0000 0000 | 5055 488b | ec41 5568 
  0x000001a21e31ce00: 0000 0000 | 4c8b 6b08 | 4d8d 6d38 | 5348 8b53 | 0848 8b52 | 0848 8b52 | 1848 8b52 | 7048 8b12 
  0x000001a21e31ce20: 5248 8b53 | 1048 85d2 | 0f84 0700 | 0000 4881 | c210 0100 | 0052 488b | 5308 488b | 5208 488b 
  0x000001a21e31ce40: 5210 5249 | 8bc6 482b | c548 c1e8 | 0350 6800 | 0000 0068 | f7ff ffff | 41c6 8771 | 0400 0001 
  0x000001a21e31ce60: 488b 4310 | 4885 c074 | 208b 88cc | 0000 0083 | c102 8988 | cc00 0000 | 2388 e000 | 0000 0f84 
  0x000001a21e31ce80: 000a 0000 | e9cf 0000 | 0048 8b43 | 1848 85c0 | 0f85 b000 | 0000 e805 | 0000 00e9 | 9900 0000 
  0x000001a21e31cea0: 488b d348 | 8d44 2408 | 4c89 6dc0 | 498b cfc5 | f877 4989 | afb0 0300 | 0049 8987 | a003 0000 
  0x000001a21e31cec0: 4883 ec20 | 40f6 c40f | 0f84 1900 | 0000 4883 | ec08 48b8 | 8028 a181 | f87f 0000 | ffd0 4883 
  0x000001a21e31cee0: c408 e90c | 0000 0048 | b880 28a1 | 81f8 7f00 | 00ff d048 | 83c4 2049 | c787 a003 | 0000 0000 
  0x000001a21e31cf00: 0000 49c7 | 87b0 0300 | 0000 0000 | 0049 c787 | a803 0000 | 0000 0000 | c5f8 7749 | 837f 0800 
  0x000001a21e31cf20: 0f84 0500 | 0000 e995 | 3fff ff4c | 8b6d c04c | 8b75 c84e | 8d74 f500 | c348 8b43 | 1848 85c0 
  0x000001a21e31cf40: 0f84 1200 | 0000 8b48 | 0883 c102 | 8948 0823 | 481c 0f84 | 2c09 0000 | 493b a7e8 | 0400 000f 
  0x000001a21e31cf60: 8748 0000 | 0089 8424 | 00f0 ffff | 8984 2400 | e0ff ff89 | 8424 00d0 | ffff 8984 | 2400 c0ff 
  0x000001a21e31cf80: ff89 8424 | 00b0 ffff | 8984 2400 | a0ff ff89 | 8424 0090 | ffff 8984 | 2400 80ff | ff49 3ba7 
  0x000001a21e31cfa0: e004 0000 | 7607 4989 | a7e8 0400 | 0041 c687 | 7104 0000 | 0049 ba41 | bd28 82f8 | 7f00 0041 
  0x000001a21e31cfc0: 803a 000f | 843e 0000 | 0048 8b55 | e849 8bcf | 4883 ec20 | 40f6 c40f | 0f84 1900 | 0000 4883 
  0x000001a21e31cfe0: ec08 48b8 | f0f0 d881 | f87f 0000 | ffd0 4883 | c408 e90c | 0000 0048 | b8f0 f0d8 | 81f8 7f00 
  0x000001a21e31d000: 00ff d048 | 83c4 2048 | 8b5d e84c | 8b5b 0845 | 0fb7 5b2e | 41c1 e303 | 492b e348 | 83ec 2048 
  0x000001a21e31d020: 83e4 f04c | 8b5b 604d | 85db 0f85 | ab00 0000 | e805 0000 | 00e9 9900 | 0000 488b | d348 8d44 
  0x000001a21e31d040: 2408 4c89 | 6dc0 498b | cfc5 f877 | 4989 afb0 | 0300 0049 | 8987 a003 | 0000 4883 | ec20 40f6 
  0x000001a21e31d060: c40f 0f84 | 1900 0000 | 4883 ec08 | 48b8 e04f | a181 f87f | 0000 ffd0 | 4883 c408 | e90c 0000 
  0x000001a21e31d080: 0048 b8e0 | 4fa1 81f8 | 7f00 00ff | d048 83c4 | 2049 c787 | a003 0000 | 0000 0000 | 49c7 87b0 
  0x000001a21e31d0a0: 0300 0000 | 0000 0049 | c787 a803 | 0000 0000 | 0000 c5f8 | 7749 837f | 0800 0f84 | 0500 0000 
  0x000001a21e31d0c0: e9fb 3dff | ff4c 8b6d | c04c 8b75 | c84e 8d74 | f500 c348 | 8b5d e84c | 8b5b 6041 | ffd3 488b 
  0x000001a21e31d0e0: 5de8 4889 | 4518 448b | 5b28 41f6 | c308 0f84 | 1b00 0000 | 4c8b 5b08 | 4d8b 5b08 | 4d8b 5b18 
  0x000001a21e31d100: 4d8b 5b70 | 4d8b 1b4c | 895d 1048 | 8d55 1048 | 8b43 5849 | ba40 3fd9 | 81f8 7f00 | 0049 3bc2 
  0x000001a21e31d120: 0f85 ab00 | 0000 e805 | 0000 00e9 | 9900 0000 | 488b d348 | 8d44 2408 | 4c89 6dc0 | 498b cfc5 
  0x000001a21e31d140: f877 4989 | afb0 0300 | 0049 8987 | a003 0000 | 4883 ec20 | 40f6 c40f | 0f84 1900 | 0000 4883 
  0x000001a21e31d160: ec08 48b8 | e04f a181 | f87f 0000 | ffd0 4883 | c408 e90c | 0000 0048 | b8e0 4fa1 | 81f8 7f00 
  0x000001a21e31d180: 00ff d048 | 83c4 2049 | c787 a003 | 0000 0000 | 0000 49c7 | 87b0 0300 | 0000 0000 | 0049 c787 
  0x000001a21e31d1a0: a803 0000 | 0000 0000 | c5f8 7749 | 837f 0800 | 0f84 0500 | 0000 e905 | 3dff ff4c | 8b6d c04c 
  0x000001a21e31d1c0: 8b75 c84e | 8d74 f500 | c348 8b5d | e848 8b43 | 5849 8d8f | c003 0000 | c5f8 7749 | 89af b003 
  0x000001a21e31d1e0: 0000 49ba | d8d1 311e | a201 0000 | 4d89 97a8 | 0300 0049 | 89a7 a003 | 0000 41c7 | 8744 0400 
  0x000001a21e31d200: 0004 0000 | 00ff d0c5 | f877 4883 | ec10 c5fb | 1104 2448 | 83ec 1048 | 8904 2448 | c744 2408 
  0x000001a21e31d220: 0000 0000 | 41c7 8744 | 0400 0005 | 0000 00f0 | 8344 24c0 | 0049 3baf | 4804 0000 | 0f87 0e00 
  0x000001a21e31d240: 0000 4183 | bf40 0400 | 0000 0f84 | 2000 0000 | 498b cf4c | 8be4 4883 | ec20 4883 | e4f0 48b8 
  0x000001a21e31d260: 80ab a281 | f87f 0000 | ffd0 498b | e44d 33e4 | 41c7 8744 | 0400 0008 | 0000 0049 | c787 a003 
  0x000001a21e31d280: 0000 0000 | 0000 49c7 | 87b0 0300 | 0000 0000 | 0049 c787 | a803 0000 | 0000 0000 | c5f8 774d 
  0x000001a21e31d2a0: 8b9f 3004 | 0000 41c7 | 8300 0100 | 0000 0000 | 0049 bbda | a531 1ea2 | 0100 004c | 3b5d 180f 
  0x000001a21e31d2c0: 8524 0200 | 0048 8b04 | 2448 83c4 | 1048 85c0 | 0f84 fe01 | 0000 a803 | 0f85 0800 | 0000 488b 
  0x000001a21e31d2e0: 00e9 ee01 | 0000 a801 | 0f85 0900 | 0000 488b | 40fe e9dd | 0100 0048 | 8b40 ff41 | 807f 3800 
  0x000001a21e31d300: 0f84 ce01 | 0000 4883 | f800 0f84 | c401 0000 | 4d8b 5f28 | 4983 fb00 | 0f84 1400 | 0000 4983 
  0x000001a21e31d320: eb08 4d89 | 5f28 4d03 | 5f30 4989 | 03e9 a201 | 0000 4881 | ecd0 0000 | 0048 8904 | 2448 894c 
  0x000001a21e31d340: 2408 4889 | 5424 1048 | 8974 2418 | 4889 7c24 | 204c 8944 | 2428 4c89 | 4c24 304c | 8954 2438 
  0x000001a21e31d360: 4c89 5c24 | 40c5 fb11 | 4424 50c5 | fb11 4c24 | 58c5 fb11 | 5424 60c5 | fb11 5c24 | 68c5 fb11 
  0x000001a21e31d380: 6424 70c5 | fb11 6c24 | 78c5 fb11 | b424 8000 | 0000 c5fb | 11bc 2488 | 0000 00c5 | 7b11 8424 
  0x000001a21e31d3a0: 9000 0000 | c57b 118c | 2498 0000 | 00c5 7b11 | 9424 a000 | 0000 c57b | 119c 24a8 | 0000 00c5 
  0x000001a21e31d3c0: 7b11 a424 | b000 0000 | c57b 11ac | 24b8 0000 | 00c5 7b11 | b424 c000 | 0000 c57b | 11bc 24c8 
  0x000001a21e31d3e0: 0000 0049 | 8bd7 488b | c848 83ec | 2040 f6c4 | 0f0f 8419 | 0000 0048 | 83ec 0848 | b800 0996 
  0x000001a21e31d400: 81f8 7f00 | 00ff d048 | 83c4 08e9 | 0c00 0000 | 48b8 0009 | 9681 f87f | 0000 ffd0 | 4883 c420 
  0x000001a21e31d420: c57b 10bc | 24c8 0000 | 00c5 7b10 | b424 c000 | 0000 c57b | 10ac 24b8 | 0000 00c5 | 7b10 a424 
  0x000001a21e31d440: b000 0000 | c57b 109c | 24a8 0000 | 00c5 7b10 | 9424 a000 | 0000 c57b | 108c 2498 | 0000 00c5 
  0x000001a21e31d460: 7b10 8424 | 9000 0000 | c5fb 10bc | 2488 0000 | 00c5 fb10 | b424 8000 | 0000 c5fb | 106c 2478 
  0x000001a21e31d480: c5fb 1064 | 2470 c5fb | 105c 2468 | c5fb 1054 | 2460 c5fb | 104c 2458 | c5fb 1044 | 2450 4c8b 
  0x000001a21e31d4a0: 5c24 404c | 8b54 2438 | 4c8b 4c24 | 304c 8b44 | 2428 488b | 7c24 2048 | 8b74 2418 | 488b 5424 
  0x000001a21e31d4c0: 1048 8b4c | 2408 488b | 0424 4881 | c4d0 0000 | 00c5 f877 | 4889 4510 | 4883 ec10 | 4889 0424 
  0x000001a21e31d4e0: 48c7 4424 | 0800 0000 | 0041 83bf | c804 0000 | 020f 85bf | 0000 0048 | 81ec 8000 | 0000 4889 
  0x000001a21e31d500: 4424 7848 | 894c 2470 | 4889 5424 | 6848 895c | 2460 4889 | 6c24 5048 | 8974 2448 | 4889 7c24 
  0x000001a21e31d520: 404c 8944 | 2438 4c89 | 4c24 304c | 8954 2428 | 4c89 5c24 | 204c 8964 | 2418 4c89 | 6c24 104c 
  0x000001a21e31d540: 8974 2408 | 4c89 3c24 | 4c8b e448 | 83ec 2048 | 83e4 f048 | b8a0 25d9 | 81f8 7f00 | 00ff d049 
  0x000001a21e31d560: 8be4 4c8b | 3c24 4c8b | 7424 084c | 8b6c 2410 | 4c8b 6424 | 184c 8b5c | 2420 4c8b | 5424 284c 
  0x000001a21e31d580: 8b4c 2430 | 4c8b 4424 | 3848 8b7c | 2440 488b | 7424 4848 | 8b6c 2450 | 488b 5c24 | 6048 8b54 
  0x000001a21e31d5a0: 2468 488b | 4c24 7048 | 8b44 2478 | 4881 c480 | 0000 004d | 33e4 488b | 5de8 4c8b | 6b08 4d8d 
  0x000001a21e31d5c0: 6d38 4983 | 7f08 000f | 84bb 0000 | 00e8 0500 | 0000 e996 | 0000 0048 | 8d44 2408 | 4c89 6dc0 
  0x000001a21e31d5e0: 498b cfc5 | f877 4989 | afb0 0300 | 0049 8987 | a003 0000 | 4883 ec20 | 40f6 c40f | 0f84 1900 
  0x000001a21e31d600: 0000 4883 | ec08 48b8 | f06d a181 | f87f 0000 | ffd0 4883 | c408 e90c | 0000 0048 | b8f0 6da1 
  0x000001a21e31d620: 81f8 7f00 | 00ff d048 | 83c4 2049 | c787 a003 | 0000 0000 | 0000 49c7 | 87b0 0300 | 0000 0000 
  0x000001a21e31d640: 0049 c787 | a803 0000 | 0000 0000 | c5f8 7749 | 837f 0800 | 0f84 0500 | 0000 e961 | 38ff ff4c 
  0x000001a21e31d660: 8b6d c04c | 8b75 c84e | 8d74 f500 | c348 b930 | e500 82f8 | 7f00 0048 | 83e4 f048 | b850 4dc7 
  0x000001a21e31d680: 81f8 7f00 | 00ff d0f4 | 448b 5b28 | 41f6 c320 | 0f84 7901 | 0000 488d | 55a8 4c8b | 5a08 4d85 
  0x000001a21e31d6a0: db0f 85bb | 0000 00e8 | 0500 0000 | e996 0000 | 0048 8d44 | 2408 4c89 | 6dc0 498b | cfc5 f877 
  0x000001a21e31d6c0: 4989 afb0 | 0300 0049 | 8987 a003 | 0000 4883 | ec20 40f6 | c40f 0f84 | 1900 0000 | 4883 ec08 
  0x000001a21e31d6e0: 48b8 206d | a181 f87f | 0000 ffd0 | 4883 c408 | e90c 0000 | 0048 b820 | 6da1 81f8 | 7f00 00ff 
  0x000001a21e31d700: d048 83c4 | 2049 c787 | a003 0000 | 0000 0000 | 49c7 87b0 | 0300 0000 | 0000 0049 | c787 a803 
  0x000001a21e31d720: 0000 0000 | 0000 c5f8 | 7749 837f | 0800 0f84 | 0500 0000 | e987 37ff | ff4c 8b6d | c04c 8b75 
  0x000001a21e31d740: c84e 8d74 | f500 c348 | b930 e500 | 82f8 7f00 | 0048 83e4 | f048 b850 | 4dc7 81f8 | 7f00 00ff 
  0x000001a21e31d760: d0f4 4c89 | 6dc0 4c8b | 4a08 48c7 | 4208 0000 | 0000 458b | 8718 0600 | 004f 3b4c | 07f8 0f85 
  0x000001a21e31d780: 4900 0000 | 4183 af18 | 0600 0008 | 4f3b 4c07 | f00f 842a | 0000 0049 | 8b01 a802 | 0f85 1200 
  0x000001a21e31d7a0: 0000 4c8b | c049 83c8 | 01f0 4d0f | b101 0f84 | 0d00 0000 | 4183 8718 | 0600 0008 | e90c 0000 
  0x000001a21e31d7c0: 0049 ff8f | 5005 0000 | e93e 0000 | 004c 894a | 0848 8bca | 4883 ec20 | 40f6 c40f | 0f84 1900 
  0x000001a21e31d7e0: 0000 4883 | ec08 48b8 | e03f a181 | f87f 0000 | ffd0 4883 | c408 e90c | 0000 0048 | b8e0 3fa1 
  0x000001a21e31d800: 81f8 7f00 | 00ff d048 | 83c4 204c | 8b6d c049 | ba41 bd28 | 82f8 7f00 | 0041 803a | 000f 843e 
  0x000001a21e31d820: 0000 0048 | 8b55 e849 | 8bcf 4883 | ec20 40f6 | c40f 0f84 | 1900 0000 | 4883 ec08 | 48b8 f0f0 
  0x000001a21e31d840: d881 f87f | 0000 ffd0 | 4883 c408 | e90c 0000 | 0048 b8f0 | f0d8 81f8 | 7f00 00ff | d048 83c4 
  0x000001a21e31d860: 2048 8b04 | 2448 83c4 | 10c5 fb10 | 0424 4883 | c410 4c8b | 5d18 41ff | d34c 8b5d | f8c9 5f49 
  0x000001a21e31d880: 8be3 ffe7 | ba00 0000 | 00e8 0500 | 0000 e996 | 0000 0048 | 8d44 2408 | 4c89 6dc0 | 498b cfc5 
  0x000001a21e31d8a0: f877 4989 | afb0 0300 | 0049 8987 | a003 0000 | 4883 ec20 | 40f6 c40f | 0f84 1900 | 0000 4883 
  0x000001a21e31d8c0: ec08 48b8 | 9033 a181 | f87f 0000 | ffd0 4883 | c408 e90c | 0000 0048 | b890 33a1 | 81f8 7f00 
  0x000001a21e31d8e0: 00ff d048 | 83c4 2049 | c787 a003 | 0000 0000 | 0000 49c7 | 87b0 0300 | 0000 0000 | 0049 c787 
  0x000001a21e31d900: a803 0000 | 0000 0000 | c5f8 7749 | 837f 0800 | 0f84 0500 | 0000 e9a5 | 35ff ff4c | 8b6d c04c 
  0x000001a21e31d920: 8b75 c84e | 8d74 f500 | c348 8b5d | e8e9 26f6 | ffff 660f | 1f44 0000 
[/MachCode]

---------------  P R O C E S S  ---------------

Threads class SMR info:
_java_thread_list=0x000001a27663e8a0, length=18, elements={
0x000001a20e4d5290, 0x000001a22e305300, 0x000001a22e305d60, 0x000001a22e30a050,
0x000001a22e30aab0, 0x000001a22e30b640, 0x000001a22e30f6d0, 0x000001a22e31a5b0,
0x000001a22e31d070, 0x000001a22e528890, 0x000001a22e67d110, 0x000001a22e701f70,
0x000001a27409cdb0, 0x000001a27409d440, 0x000001a27409c090, 0x000001a27409b370,
0x000001a27409ba00, 0x000001a27409ace0
}

Java Threads: ( => current thread )
=>0x000001a20e4d5290 JavaThread "main"                              [_thread_in_vm, id=46016, stack(0x00000007c0700000,0x00000007c0800000) (1024K)]
  0x000001a22e305300 JavaThread "Reference Handler"          daemon [_thread_blocked, id=50740, stack(0x00000007c0f00000,0x00000007c1000000) (1024K)]
  0x000001a22e305d60 JavaThread "Finalizer"                  daemon [_thread_blocked, id=55100, stack(0x00000007c1000000,0x00000007c1100000) (1024K)]
  0x000001a22e30a050 JavaThread "Signal Dispatcher"          daemon [_thread_blocked, id=52236, stack(0x00000007c1100000,0x00000007c1200000) (1024K)]
  0x000001a22e30aab0 JavaThread "Attach Listener"            daemon [_thread_blocked, id=42900, stack(0x00000007c1200000,0x00000007c1300000) (1024K)]
  0x000001a22e30b640 JavaThread "Service Thread"             daemon [_thread_blocked, id=41552, stack(0x00000007c1300000,0x00000007c1400000) (1024K)]
  0x000001a22e30f6d0 JavaThread "Monitor Deflation Thread"   daemon [_thread_blocked, id=55284, stack(0x00000007c1400000,0x00000007c1500000) (1024K)]
  0x000001a22e31a5b0 JavaThread "C2 CompilerThread0"         daemon [_thread_blocked, id=30308, stack(0x00000007c1500000,0x00000007c1600000) (1024K)]
  0x000001a22e31d070 JavaThread "C1 CompilerThread0"         daemon [_thread_blocked, id=52708, stack(0x00000007c1600000,0x00000007c1700000) (1024K)]
  0x000001a22e528890 JavaThread "Common-Cleaner"             daemon [_thread_blocked, id=27752, stack(0x00000007c1700000,0x00000007c1800000) (1024K)]
  0x000001a22e67d110 JavaThread "Monitor Ctrl-Break"         daemon [_thread_in_native, id=41460, stack(0x00000007c1800000,0x00000007c1900000) (1024K)]
  0x000001a22e701f70 JavaThread "Notification Thread"        daemon [_thread_blocked, id=19208, stack(0x00000007c1900000,0x00000007c1a00000) (1024K)]
  0x000001a27409cdb0 JavaThread "Cleaner-0"                  daemon [_thread_blocked, id=7768, stack(0x00000007c1a00000,0x00000007c1b00000) (1024K)]
  0x000001a27409d440 JavaThread "RMI TCP Accept-0"           daemon [_thread_in_native, id=31860, stack(0x00000007c1f00000,0x00000007c2000000) (1024K)]
  0x000001a27409c090 JavaThread "RMI TCP Connection(1)-192.168.7.221" daemon [_thread_in_native, id=55300, stack(0x00000007c2000000,0x00000007c2100000) (1024K)]
  0x000001a27409b370 JavaThread "RMI Scheduler(0)"           daemon [_thread_blocked, id=45804, stack(0x00000007c2100000,0x00000007c2200000) (1024K)]
  0x000001a27409ba00 JavaThread "JMX server connection timeout 28" daemon [_thread_blocked, id=57032, stack(0x00000007c2200000,0x00000007c2300000) (1024K)]
  0x000001a27409ace0 JavaThread "Cleaner-1"                  daemon [_thread_blocked, id=57216, stack(0x00000007c1b00000,0x00000007c1c00000) (1024K)]
Total: 18

Other Threads:
  0x000001a22e2ed180 VMThread "VM Thread"                           [id=21764, stack(0x00000007c0e00000,0x00000007c0f00000) (1024K)]
  0x000001a22e2d1120 WatcherThread "VM Periodic Task Thread"        [id=55972, stack(0x00000007c0d00000,0x00000007c0e00000) (1024K)]
  0x000001a20e53b6e0 WorkerThread "GC Thread#0"                     [id=15524, stack(0x00000007c0800000,0x00000007c0900000) (1024K)]
  0x000001a27668e580 WorkerThread "GC Thread#1"                     [id=5964, stack(0x00000007c1c00000,0x00000007c1d00000) (1024K)]
  0x000001a27668e930 WorkerThread "GC Thread#2"                     [id=31312, stack(0x00000007c2600000,0x00000007c2700000) (1024K)]
  0x000001a27668d6c0 WorkerThread "GC Thread#3"                     [id=56644, stack(0x00000007c2700000,0x00000007c2800000) (1024K)]
  0x000001a27668cbb0 WorkerThread "GC Thread#4"                     [id=46480, stack(0x00000007c2800000,0x00000007c2900000) (1024K)]
  0x000001a27668ece0 WorkerThread "GC Thread#5"                     [id=52316, stack(0x00000007c2900000,0x00000007c2a00000) (1024K)]
  0x000001a27668cf60 WorkerThread "GC Thread#6"                     [id=44628, stack(0x00000007c2a00000,0x00000007c2b00000) (1024K)]
  0x000001a27668c0a0 WorkerThread "GC Thread#7"                     [id=34152, stack(0x00000007c2b00000,0x00000007c2c00000) (1024K)]
  0x000001a27668f7f0 WorkerThread "GC Thread#8"                     [id=53084, stack(0x00000007c2c00000,0x00000007c2d00000) (1024K)]
  0x000001a27668f090 WorkerThread "GC Thread#9"                     [id=52276, stack(0x00000007c2d00000,0x00000007c2e00000) (1024K)]
  0x000001a20e564f60 ConcurrentGCThread "G1 Main Marker"            [id=30824, stack(0x00000007c0900000,0x00000007c0a00000) (1024K)]
  0x000001a20e568220 WorkerThread "G1 Conc#0"                       [id=54540, stack(0x00000007c0a00000,0x00000007c0b00000) (1024K)]
  0x000001a22e199f70 ConcurrentGCThread "G1 Refine#0"               [id=51484, stack(0x00000007c0b00000,0x00000007c0c00000) (1024K)]
  0x000001a22e19d7c0 ConcurrentGCThread "G1 Service"                [id=53816, stack(0x00000007c0c00000,0x00000007c0d00000) (1024K)]
Total: 16

Threads with active compile tasks:
Total: 0

VM state: not at safepoint (normal execution)

VM Mutex/Monitor currently owned by a thread: None

Heap address: 0x00000004dba00000, size: 3944 MB, Compressed Oops mode: Zero based, Oop shift amount: 3

CDS archive(s) mapped at: [0x000001a22f000000-0x000001a22fd70000-0x000001a22fd70000), size 14090240, SharedBaseAddress: 0x000001a22f000000, ArchiveRelocationMode: 1.
Compressed class space mapped at: 0x000001a230000000-0x000001a270000000, reserved size: 1073741824
Narrow klass base: 0x000001a22f000000, Narrow klass shift: 0, Narrow klass range: 0x41000000

GC Precious Log:
 CardTable entry size: 512
 Card Set container configuration: InlinePtr #cards 4 size 8 Array Of Cards #cards 16 size 48 Howl #buckets 8 coarsen threshold 3686 Howl Bitmap #cards 512 size 80 coarsen threshold 460 Card regions per heap region 1 cards per card region 4096
 CPUs: 12 total, 12 available
 Memory: 15775M
 Large Page Support: Disabled
 NUMA Support: Disabled
 Compressed Oops: Enabled (Zero based)
 Heap Region Size: 2M
 Heap Min Capacity: 8M
 Heap Initial Capacity: 248M
 Heap Max Capacity: 3944M
 Pre-touch: Disabled
 Parallel Workers: 10
 Concurrent Workers: 3
 Concurrent Refinement Workers: 10
 Periodic GC: Disabled

Heap:
 garbage-first heap   total reserved 4038656K, committed 253952K, used 32599K [0x00000004dba00000, 0x00000005d2200000)
  region size 2048K, 7 young (14336K), 1 survivors (2048K)
 Metaspace       used 8639K, committed 8896K, reserved 1114112K
  class space    used 996K, committed 1088K, reserved 1048576K

Heap Regions: E=young(eden), S=young(survivor), O=old, HS=humongous(starts), HC=humongous(continues), CS=collection set, F=free, TAMS=top-at-mark-start, PB=parsable bottom
|   0|0x00000004dba00000, 0x00000004dbc00000, 0x00000004dbc00000|100%|HS|  |TAMS 0x00000004dba00000| PB 0x00000004dba00000| Complete |  0
|   1|0x00000004dbc00000, 0x00000004dbe00000, 0x00000004dbe00000|100%|HC|  |TAMS 0x00000004dbc00000| PB 0x00000004dbc00000| Complete |  0
|   2|0x00000004dbe00000, 0x00000004dc000000, 0x00000004dc000000|100%| O|  |TAMS 0x00000004dbe00000| PB 0x00000004dbe00000| Untracked |  0
|   3|0x00000004dc000000, 0x00000004dc200000, 0x00000004dc200000|100%|HS|  |TAMS 0x00000004dc000000| PB 0x00000004dc000000| Complete |  0
|   4|0x00000004dc200000, 0x00000004dc400000, 0x00000004dc400000|100%|HC|  |TAMS 0x00000004dc200000| PB 0x00000004dc200000| Complete |  0
|   5|0x00000004dc400000, 0x00000004dc600000, 0x00000004dc600000|100%|HS|  |TAMS 0x00000004dc400000| PB 0x00000004dc400000| Complete |  0
|   6|0x00000004dc600000, 0x00000004dc800000, 0x00000004dc800000|100%|HC|  |TAMS 0x00000004dc600000| PB 0x00000004dc600000| Complete |  0
|   7|0x00000004dc800000, 0x00000004dca00000, 0x00000004dca00000|100%|HS|  |TAMS 0x00000004dc800000| PB 0x00000004dc800000| Complete |  0
|   8|0x00000004dca00000, 0x00000004dcc00000, 0x00000004dcc00000|100%|HC|  |TAMS 0x00000004dca00000| PB 0x00000004dca00000| Complete |  0
|   9|0x00000004dcc00000, 0x00000004dce00000, 0x00000004dce00000|100%|HS|  |TAMS 0x00000004dcc00000| PB 0x00000004dcc00000| Complete |  0
|  10|0x00000004dce00000, 0x00000004dd000000, 0x00000004dd000000|100%|HC|  |TAMS 0x00000004dce00000| PB 0x00000004dce00000| Complete |  0
|  11|0x00000004dd000000, 0x00000004dd000000, 0x00000004dd200000|  0%| F|  |TAMS 0x00000004dd000000| PB 0x00000004dd000000| Untracked |  0
|  12|0x00000004dd200000, 0x00000004dd200000, 0x00000004dd400000|  0%| F|  |TAMS 0x00000004dd200000| PB 0x00000004dd200000| Untracked |  0
|  13|0x00000004dd400000, 0x00000004dd400000, 0x00000004dd600000|  0%| F|  |TAMS 0x00000004dd400000| PB 0x00000004dd400000| Untracked |  0
|  14|0x00000004dd600000, 0x00000004dd600000, 0x00000004dd800000|  0%| F|  |TAMS 0x00000004dd600000| PB 0x00000004dd600000| Untracked |  0
|  15|0x00000004dd800000, 0x00000004dd800000, 0x00000004dda00000|  0%| F|  |TAMS 0x00000004dd800000| PB 0x00000004dd800000| Untracked |  0
|  16|0x00000004dda00000, 0x00000004dda00000, 0x00000004ddc00000|  0%| F|  |TAMS 0x00000004dda00000| PB 0x00000004dda00000| Untracked |  0
|  17|0x00000004ddc00000, 0x00000004ddd4b488, 0x00000004dde00000| 64%| O|  |TAMS 0x00000004ddc00000| PB 0x00000004ddc00000| Untracked |  0
|  18|0x00000004dde00000, 0x00000004dde00000, 0x00000004de000000|  0%| F|  |TAMS 0x00000004dde00000| PB 0x00000004dde00000| Untracked |  0
|  19|0x00000004de000000, 0x00000004de000000, 0x00000004de200000|  0%| F|  |TAMS 0x00000004de000000| PB 0x00000004de000000| Untracked |  0
|  20|0x00000004de200000, 0x00000004de200000, 0x00000004de400000|  0%| F|  |TAMS 0x00000004de200000| PB 0x00000004de200000| Untracked |  0
|  21|0x00000004de400000, 0x00000004de400000, 0x00000004de600000|  0%| F|  |TAMS 0x00000004de400000| PB 0x00000004de400000| Untracked |  0
|  22|0x00000004de600000, 0x00000004de600000, 0x00000004de800000|  0%| F|  |TAMS 0x00000004de600000| PB 0x00000004de600000| Untracked |  0
|  23|0x00000004de800000, 0x00000004de800000, 0x00000004dea00000|  0%| F|  |TAMS 0x00000004de800000| PB 0x00000004de800000| Untracked |  0
|  24|0x00000004dea00000, 0x00000004dea00000, 0x00000004dec00000|  0%| F|  |TAMS 0x00000004dea00000| PB 0x00000004dea00000| Untracked |  0
|  25|0x00000004dec00000, 0x00000004dec00000, 0x00000004dee00000|  0%| F|  |TAMS 0x00000004dec00000| PB 0x00000004dec00000| Untracked |  0
|  26|0x00000004dee00000, 0x00000004dee00000, 0x00000004df000000|  0%| F|  |TAMS 0x00000004dee00000| PB 0x00000004dee00000| Untracked |  0
|  27|0x00000004df000000, 0x00000004df000000, 0x00000004df200000|  0%| F|  |TAMS 0x00000004df000000| PB 0x00000004df000000| Untracked |  0
|  28|0x00000004df200000, 0x00000004df200000, 0x00000004df400000|  0%| F|  |TAMS 0x00000004df200000| PB 0x00000004df200000| Untracked |  0
|  29|0x00000004df400000, 0x00000004df400000, 0x00000004df600000|  0%| F|  |TAMS 0x00000004df400000| PB 0x00000004df400000| Untracked |  0
|  30|0x00000004df600000, 0x00000004df600000, 0x00000004df800000|  0%| F|  |TAMS 0x00000004df600000| PB 0x00000004df600000| Untracked |  0
|  31|0x00000004df800000, 0x00000004df800000, 0x00000004dfa00000|  0%| F|  |TAMS 0x00000004df800000| PB 0x00000004df800000| Untracked |  0
|  32|0x00000004dfa00000, 0x00000004dfa00000, 0x00000004dfc00000|  0%| F|  |TAMS 0x00000004dfa00000| PB 0x00000004dfa00000| Untracked |  0
|  33|0x00000004dfc00000, 0x00000004dfc00000, 0x00000004dfe00000|  0%| F|  |TAMS 0x00000004dfc00000| PB 0x00000004dfc00000| Untracked |  0
|  34|0x00000004dfe00000, 0x00000004dfe00000, 0x00000004e0000000|  0%| F|  |TAMS 0x00000004dfe00000| PB 0x00000004dfe00000| Untracked |  0
|  35|0x00000004e0000000, 0x00000004e0000000, 0x00000004e0200000|  0%| F|  |TAMS 0x00000004e0000000| PB 0x00000004e0000000| Untracked |  0
|  36|0x00000004e0200000, 0x00000004e0200000, 0x00000004e0400000|  0%| F|  |TAMS 0x00000004e0200000| PB 0x00000004e0200000| Untracked |  0
|  37|0x00000004e0400000, 0x00000004e0400000, 0x00000004e0600000|  0%| F|  |TAMS 0x00000004e0400000| PB 0x00000004e0400000| Untracked |  0
|  38|0x00000004e0600000, 0x00000004e0600000, 0x00000004e0800000|  0%| F|  |TAMS 0x00000004e0600000| PB 0x00000004e0600000| Untracked |  0
|  39|0x00000004e0800000, 0x00000004e0800000, 0x00000004e0a00000|  0%| F|  |TAMS 0x00000004e0800000| PB 0x00000004e0800000| Untracked |  0
|  40|0x00000004e0a00000, 0x00000004e0a00000, 0x00000004e0c00000|  0%| F|  |TAMS 0x00000004e0a00000| PB 0x00000004e0a00000| Untracked |  0
|  41|0x00000004e0c00000, 0x00000004e0c00000, 0x00000004e0e00000|  0%| F|  |TAMS 0x00000004e0c00000| PB 0x00000004e0c00000| Untracked |  0
|  42|0x00000004e0e00000, 0x00000004e0e00000, 0x00000004e1000000|  0%| F|  |TAMS 0x00000004e0e00000| PB 0x00000004e0e00000| Untracked |  0
|  43|0x00000004e1000000, 0x00000004e1000000, 0x00000004e1200000|  0%| F|  |TAMS 0x00000004e1000000| PB 0x00000004e1000000| Untracked |  0
|  44|0x00000004e1200000, 0x00000004e1200000, 0x00000004e1400000|  0%| F|  |TAMS 0x00000004e1200000| PB 0x00000004e1200000| Untracked |  0
|  45|0x00000004e1400000, 0x00000004e1400000, 0x00000004e1600000|  0%| F|  |TAMS 0x00000004e1400000| PB 0x00000004e1400000| Untracked |  0
|  46|0x00000004e1600000, 0x00000004e1600000, 0x00000004e1800000|  0%| F|  |TAMS 0x00000004e1600000| PB 0x00000004e1600000| Untracked |  0
|  47|0x00000004e1800000, 0x00000004e1800000, 0x00000004e1a00000|  0%| F|  |TAMS 0x00000004e1800000| PB 0x00000004e1800000| Untracked |  0
|  48|0x00000004e1a00000, 0x00000004e1a00000, 0x00000004e1c00000|  0%| F|  |TAMS 0x00000004e1a00000| PB 0x00000004e1a00000| Untracked |  0
|  49|0x00000004e1c00000, 0x00000004e1c00000, 0x00000004e1e00000|  0%| F|  |TAMS 0x00000004e1c00000| PB 0x00000004e1c00000| Untracked |  0
|  50|0x00000004e1e00000, 0x00000004e1e00000, 0x00000004e2000000|  0%| F|  |TAMS 0x00000004e1e00000| PB 0x00000004e1e00000| Untracked |  0
|  51|0x00000004e2000000, 0x00000004e2000000, 0x00000004e2200000|  0%| F|  |TAMS 0x00000004e2000000| PB 0x00000004e2000000| Untracked |  0
|  52|0x00000004e2200000, 0x00000004e2200000, 0x00000004e2400000|  0%| F|  |TAMS 0x00000004e2200000| PB 0x00000004e2200000| Untracked |  0
|  53|0x00000004e2400000, 0x00000004e2400000, 0x00000004e2600000|  0%| F|  |TAMS 0x00000004e2400000| PB 0x00000004e2400000| Untracked |  0
|  54|0x00000004e2600000, 0x00000004e2600000, 0x00000004e2800000|  0%| F|  |TAMS 0x00000004e2600000| PB 0x00000004e2600000| Untracked |  0
|  55|0x00000004e2800000, 0x00000004e2800000, 0x00000004e2a00000|  0%| F|  |TAMS 0x00000004e2800000| PB 0x00000004e2800000| Untracked |  0
|  56|0x00000004e2a00000, 0x00000004e2a00000, 0x00000004e2c00000|  0%| F|  |TAMS 0x00000004e2a00000| PB 0x00000004e2a00000| Untracked |  0
|  57|0x00000004e2c00000, 0x00000004e2c00000, 0x00000004e2e00000|  0%| F|  |TAMS 0x00000004e2c00000| PB 0x00000004e2c00000| Untracked |  0
|  58|0x00000004e2e00000, 0x00000004e2e00000, 0x00000004e3000000|  0%| F|  |TAMS 0x00000004e2e00000| PB 0x00000004e2e00000| Untracked |  0
|  59|0x00000004e3000000, 0x00000004e3000000, 0x00000004e3200000|  0%| F|  |TAMS 0x00000004e3000000| PB 0x00000004e3000000| Untracked |  0
|  60|0x00000004e3200000, 0x00000004e3200000, 0x00000004e3400000|  0%| F|  |TAMS 0x00000004e3200000| PB 0x00000004e3200000| Untracked |  0
|  61|0x00000004e3400000, 0x00000004e3400000, 0x00000004e3600000|  0%| F|  |TAMS 0x00000004e3400000| PB 0x00000004e3400000| Untracked |  0
|  62|0x00000004e3600000, 0x00000004e3600000, 0x00000004e3800000|  0%| F|  |TAMS 0x00000004e3600000| PB 0x00000004e3600000| Untracked |  0
|  63|0x00000004e3800000, 0x00000004e3800000, 0x00000004e3a00000|  0%| F|  |TAMS 0x00000004e3800000| PB 0x00000004e3800000| Untracked |  0
|  64|0x00000004e3a00000, 0x00000004e3a00000, 0x00000004e3c00000|  0%| F|  |TAMS 0x00000004e3a00000| PB 0x00000004e3a00000| Untracked |  0
|  65|0x00000004e3c00000, 0x00000004e3c00000, 0x00000004e3e00000|  0%| F|  |TAMS 0x00000004e3c00000| PB 0x00000004e3c00000| Untracked |  0
|  66|0x00000004e3e00000, 0x00000004e3e00000, 0x00000004e4000000|  0%| F|  |TAMS 0x00000004e3e00000| PB 0x00000004e3e00000| Untracked |  0
|  67|0x00000004e4000000, 0x00000004e4000000, 0x00000004e4200000|  0%| F|  |TAMS 0x00000004e4000000| PB 0x00000004e4000000| Untracked |  0
|  68|0x00000004e4200000, 0x00000004e4200000, 0x00000004e4400000|  0%| F|  |TAMS 0x00000004e4200000| PB 0x00000004e4200000| Untracked |  0
|  69|0x00000004e4400000, 0x00000004e4400000, 0x00000004e4600000|  0%| F|  |TAMS 0x00000004e4400000| PB 0x00000004e4400000| Untracked |  0
|  70|0x00000004e4600000, 0x00000004e4600000, 0x00000004e4800000|  0%| F|  |TAMS 0x00000004e4600000| PB 0x00000004e4600000| Untracked |  0
|  71|0x00000004e4800000, 0x00000004e4800000, 0x00000004e4a00000|  0%| F|  |TAMS 0x00000004e4800000| PB 0x00000004e4800000| Untracked |  0
|  72|0x00000004e4a00000, 0x00000004e4a00000, 0x00000004e4c00000|  0%| F|  |TAMS 0x00000004e4a00000| PB 0x00000004e4a00000| Untracked |  0
|  73|0x00000004e4c00000, 0x00000004e4c00000, 0x00000004e4e00000|  0%| F|  |TAMS 0x00000004e4c00000| PB 0x00000004e4c00000| Untracked |  0
|  74|0x00000004e4e00000, 0x00000004e4e00000, 0x00000004e5000000|  0%| F|  |TAMS 0x00000004e4e00000| PB 0x00000004e4e00000| Untracked |  0
|  75|0x00000004e5000000, 0x00000004e5000000, 0x00000004e5200000|  0%| F|  |TAMS 0x00000004e5000000| PB 0x00000004e5000000| Untracked |  0
|  76|0x00000004e5200000, 0x00000004e5200000, 0x00000004e5400000|  0%| F|  |TAMS 0x00000004e5200000| PB 0x00000004e5200000| Untracked |  0
|  77|0x00000004e5400000, 0x00000004e5400000, 0x00000004e5600000|  0%| F|  |TAMS 0x00000004e5400000| PB 0x00000004e5400000| Untracked |  0
|  78|0x00000004e5600000, 0x00000004e5600000, 0x00000004e5800000|  0%| F|  |TAMS 0x00000004e5600000| PB 0x00000004e5600000| Untracked |  0
|  79|0x00000004e5800000, 0x00000004e5800000, 0x00000004e5a00000|  0%| F|  |TAMS 0x00000004e5800000| PB 0x00000004e5800000| Untracked |  0
|  80|0x00000004e5a00000, 0x00000004e5a00000, 0x00000004e5c00000|  0%| F|  |TAMS 0x00000004e5a00000| PB 0x00000004e5a00000| Untracked |  0
|  81|0x00000004e5c00000, 0x00000004e5c00000, 0x00000004e5e00000|  0%| F|  |TAMS 0x00000004e5c00000| PB 0x00000004e5c00000| Untracked |  0
|  82|0x00000004e5e00000, 0x00000004e5e00000, 0x00000004e6000000|  0%| F|  |TAMS 0x00000004e5e00000| PB 0x00000004e5e00000| Untracked |  0
|  83|0x00000004e6000000, 0x00000004e6000000, 0x00000004e6200000|  0%| F|  |TAMS 0x00000004e6000000| PB 0x00000004e6000000| Untracked |  0
|  84|0x00000004e6200000, 0x00000004e6200000, 0x00000004e6400000|  0%| F|  |TAMS 0x00000004e6200000| PB 0x00000004e6200000| Untracked |  0
|  85|0x00000004e6400000, 0x00000004e6400000, 0x00000004e6600000|  0%| F|  |TAMS 0x00000004e6400000| PB 0x00000004e6400000| Untracked |  0
|  86|0x00000004e6600000, 0x00000004e6600000, 0x00000004e6800000|  0%| F|  |TAMS 0x00000004e6600000| PB 0x00000004e6600000| Untracked |  0
|  87|0x00000004e6800000, 0x00000004e6800000, 0x00000004e6a00000|  0%| F|  |TAMS 0x00000004e6800000| PB 0x00000004e6800000| Untracked |  0
|  88|0x00000004e6a00000, 0x00000004e6a00000, 0x00000004e6c00000|  0%| F|  |TAMS 0x00000004e6a00000| PB 0x00000004e6a00000| Untracked |  0
|  89|0x00000004e6c00000, 0x00000004e6c00000, 0x00000004e6e00000|  0%| F|  |TAMS 0x00000004e6c00000| PB 0x00000004e6c00000| Untracked |  0
|  90|0x00000004e6e00000, 0x00000004e6e00000, 0x00000004e7000000|  0%| F|  |TAMS 0x00000004e6e00000| PB 0x00000004e6e00000| Untracked |  0
|  91|0x00000004e7000000, 0x00000004e7000000, 0x00000004e7200000|  0%| F|  |TAMS 0x00000004e7000000| PB 0x00000004e7000000| Untracked |  0
|  92|0x00000004e7200000, 0x00000004e7200000, 0x00000004e7400000|  0%| F|  |TAMS 0x00000004e7200000| PB 0x00000004e7200000| Untracked |  0
|  93|0x00000004e7400000, 0x00000004e7400000, 0x00000004e7600000|  0%| F|  |TAMS 0x00000004e7400000| PB 0x00000004e7400000| Untracked |  0
|  94|0x00000004e7600000, 0x00000004e7600000, 0x00000004e7800000|  0%| F|  |TAMS 0x00000004e7600000| PB 0x00000004e7600000| Untracked |  0
|  95|0x00000004e7800000, 0x00000004e7800000, 0x00000004e7a00000|  0%| F|  |TAMS 0x00000004e7800000| PB 0x00000004e7800000| Untracked |  0
|  96|0x00000004e7a00000, 0x00000004e7a00000, 0x00000004e7c00000|  0%| F|  |TAMS 0x00000004e7a00000| PB 0x00000004e7a00000| Untracked |  0
|  97|0x00000004e7c00000, 0x00000004e7c00000, 0x00000004e7e00000|  0%| F|  |TAMS 0x00000004e7c00000| PB 0x00000004e7c00000| Untracked |  0
|  98|0x00000004e7e00000, 0x00000004e7e00000, 0x00000004e8000000|  0%| F|  |TAMS 0x00000004e7e00000| PB 0x00000004e7e00000| Untracked |  0
|  99|0x00000004e8000000, 0x00000004e8000000, 0x00000004e8200000|  0%| F|  |TAMS 0x00000004e8000000| PB 0x00000004e8000000| Untracked |  0
| 100|0x00000004e8200000, 0x00000004e8200000, 0x00000004e8400000|  0%| F|  |TAMS 0x00000004e8200000| PB 0x00000004e8200000| Untracked |  0
| 101|0x00000004e8400000, 0x00000004e8400000, 0x00000004e8600000|  0%| F|  |TAMS 0x00000004e8400000| PB 0x00000004e8400000| Untracked |  0
| 102|0x00000004e8600000, 0x00000004e8600000, 0x00000004e8800000|  0%| F|  |TAMS 0x00000004e8600000| PB 0x00000004e8600000| Untracked |  0
| 103|0x00000004e8800000, 0x00000004e8800000, 0x00000004e8a00000|  0%| F|  |TAMS 0x00000004e8800000| PB 0x00000004e8800000| Untracked |  0
| 104|0x00000004e8a00000, 0x00000004e8a00000, 0x00000004e8c00000|  0%| F|  |TAMS 0x00000004e8a00000| PB 0x00000004e8a00000| Untracked |  0
| 105|0x00000004e8c00000, 0x00000004e8c00000, 0x00000004e8e00000|  0%| F|  |TAMS 0x00000004e8c00000| PB 0x00000004e8c00000| Untracked |  0
| 106|0x00000004e8e00000, 0x00000004e8e00000, 0x00000004e9000000|  0%| F|  |TAMS 0x00000004e8e00000| PB 0x00000004e8e00000| Untracked |  0
| 107|0x00000004e9000000, 0x00000004e9000000, 0x00000004e9200000|  0%| F|  |TAMS 0x00000004e9000000| PB 0x00000004e9000000| Untracked |  0
| 108|0x00000004e9200000, 0x00000004e9200000, 0x00000004e9400000|  0%| F|  |TAMS 0x00000004e9200000| PB 0x00000004e9200000| Untracked |  0
| 109|0x00000004e9400000, 0x00000004e9400000, 0x00000004e9600000|  0%| F|  |TAMS 0x00000004e9400000| PB 0x00000004e9400000| Untracked |  0
| 110|0x00000004e9600000, 0x00000004e9600000, 0x00000004e9800000|  0%| F|  |TAMS 0x00000004e9600000| PB 0x00000004e9600000| Untracked |  0
| 111|0x00000004e9800000, 0x00000004e9800000, 0x00000004e9a00000|  0%| F|  |TAMS 0x00000004e9800000| PB 0x00000004e9800000| Untracked |  0
| 112|0x00000004e9a00000, 0x00000004e9a00000, 0x00000004e9c00000|  0%| F|  |TAMS 0x00000004e9a00000| PB 0x00000004e9a00000| Untracked |  0
| 113|0x00000004e9c00000, 0x00000004e9c8aa70, 0x00000004e9e00000| 27%| S|CS|TAMS 0x00000004e9c00000| PB 0x00000004e9c00000| Complete |  0
| 114|0x00000004e9e00000, 0x00000004e9e00000, 0x00000004ea000000|  0%| F|  |TAMS 0x00000004e9e00000| PB 0x00000004e9e00000| Untracked |  0
| 115|0x00000004ea000000, 0x00000004ea000000, 0x00000004ea200000|  0%| F|  |TAMS 0x00000004ea000000| PB 0x00000004ea000000| Untracked |  0
| 116|0x00000004ea200000, 0x00000004ea200000, 0x00000004ea400000|  0%| F|  |TAMS 0x00000004ea200000| PB 0x00000004ea200000| Untracked |  0
| 117|0x00000004ea400000, 0x00000004ea400000, 0x00000004ea600000|  0%| F|  |TAMS 0x00000004ea400000| PB 0x00000004ea400000| Untracked |  0
| 118|0x00000004ea600000, 0x00000004ea800000, 0x00000004ea800000|100%| E|  |TAMS 0x00000004ea600000| PB 0x00000004ea600000| Complete |  0
| 119|0x00000004ea800000, 0x00000004eaa00000, 0x00000004eaa00000|100%| E|  |TAMS 0x00000004ea800000| PB 0x00000004ea800000| Complete |  0
| 120|0x00000004eaa00000, 0x00000004eac00000, 0x00000004eac00000|100%| E|CS|TAMS 0x00000004eaa00000| PB 0x00000004eaa00000| Complete |  0
| 121|0x00000004eac00000, 0x00000004eae00000, 0x00000004eae00000|100%| E|CS|TAMS 0x00000004eac00000| PB 0x00000004eac00000| Complete |  0
| 122|0x00000004eae00000, 0x00000004eb000000, 0x00000004eb000000|100%| E|CS|TAMS 0x00000004eae00000| PB 0x00000004eae00000| Complete |  0
| 123|0x00000004eb000000, 0x00000004eb200000, 0x00000004eb200000|100%| E|CS|TAMS 0x00000004eb000000| PB 0x00000004eb000000| Complete |  0

Card table byte_map: [0x000001a227220000,0x000001a2279e0000] _byte_map_base: 0x000001a224b43000

Marking Bits: (CMBitMap*) 0x000001a20e53bdf0
 Bits: [0x000001a2279e0000, 0x000001a22b780000)

Polling page: 0x000001a20cca0000

Metaspace:

Usage:
  Non-class:      7.46 MB used.
      Class:    996.00 KB used.
       Both:      8.44 MB used.

Virtual space:
  Non-class space:       64.00 MB reserved,       7.62 MB ( 12%) committed,  1 nodes.
      Class space:        1.00 GB reserved,       1.06 MB ( <1%) committed,  1 nodes.
             Both:        1.06 GB reserved,       8.69 MB ( <1%) committed. 

Chunk freelists:
   Non-Class:  8.19 MB
       Class:  14.94 MB
        Both:  23.13 MB

MaxMetaspaceSize: unlimited
CompressedClassSpaceSize: 1.00 GB
Initial GC threshold: 21.00 MB
Current GC threshold: 21.00 MB
CDS: on
 - commit_granule_bytes: 65536.
 - commit_granule_words: 8192.
 - virtual_space_node_default_size: 8388608.
 - enlarge_chunks_in_place: 1.
 - use_allocation_guard: 0.


Internal statistics:

num_allocs_failed_limit: 0.
num_arena_births: 248.
num_arena_deaths: 0.
num_vsnodes_births: 2.
num_vsnodes_deaths: 0.
num_space_committed: 139.
num_space_uncommitted: 0.
num_chunks_returned_to_freelist: 0.
num_chunks_taken_from_freelist: 386.
num_chunk_merges: 0.
num_chunk_splits: 237.
num_chunks_enlarged: 134.
num_inconsistent_stats: 0.

CodeHeap 'non-profiled nmethods': size=120064Kb used=477Kb max_used=477Kb free=119586Kb
 bounds [0x000001a21e8a0000, 0x000001a21eb10000, 0x000001a225de0000]
CodeHeap 'profiled nmethods': size=120000Kb used=1943Kb max_used=1943Kb free=118056Kb
 bounds [0x000001a216de0000, 0x000001a217050000, 0x000001a21e310000]
CodeHeap 'non-nmethods': size=5696Kb used=1515Kb max_used=1528Kb free=4180Kb
 bounds [0x000001a21e310000, 0x000001a21e580000, 0x000001a21e8a0000]
CodeCache: size=245760Kb, used=3935Kb, max_used=3948Kb, free=241822Kb
 total_blobs=2170, nmethods=1563, adapters=513, full_count=0
Compilation: enabled, stopped_count=0, restarted_count=0

Compilation events (20 events):
Event: 17.764 Thread 0x000001a22e31d070 1551       1       java.nio.DirectByteBuffer::base (2 bytes)
Event: 17.764 Thread 0x000001a22e31d070 nmethod 1551 0x000001a21e917388 code [0x000001a21e9174a0, 0x000001a21e917570]
Event: 18.615 Thread 0x000001a22e31d070 1555   !   3       java.lang.invoke.MethodHandleNatives::linkMethodHandleConstant (50 bytes)
Event: 18.615 Thread 0x000001a22e31d070 nmethod 1555 0x000001a216fbd188 code [0x000001a216fbd2e0, 0x000001a216fbd4e8]
Event: 18.615 Thread 0x000001a22e31d070 1556       3       java.lang.invoke.MethodHandles$Lookup::linkMethodHandleConstant (227 bytes)
Event: 18.618 Thread 0x000001a22e31d070 nmethod 1556 0x000001a216fbd508 code [0x000001a216fbd860, 0x000001a216fbef70]
Event: 18.633 Thread 0x000001a22e31d070 1557       3       jdk.internal.classfile.impl.AbstractPoolEntry::maybeClone (9 bytes)
Event: 18.633 Thread 0x000001a22e31d070 nmethod 1557 0x000001a216fbf008 code [0x000001a216fbf140, 0x000001a216fbf3d8]
Event: 18.633 Thread 0x000001a22e31d070 1558       3       java.nio.HeapByteBuffer::byteOffset (7 bytes)
Event: 18.633 Thread 0x000001a22e31d070 nmethod 1558 0x000001a216fbf408 code [0x000001a216fbf520, 0x000001a216fbf630]
Event: 18.633 Thread 0x000001a22e31d070 1559       3       jdk.internal.classfile.impl.AbstractPoolEntry$Utf8EntryImpl::writeTo (406 bytes)
Event: 18.637 Thread 0x000001a22e31d070 nmethod 1559 0x000001a216fbf708 code [0x000001a216fbfb40, 0x000001a216fc1ed0]
Event: 18.637 Thread 0x000001a22e31d070 1560       3       java.util.Set::of (68 bytes)
Event: 18.638 Thread 0x000001a22e31d070 nmethod 1560 0x000001a216fc2008 code [0x000001a216fc21c0, 0x000001a216fc29d0]
Event: 18.650 Thread 0x000001a22e31d070 1561       3       sun.net.www.ParseUtil::match (50 bytes)
Event: 18.650 Thread 0x000001a22e31d070 nmethod 1561 0x000001a216fc2a88 code [0x000001a216fc2bc0, 0x000001a216fc2e20]
Event: 18.686 Thread 0x000001a22e31d070 1562       3       sun.net.util.IPAddressUtil::scan (62 bytes)
Event: 18.687 Thread 0x000001a22e31d070 nmethod 1562 0x000001a216fc2e88 code [0x000001a216fc3040, 0x000001a216fc38e8]
Event: 18.687 Thread 0x000001a22e31d070 1563       3       jdk.internal.loader.BuiltinClassLoader::isSealed (71 bytes)
Event: 18.689 Thread 0x000001a22e31d070 nmethod 1563 0x000001a216fc3988 code [0x000001a216fc3d60, 0x000001a216fc59e8]

GC Heap History (4 events):
Event: 2.584 GC heap before
{Heap before GC invocations=0 (full 0):
 garbage-first heap   total reserved 4038656K, committed 253952K, used 26624K [0x00000004dba00000, 0x00000005d2200000)
  region size 2048K, 12 young (24576K), 0 survivors (0K)
 Metaspace       used 8437K, committed 8704K, reserved 1114112K
  class space    used 986K, committed 1088K, reserved 1048576K
}
Event: 2.593 GC heap after
{Heap after GC invocations=1 (full 0):
 garbage-first heap   total reserved 4038656K, committed 253952K, used 5056K [0x00000004dba00000, 0x00000005d2200000)
  region size 2048K, 2 young (4096K), 2 survivors (4096K)
 Metaspace       used 8437K, committed 8704K, reserved 1114112K
  class space    used 986K, committed 1088K, reserved 1048576K
}
Event: 12.163 GC heap before
{Heap before GC invocations=1 (full 0):
 garbage-first heap   total reserved 4038656K, committed 253952K, used 56256K [0x00000004dba00000, 0x00000005d2200000)
  region size 2048K, 12 young (24576K), 2 survivors (4096K)
 Metaspace       used 8531K, committed 8768K, reserved 1114112K
  class space    used 989K, committed 1088K, reserved 1048576K
}
Event: 12.168 GC heap after
{Heap after GC invocations=2 (full 0):
 garbage-first heap   total reserved 4038656K, committed 253952K, used 3927K [0x00000004dba00000, 0x00000005d2200000)
  region size 2048K, 1 young (2048K), 1 survivors (2048K)
 Metaspace       used 8531K, committed 8768K, reserved 1114112K
  class space    used 989K, committed 1088K, reserved 1048576K
}

Dll operation events (13 events):
Event: 0.023 Loaded shared library C:\Users\dbidy\.jdks\openjdk-23.0.2\bin\java.dll
Event: 0.079 Loaded shared library C:\Users\dbidy\.jdks\openjdk-23.0.2\bin\jsvml.dll
Event: 0.165 Loaded shared library C:\Users\dbidy\.jdks\openjdk-23.0.2\bin\zip.dll
Event: 0.171 Loaded shared library C:\Users\dbidy\.jdks\openjdk-23.0.2\bin\instrument.dll
Event: 0.181 Loaded shared library C:\Users\dbidy\.jdks\openjdk-23.0.2\bin\net.dll
Event: 0.187 Loaded shared library C:\Users\dbidy\.jdks\openjdk-23.0.2\bin\nio.dll
Event: 0.196 Loaded shared library C:\Users\dbidy\.jdks\openjdk-23.0.2\bin\zip.dll
Event: 0.246 Loaded shared library C:\Users\dbidy\.jdks\openjdk-23.0.2\bin\extnet.dll
Event: 0.286 Loaded shared library C:\Users\dbidy\.jdks\openjdk-23.0.2\bin\jimage.dll
Event: 0.347 Loaded shared library C:\Users\dbidy\.jdks\openjdk-23.0.2\bin\management.dll
Event: 0.369 Loaded shared library C:\Users\dbidy\.jdks\openjdk-23.0.2\bin\management_ext.dll
Event: 0.503 Loaded shared library C:\Users\dbidy\AppData\Local\Temp\jwm_871214074474700\jwm_x64.dll
Event: 0.639 Loaded shared library C:\Users\dbidy\AppData\Local\Temp\skija_0.116.4_x64\skija.dll

Deoptimization events (20 events):
Event: 1.297 Thread 0x000001a20e4d5290 Uncommon trap: trap_request=0xffffff45 fr.pc=0x000001a21e8e0254 relative=0x0000000000000054
Event: 1.297 Thread 0x000001a20e4d5290 Uncommon trap: reason=unstable_if action=reinterpret pc=0x000001a21e8e0254 method=java.lang.CharacterData.of(I)Ljava/lang/CharacterData; @ 4 c2
Event: 1.297 Thread 0x000001a20e4d5290 DEOPT PACKING pc=0x000001a21e8e0254 sp=0x00000007c07fdff0
Event: 1.297 Thread 0x000001a20e4d5290 DEOPT UNPACKING pc=0x000001a21e364402 sp=0x00000007c07fdf90 mode 2
Event: 1.301 Thread 0x000001a20e4d5290 Uncommon trap: trap_request=0xffffff6e fr.pc=0x000001a21e90be20 relative=0x0000000000000400
Event: 1.301 Thread 0x000001a20e4d5290 Uncommon trap: reason=loop_limit_check action=maybe_recompile pc=0x000001a21e90be20 method=java.lang.StringLatin1.indexOf([BI[BII)I @ 37 c2
Event: 1.301 Thread 0x000001a20e4d5290 DEOPT PACKING pc=0x000001a21e90be20 sp=0x00000007c07fdf10
Event: 1.301 Thread 0x000001a20e4d5290 DEOPT UNPACKING pc=0x000001a21e364402 sp=0x00000007c07fde70 mode 2
Event: 2.600 Thread 0x000001a20e4d5290 Uncommon trap: trap_request=0xffffff45 fr.pc=0x000001a21e8fd8e8 relative=0x00000000000000e8
Event: 2.600 Thread 0x000001a20e4d5290 Uncommon trap: reason=unstable_if action=reinterpret pc=0x000001a21e8fd8e8 method=java.lang.ref.SoftReference.get()Ljava/lang/Object; @ 17 c2
Event: 2.600 Thread 0x000001a20e4d5290 DEOPT PACKING pc=0x000001a21e8fd8e8 sp=0x00000007c07fe450
Event: 2.600 Thread 0x000001a20e4d5290 DEOPT UNPACKING pc=0x000001a21e364402 sp=0x00000007c07fe400 mode 2
Event: 2.638 Thread 0x000001a27409c090 Uncommon trap: trap_request=0xffffff45 fr.pc=0x000001a21e9047c0 relative=0x00000000000000a0
Event: 2.638 Thread 0x000001a27409c090 Uncommon trap: reason=unstable_if action=reinterpret pc=0x000001a21e9047c0 method=java.lang.ref.ReferenceQueue.headIsNull()Z @ 4 c2
Event: 2.638 Thread 0x000001a27409c090 DEOPT PACKING pc=0x000001a21e9047c0 sp=0x00000007c20fd930
Event: 2.638 Thread 0x000001a27409c090 DEOPT UNPACKING pc=0x000001a21e364402 sp=0x00000007c20fd7f0 mode 2
Event: 2.638 Thread 0x000001a27409c090 Uncommon trap: trap_request=0xffffff45 fr.pc=0x000001a21e9088dc relative=0x000000000000005c
Event: 2.638 Thread 0x000001a27409c090 Uncommon trap: reason=unstable_if action=reinterpret pc=0x000001a21e9088dc method=java.lang.ref.ReferenceQueue.headIsNull()Z @ 4 c2
Event: 2.638 Thread 0x000001a27409c090 DEOPT PACKING pc=0x000001a21e9088dc sp=0x00000007c20fd8c0
Event: 2.638 Thread 0x000001a27409c090 DEOPT UNPACKING pc=0x000001a21e364402 sp=0x00000007c20fd7f0 mode 2

Classes loaded (20 events):
Event: 1.018 Loading class java/security/AllPermissionCollection
Event: 1.018 Loading class java/security/AllPermissionCollection done
Event: 1.019 Loading class java/lang/IllegalAccessException
Event: 1.019 Loading class java/lang/IllegalAccessException done
Event: 1.268 Loading class java/lang/invoke/DirectMethodHandle$Special
Event: 1.269 Loading class java/lang/invoke/DirectMethodHandle$Special done
Event: 1.290 Loading class sun/util/resources/LocaleData$CommonResourceBundleProvider
Event: 1.290 Loading class sun/util/resources/LocaleData$LocaleDataResourceBundleProvider
Event: 1.290 Loading class java/util/spi/ResourceBundleProvider
Event: 1.290 Loading class java/util/spi/ResourceBundleProvider done
Event: 1.290 Loading class sun/util/resources/LocaleData$LocaleDataResourceBundleProvider done
Event: 1.290 Loading class sun/util/resources/LocaleData$CommonResourceBundleProvider done
Event: 1.291 Loading class sun/util/resources/Bundles$2
Event: 1.291 Loading class sun/util/resources/Bundles$2 done
Event: 1.292 Loading class java/lang/InstantiationException
Event: 1.292 Loading class java/lang/InstantiationException done
Event: 2.646 Loading class javax/management/openmbean/CompositeDataSupport
Event: 2.646 Loading class javax/management/openmbean/CompositeDataSupport done
Event: 2.647 Loading class javax/management/openmbean/OpenDataException
Event: 2.647 Loading class javax/management/openmbean/OpenDataException done

Classes unloaded (0 events):
No events

Classes redefined (0 events):
No events

Internal exceptions (20 events):
Event: 0.475 Thread 0x000001a22e30aab0 Exception <a 'java/lang/NoSuchMethodError'{0x00000004eab3c788}: 'void java.lang.invoke.DirectMethodHandle$Holder.invokeStatic(java.lang.Object, int, java.lang.Object)'> (0x00000004eab3c788) 
thrown [s\open\src\hotspot\share\interpreter\linkResolver.cpp, line 796]
Event: 0.501 Thread 0x000001a22e30aab0 Exception <a 'java/lang/NoSuchMethodError'{0x00000004eab82fc8}: 'int java.lang.invoke.DirectMethodHandle$Holder.invokeSpecial(java.lang.Object, java.lang.Object, java.lang.Object)'> (0x00000004eab82fc8) 
thrown [s\open\src\hotspot\share\interpreter\linkResolver.cpp, line 796]
Event: 0.547 Thread 0x000001a20e4d5290 Exception <a 'java/lang/NoSuchMethodError'{0x00000004ea804140}: 'void java.lang.invoke.DirectMethodHandle$Holder.invokeStatic(java.lang.Object, long, java.lang.Object)'> (0x00000004ea804140) 
thrown [s\open\src\hotspot\share\interpreter\linkResolver.cpp, line 796]
Event: 0.548 Thread 0x000001a20e4d5290 Exception <a 'java/lang/NoSuchMethodError'{0x00000004ea809390}: 'java.lang.Object java.lang.invoke.DirectMethodHandle$Holder.newInvokeSpecial(java.lang.Object, long)'> (0x00000004ea809390) 
thrown [s\open\src\hotspot\share\interpreter\linkResolver.cpp, line 796]
Event: 0.563 Thread 0x000001a22e30aab0 Exception <a 'java/lang/NoSuchMethodError'{0x00000004ea9d3e28}: 'java.lang.Object java.lang.invoke.DirectMethodHandle$Holder.invokeStaticInit(java.lang.Object, java.lang.Object, java.lang.Object)'> (0x00000004ea9d3e28) 
thrown [s\open\src\hotspot\share\interpreter\linkResolver.cpp, line 796]
Event: 0.778 Thread 0x000001a22e30aab0 Exception <a 'java/lang/NoSuchMethodError'{0x00000004ea242080}: 'java.lang.Object java.lang.invoke.DirectMethodHandle$Holder.invokeStaticInit(java.lang.Object, int, int, int, int)'> (0x00000004ea242080) 
thrown [s\open\src\hotspot\share\interpreter\linkResolver.cpp, line 796]
Event: 0.863 Thread 0x000001a22e30aab0 Exception <a 'java/lang/NoSuchMethodError'{0x00000004ea301870}: 'java.lang.Object java.lang.invoke.DirectMethodHandle$Holder.invokeStaticInit(java.lang.Object, java.lang.Object, int, int, int, int)'> (0x00000004ea301870) 
thrown [s\open\src\hotspot\share\interpreter\linkResolver.cpp, line 796]
Event: 0.891 Thread 0x000001a22e30aab0 Exception <a 'java/lang/ClassNotFoundException'{0x00000004ea323578}: javax/management/remote/rmi/RMIServerImpl_Skel> (0x00000004ea323578) 
thrown [s\open\src\hotspot\share\classfile\systemDictionary.cpp, line 313]
Event: 0.911 Thread 0x000001a22e30aab0 Exception <a 'java/lang/NoSuchMethodError'{0x00000004ea33f010}: 'long java.lang.invoke.DirectMethodHandle$Holder.invokeSpecial(java.lang.Object, java.lang.Object)'> (0x00000004ea33f010) 
thrown [s\open\src\hotspot\share\interpreter\linkResolver.cpp, line 796]
Event: 0.912 Thread 0x000001a22e30aab0 Exception <a 'java/lang/NoSuchMethodError'{0x00000004ea342700}: 'long java.lang.invoke.Invokers$Holder.invokeExact_MT(java.lang.Object, java.lang.Object)'> (0x00000004ea342700) 
thrown [s\open\src\hotspot\share\interpreter\linkResolver.cpp, line 796]
Event: 0.970 Thread 0x000001a27409c090 Exception <a 'java/lang/NoSuchMethodError'{0x00000004ea04bf10}: static [B.<clinit>()V> (0x00000004ea04bf10) 
thrown [s\open\src\hotspot\share\prims\jni.cpp, line 1111]
Event: 0.973 Thread 0x000001a27409c090 Exception <a 'java/lang/NoSuchMethodError'{0x00000004ea0500c0}: 'java.lang.Object java.lang.invoke.DirectMethodHandle$Holder.invokeInterface(java.lang.Object, java.lang.Object, java.lang.Object)'> (0x00000004ea0500c0) 
thrown [s\open\src\hotspot\share\interpreter\linkResolver.cpp, line 796]
Event: 0.987 Thread 0x000001a27409c090 Exception <a 'java/lang/ClassNotFoundException'{0x00000004ea075840}: javax/management/remote/rmi/RMIConnectionImpl_Skel> (0x00000004ea075840) 
thrown [s\open\src\hotspot\share\classfile\systemDictionary.cpp, line 313]
Event: 0.990 Thread 0x000001a27409ba00 Exception <a 'java/lang/NoSuchMethodError'{0x00000004ea1222d0}: 'java.lang.Object java.lang.invoke.Invokers$Holder.linkToTargetMethod(java.lang.Object, long, java.lang.Object)'> (0x00000004ea1222d0) 
thrown [s\open\src\hotspot\share\interpreter\linkResolver.cpp, line 796]
Event: 1.005 Thread 0x000001a27409c090 Exception <a 'java/lang/NoSuchMethodError'{0x00000004ea1a3658}: 'int java.lang.invoke.DelegatingMethodHandle$Holder.reinvoke_L(java.lang.Object, java.lang.Object, java.lang.Object, java.lang.Object, java.lang.Object)'> (0x00000004ea1a3658) 
thrown [s\open\src\hotspot\share\interpreter\linkResolver.cpp, line 796]
Event: 1.013 Thread 0x000001a27409c090 Exception <a 'java/lang/NoSuchMethodError'{0x00000004ea1bf320}: 'java.lang.Object java.lang.invoke.DirectMethodHandle$Holder.invokeInterface(java.lang.Object, java.lang.Object, java.lang.Object, java.lang.Object, java.lang.Object)'> (0x00000004ea1bf320) 
thrown [s\open\src\hotspot\share\interpreter\linkResolver.cpp, line 796]
Event: 1.021 Thread 0x000001a27409c090 Exception <a 'java/lang/NoSuchMethodError'{0x00000004ea1e2758}: 'double java.lang.invoke.DirectMethodHandle$Holder.invokeInterface(java.lang.Object, java.lang.Object)'> (0x00000004ea1e2758) 
thrown [s\open\src\hotspot\share\interpreter\linkResolver.cpp, line 796]
Event: 1.022 Thread 0x000001a27409c090 Exception <a 'java/lang/NoSuchMethodError'{0x00000004ea1ea128}: 'double java.lang.invoke.DelegatingMethodHandle$Holder.reinvoke_L(java.lang.Object, java.lang.Object)'> (0x00000004ea1ea128) 
thrown [s\open\src\hotspot\share\interpreter\linkResolver.cpp, line 796]
Event: 2.644 Thread 0x000001a27409c090 Exception <a 'java/lang/NoSuchMethodError'{0x00000004eae68040}: 'long java.lang.invoke.DirectMethodHandle$Holder.invokeVirtual(java.lang.Object, java.lang.Object)'> (0x00000004eae68040) 
thrown [s\open\src\hotspot\share\interpreter\linkResolver.cpp, line 796]
Event: 2.645 Thread 0x000001a27409c090 Exception <a 'java/lang/NoSuchMethodError'{0x00000004eae6b638}: 'long java.lang.invoke.DelegatingMethodHandle$Holder.reinvoke_L(java.lang.Object, java.lang.Object)'> (0x00000004eae6b638) 
thrown [s\open\src\hotspot\share\interpreter\linkResolver.cpp, line 796]

VM Operations (20 events):
Event: 0.357 Executing VM operation: HandshakeAllThreads (Deoptimize)
Event: 0.357 Executing VM operation: HandshakeAllThreads (Deoptimize) done
Event: 0.385 Executing VM operation: HandshakeAllThreads (Deoptimize)
Event: 0.385 Executing VM operation: HandshakeAllThreads (Deoptimize) done
Event: 0.421 Executing VM operation: HandshakeAllThreads (Deoptimize)
Event: 0.421 Executing VM operation: HandshakeAllThreads (Deoptimize) done
Event: 0.452 Executing VM operation: HandshakeAllThreads (Deoptimize)
Event: 0.452 Executing VM operation: HandshakeAllThreads (Deoptimize) done
Event: 0.733 Executing VM operation: HandshakeAllThreads (Deoptimize)
Event: 0.733 Executing VM operation: HandshakeAllThreads (Deoptimize) done
Event: 0.889 Executing VM operation: HandshakeAllThreads (Deoptimize)
Event: 0.889 Executing VM operation: HandshakeAllThreads (Deoptimize) done
Event: 0.985 Executing VM operation: HandshakeAllThreads (Deoptimize)
Event: 0.985 Executing VM operation: HandshakeAllThreads (Deoptimize) done
Event: 1.297 Executing VM operation: HandshakeAllThreads (Deoptimize)
Event: 1.298 Executing VM operation: HandshakeAllThreads (Deoptimize) done
Event: 2.584 Executing VM operation: G1CollectForAllocation (G1 Evacuation Pause)
Event: 2.593 Executing VM operation: G1CollectForAllocation (G1 Evacuation Pause) done
Event: 12.163 Executing VM operation: G1CollectForAllocation (G1 Evacuation Pause)
Event: 12.168 Executing VM operation: G1CollectForAllocation (G1 Evacuation Pause) done

Memory protections (0 events):
No events

Nmethod flushes (0 events):
No events

Events (20 events):
Event: 0.075 Thread 0x000001a20e4d5290 Thread added: 0x000001a22e305d60
Event: 0.075 Thread 0x000001a20e4d5290 Thread added: 0x000001a22e30a050
Event: 0.075 Thread 0x000001a20e4d5290 Thread added: 0x000001a22e30aab0
Event: 0.076 Thread 0x000001a20e4d5290 Thread added: 0x000001a22e30b640
Event: 0.076 Thread 0x000001a20e4d5290 Thread added: 0x000001a22e30f6d0
Event: 0.076 Thread 0x000001a20e4d5290 Thread added: 0x000001a22e31a5b0
Event: 0.076 Thread 0x000001a20e4d5290 Thread added: 0x000001a22e31d070
Event: 0.128 Thread 0x000001a20e4d5290 Thread added: 0x000001a22e528890
Event: 0.227 Thread 0x000001a20e4d5290 Thread added: 0x000001a22e67d110
Event: 0.227 Thread 0x000001a20e4d5290 Thread added: 0x000001a22e701f70
Event: 0.527 Thread 0x000001a20e4d5290 Thread added: 0x000001a27409cdb0
Event: 0.553 Thread 0x000001a22e31d070 Thread added: 0x000001a27412e760
Event: 0.659 Thread 0x000001a22e31d070 Thread added: 0x000001a2742830f0
Event: 0.905 Thread 0x000001a22e30aab0 Thread added: 0x000001a27409d440
Event: 0.933 Thread 0x000001a27409d440 Thread added: 0x000001a27409c090
Event: 0.968 Thread 0x000001a27409c090 Thread added: 0x000001a27409b370
Event: 0.982 Thread 0x000001a27409c090 Thread added: 0x000001a27409ba00
Event: 1.221 Thread 0x000001a27412e760 Thread exited: 0x000001a27412e760
Event: 1.221 Thread 0x000001a2742830f0 Thread exited: 0x000001a2742830f0
Event: 1.250 Thread 0x000001a20e4d5290 Thread added: 0x000001a27409ace0


Dynamic libraries:
0x00007ff7f1130000 - 0x00007ff7f113e000 	C:\Users\dbidy\.jdks\openjdk-23.0.2\bin\java.exe
0x00007ff978e80000 - 0x00007ff9790e0000 	C:\WINDOWS\SYSTEM32\ntdll.dll
0x00007ff945d80000 - 0x00007ff945d9a000 	C:\Program Files\AVG\Antivirus\aswhook.dll
0x00007ff9776f0000 - 0x00007ff9777b7000 	C:\WINDOWS\System32\KERNEL32.DLL
0x00007ff9765f0000 - 0x00007ff9769ba000 	C:\WINDOWS\System32\KERNELBASE.dll
0x00007ff976260000 - 0x00007ff9763ab000 	C:\WINDOWS\System32\ucrtbase.dll
0x00007ff953600000 - 0x00007ff95361b000 	C:\Users\dbidy\.jdks\openjdk-23.0.2\bin\VCRUNTIME140.dll
0x00007ff94df70000 - 0x00007ff94df87000 	C:\Users\dbidy\.jdks\openjdk-23.0.2\bin\jli.dll
0x00007ff976ca0000 - 0x00007ff976e6c000 	C:\WINDOWS\System32\USER32.dll
0x00007ff9765c0000 - 0x00007ff9765e7000 	C:\WINDOWS\System32\win32u.dll
0x00007ff957960000 - 0x00007ff957bf7000 	C:\WINDOWS\WinSxS\amd64_microsoft.windows.common-controls_6595b64144ccf1df_6.0.26100.3624_none_3e086962e3345f24\COMCTL32.dll
0x00007ff976e70000 - 0x00007ff976e9a000 	C:\WINDOWS\System32\GDI32.dll
0x00007ff976ea0000 - 0x00007ff976f49000 	C:\WINDOWS\System32\msvcrt.dll
0x00007ff976b40000 - 0x00007ff976c71000 	C:\WINDOWS\System32\gdi32full.dll
0x00007ff976060000 - 0x00007ff976103000 	C:\WINDOWS\System32\msvcp_win.dll
0x00007ff9788c0000 - 0x00007ff9788ef000 	C:\WINDOWS\System32\IMM32.DLL
0x00007ff964ff0000 - 0x00007ff964ffc000 	C:\Users\dbidy\.jdks\openjdk-23.0.2\bin\vcruntime140_1.dll
0x00007ff92e080000 - 0x00007ff92e10e000 	C:\Users\dbidy\.jdks\openjdk-23.0.2\bin\msvcp140.dll
0x00007ff881640000 - 0x00007ff882390000 	C:\Users\dbidy\.jdks\openjdk-23.0.2\bin\server\jvm.dll
0x00007ff978660000 - 0x00007ff978712000 	C:\WINDOWS\System32\ADVAPI32.dll
0x00007ff978d20000 - 0x00007ff978dc6000 	C:\WINDOWS\System32\sechost.dll
0x00007ff978c00000 - 0x00007ff978d16000 	C:\WINDOWS\System32\RPCRT4.dll
0x00007ff978720000 - 0x00007ff978794000 	C:\WINDOWS\System32\WS2_32.dll
0x00007ff975820000 - 0x00007ff97587e000 	C:\WINDOWS\SYSTEM32\POWRPROF.dll
0x00007ff969ed0000 - 0x00007ff969f06000 	C:\WINDOWS\SYSTEM32\WINMM.dll
0x00007ff96dd30000 - 0x00007ff96dd3b000 	C:\WINDOWS\SYSTEM32\VERSION.dll
0x00007ff975800000 - 0x00007ff975814000 	C:\WINDOWS\SYSTEM32\UMPDC.dll
0x00007ff974e70000 - 0x00007ff974e8a000 	C:\WINDOWS\SYSTEM32\kernel.appcore.dll
0x00007ff954b00000 - 0x00007ff954b0a000 	C:\Users\dbidy\.jdks\openjdk-23.0.2\bin\jimage.dll
0x00007ff96c440000 - 0x00007ff96c681000 	C:\WINDOWS\SYSTEM32\DBGHELP.DLL
0x00007ff9777c0000 - 0x00007ff977b42000 	C:\WINDOWS\System32\combase.dll
0x00007ff978a20000 - 0x00007ff978af6000 	C:\WINDOWS\System32\OLEAUT32.dll
0x00007ff9646b0000 - 0x00007ff9646e9000 	C:\WINDOWS\SYSTEM32\dbgcore.DLL
0x00007ff9763b0000 - 0x00007ff976449000 	C:\WINDOWS\System32\bcryptPrimitives.dll
0x00007ff951600000 - 0x00007ff95160f000 	C:\Users\dbidy\.jdks\openjdk-23.0.2\bin\instrument.dll
0x00007ff94dea0000 - 0x00007ff94debe000 	C:\Users\dbidy\.jdks\openjdk-23.0.2\bin\java.dll
0x00007ff9784c0000 - 0x00007ff978656000 	C:\WINDOWS\System32\ole32.dll
0x00007ff976fc0000 - 0x00007ff9776e9000 	C:\WINDOWS\System32\SHELL32.dll
0x00007ff976450000 - 0x00007ff9765b8000 	C:\WINDOWS\System32\wintypes.dll
0x00007ff973d20000 - 0x00007ff974572000 	C:\WINDOWS\SYSTEM32\windows.storage.dll
0x00007ff9781f0000 - 0x00007ff9782dd000 	C:\WINDOWS\System32\SHCORE.dll
0x00007ff978dd0000 - 0x00007ff978e34000 	C:\WINDOWS\System32\shlwapi.dll
0x00007ff975f70000 - 0x00007ff975f9f000 	C:\WINDOWS\SYSTEM32\profapi.dll
0x00007ff91ac60000 - 0x00007ff91ad37000 	C:\Users\dbidy\.jdks\openjdk-23.0.2\bin\jsvml.dll
0x00007ff94bfe0000 - 0x00007ff94bff7000 	C:\Users\dbidy\.jdks\openjdk-23.0.2\bin\zip.dll
0x00007ff950760000 - 0x00007ff950770000 	C:\Users\dbidy\.jdks\openjdk-23.0.2\bin\net.dll
0x00007ff975390000 - 0x00007ff9753fa000 	C:\WINDOWS\system32\mswsock.dll
0x00007ff94de80000 - 0x00007ff94de96000 	C:\Users\dbidy\.jdks\openjdk-23.0.2\bin\nio.dll
0x00007ff950730000 - 0x00007ff950739000 	C:\Users\dbidy\.jdks\openjdk-23.0.2\bin\extnet.dll
0x00007ff974990000 - 0x00007ff974ab5000 	C:\WINDOWS\SYSTEM32\DNSAPI.dll
0x00007ff9748f0000 - 0x00007ff974923000 	C:\WINDOWS\SYSTEM32\IPHLPAPI.DLL
0x00007ff9787a0000 - 0x00007ff9787aa000 	C:\WINDOWS\System32\NSI.dll
0x00007ff9705c0000 - 0x00007ff9705cb000 	C:\Windows\System32\rasadhlp.dll
0x00007ff970dc0000 - 0x00007ff970e45000 	C:\WINDOWS\System32\fwpuclnt.dll
0x00007ff94e170000 - 0x00007ff94e17a000 	C:\Users\dbidy\.jdks\openjdk-23.0.2\bin\management.dll
0x00007ff94de70000 - 0x00007ff94de7b000 	C:\Users\dbidy\.jdks\openjdk-23.0.2\bin\management_ext.dll
0x00007ff976c90000 - 0x00007ff976c98000 	C:\WINDOWS\System32\PSAPI.DLL
0x00007ff91a330000 - 0x00007ff91a3b2000 	C:\Users\dbidy\AppData\Local\Temp\jwm_871214074474700\jwm_x64.dll
0x00007ff94e180000 - 0x00007ff94e1a3000 	C:\WINDOWS\SYSTEM32\d3d12.dll
0x00007ff8dd620000 - 0x00007ff8dd72c000 	C:\WINDOWS\SYSTEM32\OPENGL32.dll
0x00007ff9734c0000 - 0x00007ff9735ee000 	C:\WINDOWS\SYSTEM32\dxgi.dll
0x00007ff94ba40000 - 0x00007ff94ba6d000 	C:\WINDOWS\SYSTEM32\GLU32.dll
0x00007ff973620000 - 0x00007ff973667000 	C:\WINDOWS\SYSTEM32\dxcore.dll
0x00007ff973430000 - 0x00007ff97348e000 	C:\WINDOWS\SYSTEM32\directxdatabasehelper.dll
0x00007ff975c90000 - 0x00007ff975cef000 	C:\WINDOWS\SYSTEM32\cfgmgr32.dll
0x00007ff973250000 - 0x00007ff9732fe000 	C:\WINDOWS\system32\uxtheme.dll
0x00007ff977c00000 - 0x00007ff977d5d000 	C:\WINDOWS\System32\MSCTF.dll
0x00007ff954d90000 - 0x00007ff954ed9000 	C:\WINDOWS\SYSTEM32\textinputframework.dll
0x00007ff96fd60000 - 0x00007ff96fe86000 	C:\WINDOWS\SYSTEM32\CoreMessaging.dll
0x00007ff9689c0000 - 0x00007ff968ca3000 	C:\WINDOWS\SYSTEM32\CoreUIComponents.dll
0x00007ff9756c0000 - 0x00007ff9756cc000 	C:\WINDOWS\SYSTEM32\CRYPTBASE.DLL
0x00007ff87a4e0000 - 0x00007ff87aeec000 	C:\Users\dbidy\AppData\Local\Temp\skija_0.116.4_x64\skija.dll
0x00007ff96f1d0000 - 0x00007ff96f64f000 	C:\WINDOWS\SYSTEM32\D3DCOMPILER_47.dll
0x00007ff9756a0000 - 0x00007ff9756bc000 	C:\WINDOWS\SYSTEM32\cryptsp.dll
0x00007ff962940000 - 0x00007ff96295a000 	C:\WINDOWS\SYSTEM32\windows.staterepositorycore.dll
0x00007ff877ea0000 - 0x00007ff87a4d8000 	C:\WINDOWS\System32\DriverStore\FileRepository\nvam.inf_amd64_f6465e9eefbbdae5\nvoglv64.dll
0x00007ff977d60000 - 0x00007ff9781e6000 	C:\WINDOWS\System32\SETUPAPI.dll
0x00007ff972750000 - 0x00007ff972766000 	C:\WINDOWS\SYSTEM32\WTSAPI32.dll
0x00007ff9757c0000 - 0x00007ff9757d3000 	C:\WINDOWS\SYSTEM32\msasn1.dll
0x00007ff96dcf0000 - 0x00007ff96dd2b000 	C:\WINDOWS\SYSTEM32\cryptnet.dll
0x00007ff9769c0000 - 0x00007ff976b37000 	C:\WINDOWS\System32\CRYPT32.dll
0x00007ff975760000 - 0x00007ff9757bd000 	C:\WINDOWS\SYSTEM32\wldp.dll
0x00007ff96da00000 - 0x00007ff96db7c000 	C:\WINDOWS\SYSTEM32\drvstore.dll
0x00007ff975d00000 - 0x00007ff975d2d000 	C:\WINDOWS\SYSTEM32\devobj.dll
0x00007ff9761d0000 - 0x00007ff97624f000 	C:\WINDOWS\System32\WINTRUST.dll
0x00007ff974f90000 - 0x00007ff974fc5000 	C:\WINDOWS\SYSTEM32\ntmarta.dll
0x00007ff974dd0000 - 0x00007ff974e0a000 	C:\WINDOWS\system32\rsaenh.dll
0x00007ff975430000 - 0x00007ff97545b000 	C:\WINDOWS\SYSTEM32\USERENV.dll
0x00007ff975f40000 - 0x00007ff975f66000 	C:\WINDOWS\SYSTEM32\bcrypt.dll
0x00007ff977bd0000 - 0x00007ff977bf0000 	C:\WINDOWS\System32\imagehlp.dll
0x00007ff950170000 - 0x00007ff950188000 	C:\WINDOWS\system32\napinsp.dll
0x00007ff950190000 - 0x00007ff9501a2000 	C:\WINDOWS\System32\winrnr.dll
0x00007ff9501b0000 - 0x00007ff9501e0000 	C:\WINDOWS\system32\nlansp_c.dll
0x00007ff96dcd0000 - 0x00007ff96dce6000 	C:\WINDOWS\system32\wshbth.dll
0x00007ff9249d0000 - 0x00007ff9276e0000 	C:\WINDOWS\System32\DriverStore\FileRepository\nvam.inf_amd64_f6465e9eefbbdae5\nvgpucomp64.dll
0x00007ff92bcc0000 - 0x00007ff92bf91000 	C:\WINDOWS\system32\nvspcap64.dll
0x00007ff973670000 - 0x00007ff9736a6000 	C:\WINDOWS\SYSTEM32\dwmapi.dll
0x00007ff9754a0000 - 0x00007ff975507000 	C:\WINDOWS\SYSTEM32\WINSTA.dll
0x00007ff96ef60000 - 0x00007ff96f1c9000 	C:\WINDOWS\SYSTEM32\dwrite.dll
0x00007ff9584d0000 - 0x00007ff95851e000 	C:\WINDOWS\SYSTEM32\pdh.dll

dbghelp: loaded successfully - version: 4.0.5 - missing functions: none
symbol engine: initialized successfully - sym options: 0x614 - pdb path: .;C:\Users\dbidy\.jdks\openjdk-23.0.2\bin;C:\WINDOWS\SYSTEM32;C:\Program Files\AVG\Antivirus;C:\WINDOWS\WinSxS\amd64_microsoft.windows.common-controls_6595b64144ccf1df_6.0.26100.3624_none_3e086962e3345f24;C:\Users\dbidy\.jdks\openjdk-23.0.2\bin\server;C:\Users\dbidy\AppData\Local\Temp\jwm_871214074474700;C:\Users\dbidy\AppData\Local\Temp\skija_0.116.4_x64;C:\WINDOWS\System32\DriverStore\FileRepository\nvam.inf_amd64_f6465e9eefbbdae5

VM Arguments:
jvm_args: -javaagent:C:\Program Files\JetBrains\IntelliJ IDEA 2024.3\lib\idea_rt.jar=52949 -Dfile.encoding=UTF-8 -Dsun.stdout.encoding=UTF-8 -Dsun.stderr.encoding=UTF-8 
java_command: ch.fhnw.team6.Main
java_class_path (initial): C:\school\ip2\wearAware\target\classes;C:\Users\dbidy\.m2\repository\com\google\code\gson\gson\2.10.1\gson-2.10.1.jar;C:\Users\dbidy\.m2\repository\io\github\humbleui\jwm\0.4.18\jwm-0.4.18.jar;C:\Users\dbidy\.m2\repository\io\github\humbleui\types\0.1.1\types-0.1.1.jar;C:\Users\dbidy\.m2\repository\io\github\humbleui\skija-windows-x64\0.116.4\skija-windows-x64-0.116.4.jar;C:\Users\dbidy\.m2\repository\io\github\humbleui\skija-shared\0.116.4\skija-shared-0.116.4.jar;C:\Users\dbidy\.m2\repository\io\github\humbleui\skija-macos-arm64\0.116.4\skija-macos-arm64-0.116.4.jar;C:\Users\dbidy\.m2\repository\io\github\humbleui\skija-macos-x64\0.116.4\skija-macos-x64-0.116.4.jar;C:\Users\dbidy\.m2\repository\io\github\humbleui\skija-linux-x64\0.116.4\skija-linux-x64-0.116.4.jar
Launcher Type: SUN_STANDARD

[Global flags]
     intx CICompilerCount                          = 4                                         {product} {ergonomic}
     uint ConcGCThreads                            = 3                                         {product} {ergonomic}
     uint G1ConcRefinementThreads                  = 10                                        {product} {ergonomic}
   size_t G1HeapRegionSize                         = 2097152                                   {product} {ergonomic}
   size_t InitialHeapSize                          = 260046848                                 {product} {ergonomic}
   size_t MarkStackSize                            = 4194304                                   {product} {ergonomic}
   size_t MarkStackSizeMax                         = 536870912                                 {product} {ergonomic}
   size_t MaxHeapSize                              = 4135583744                                {product} {ergonomic}
   size_t MaxNewSize                               = 2480930816                                {product} {ergonomic}
   size_t MinHeapDeltaBytes                        = 2097152                                   {product} {ergonomic}
   size_t MinHeapSize                              = 8388608                                   {product} {ergonomic}
    uintx NonNMethodCodeHeapSize                   = 5832704                                {pd product} {ergonomic}
    uintx NonProfiledCodeHeapSize                  = 122945536                              {pd product} {ergonomic}
    uintx ProfiledCodeHeapSize                     = 122880000                              {pd product} {ergonomic}
    uintx ReservedCodeCacheSize                    = 251658240                              {pd product} {ergonomic}
     bool SegmentedCodeCache                       = true                                      {product} {ergonomic}
   size_t SoftMaxHeapSize                          = 4135583744                             {manageable} {ergonomic}
     bool UseCompressedOops                        = true                           {product lp64_product} {ergonomic}
     bool UseG1GC                                  = true                                      {product} {ergonomic}
     bool UseLargePagesIndividualAllocation        = false                                  {pd product} {ergonomic}

Logging:
Log output configuration:
 #0: stdout all=warning uptime,level,tags foldmultilines=false
 #1: stderr all=off uptime,level,tags foldmultilines=false

Environment Variables:
PATH=C:\Program Files\Common Files\Oracle\Java\javapath;C:\Program Files (x86)\Common Files\Oracle\Java\javapath;C:\Users\dbidy\AppData\Local\Programs\Python\Python310\Scripts\;C:\Users\dbidy\AppData\Local\Programs\Python\Python310\;C:\Windows\system32;C:\Windows;C:\Windows\System32\Wbem;C:\Windows\System32\WindowsPowerShell\v1.0\;C:\Windows\System32\OpenSSH\;C:\Program Files (x86)\NVIDIA Corporation\PhysX\Common;C:\Program Files\NVIDIA Corporation\NVIDIA NvDLISR;C:\Program Files\nodejs\;C:\ProgramData\chocolatey\bin;C:\msys64\mingw64\bin;C:\WINDOWS\system32;C:\WINDOWS;C:\WINDOWS\System32\Wbem;C:\WINDOWS\System32\WindowsPowerShell\v1.0\;C:\WINDOWS\System32\OpenSSH\;C:\Program Files\Tailscale\;C:\Program Files (x86)\ZeroTier\One\;C:\Program Files\PuTTY\;C:\Program Files\Git\cmd;C:\Program Files\dotnet\;C:\Program Files\apache-maven-3.9.9\bin;C:\Users\dbidy\AppData\Local\Microsoft\WindowsApps;C:\Program Files\JetBrains\PyCharm 2022.1.3\bin;C:\Users\dbidy\AppData\Local\Programs\Microsoft VS Code\bin;C:\Users\dbidy\AppData\Roaming\npm;C:\Program Files\JetBrains\CLion 2022.2.2\bin;C:\Program Files\JetBrains\PyCharm Community Edition 2023.1.1\bin;C:\Program Files\JetBrains\IntelliJ IDEA 2024.3\bin;C:\Users\dbidy\AppData\Local\JetBrains\Toolbox\scripts;C:\Program Files\apache-maven-3.9.9\bin;
USERNAME=dbidy
OS=Windows_NT
PROCESSOR_IDENTIFIER=AMD64 Family 25 Model 80 Stepping 0, AuthenticAMD
TMP=C:\Users\dbidy\AppData\Local\Temp
TEMP=C:\Users\dbidy\AppData\Local\Temp




Periodic native trim disabled

---------------  S Y S T E M  ---------------

OS:
 Windows 11 , 64 bit Build 26100 (10.0.26100.3775)
OS uptime: 10 days 1:59 hours

CPU: total 12 (initial active 12) (12 cores per cpu, 2 threads per core) family 25 model 80 stepping 0 microcode 0xa50000c, cx8, cmov, fxsr, ht, mmx, 3dnowpref, sse, sse2, sse3, ssse3, sse4a, sse4.1, sse4.2, popcnt, lzcnt, tsc, tscinvbit, avx, avx2, aes, erms, clmul, bmi1, bmi2, adx, sha, fma, vzeroupper, clflush, clflushopt, rdtscp, rdpid, fsrm, f16c, pku, cet_ss
Processor Information for processor 0
  Max Mhz: 3301, Current Mhz: 1908, Mhz Limit: 3301
Processor Information for processor 1
  Max Mhz: 3301, Current Mhz: 1805, Mhz Limit: 3301
Processor Information for processor 2
  Max Mhz: 3301, Current Mhz: 1908, Mhz Limit: 3301
Processor Information for processor 3
  Max Mhz: 3301, Current Mhz: 1805, Mhz Limit: 3301
Processor Information for processor 4
  Max Mhz: 3301, Current Mhz: 1908, Mhz Limit: 3301
Processor Information for processor 5
  Max Mhz: 3301, Current Mhz: 1908, Mhz Limit: 3301
Processor Information for processor 6
  Max Mhz: 3301, Current Mhz: 1908, Mhz Limit: 3301
Processor Information for processor 7
  Max Mhz: 3301, Current Mhz: 1805, Mhz Limit: 3301
Processor Information for processor 8
  Max Mhz: 3301, Current Mhz: 1805, Mhz Limit: 3301
Processor Information for processor 9
  Max Mhz: 3301, Current Mhz: 1805, Mhz Limit: 3301
Processor Information for processor 10
  Max Mhz: 3301, Current Mhz: 1805, Mhz Limit: 3301
Processor Information for processor 11
  Max Mhz: 3301, Current Mhz: 1805, Mhz Limit: 3301

Memory: 4k page, system-wide physical 15775M (731M free)
TotalPageFile size 35810M (AvailPageFile size 4590M)
current process WorkingSet (physical memory assigned to process): 419M, peak: 419M
current process commit charge ("private bytes"): 721M, peak: 722M

vm_info: OpenJDK 64-Bit Server VM (23.0.2+7-58) for windows-amd64 JRE (23.0.2+7-58), built on 2024-11-29T09:34:55Z with MS VC++ 17.6 (VS2022)

END.
